2021-07-27 18:03:35.553 [background-preinit] "  " INFO  org.hibernate.validator.internal.util.Version - HV000001: Hibernate Validator 6.2.0.Final
2021-07-27 18:03:35.689 [restartedMain] "  " INFO  io.github.talelin.latticy.LatticyApplication - Starting LatticyApplication using Java 1.8.0_292 on 192.168.1.2 with PID 23650 (/Users/mac/Downloads/lin-cms-spring-boot-0.2.1-RELEASE/target/classes started by mac in /Users/mac/Downloads/lin-cms-spring-boot-0.2.1-RELEASE)
2021-07-27 18:03:35.691 [restartedMain] "  " INFO  io.github.talelin.latticy.LatticyApplication - The following profiles are active: dev
2021-07-27 18:03:35.947 [restartedMain] "  " INFO  o.s.b.d.env.DevToolsPropertyDefaultsPostProcessor - Devtools property defaults active! Set 'spring.devtools.add-properties' to 'false' to disable
2021-07-27 18:03:40.203 [restartedMain] "  " INFO  o.s.c.s.PostProcessorRegistrationDelegate$BeanPostProcessorChecker - Bean 'commonConfiguration' of type [io.github.talelin.latticy.common.configuration.CommonConfiguration] is not eligible for getting processed by all BeanPostProcessors (for example: not eligible for auto-proxying)
2021-07-27 18:03:41.034 [restartedMain] "  " INFO  o.s.boot.web.embedded.tomcat.TomcatWebServer - Tomcat initialized with port(s): 5000 (http)
2021-07-27 18:03:41.056 [restartedMain] "  " INFO  org.apache.coyote.http11.Http11NioProtocol - Initializing ProtocolHandler ["http-nio-5000"]
2021-07-27 18:03:41.058 [restartedMain] "  " INFO  org.apache.catalina.core.StandardService - Starting service [Tomcat]
2021-07-27 18:03:41.059 [restartedMain] "  " INFO  org.apache.catalina.core.StandardEngine - Starting Servlet engine: [Apache Tomcat/9.0.48]
2021-07-27 18:03:41.231 [restartedMain] "  " INFO  o.a.c.core.ContainerBase.[Tomcat].[localhost].[/] - Initializing Spring embedded WebApplicationContext
2021-07-27 18:03:41.233 [restartedMain] "  " INFO  o.s.b.w.s.c.ServletWebServerApplicationContext - Root WebApplicationContext: initialization completed in 5284 ms
2021-07-27 18:03:41.548 [restartedMain] "  " INFO  com.zaxxer.hikari.HikariDataSource - HikariPool-1 - Starting...
2021-07-27 18:03:41.988 [restartedMain] "  " INFO  com.zaxxer.hikari.HikariDataSource - HikariPool-1 - Start completed.
2021-07-27 18:03:42.004 [restartedMain] "  " INFO  o.s.b.autoconfigure.h2.H2ConsoleAutoConfiguration - H2 console available at '/h2-console'. Database available at 'jdbc:mysql://localhost:3306/sleeve?useSSL=false&serverTimezone=UTC&characterEncoding=UTF8'
2021-07-27 18:03:46.268 [restartedMain] "  " INFO  o.s.b.d.autoconfigure.OptionalLiveReloadServer - LiveReload server is running on port 35729
2021-07-27 18:03:46.355 [restartedMain] "  " INFO  org.apache.coyote.http11.Http11NioProtocol - Starting ProtocolHandler ["http-nio-5000"]
2021-07-27 18:03:46.417 [restartedMain] "  " INFO  o.s.boot.web.embedded.tomcat.TomcatWebServer - Tomcat started on port(s): 5000 (http) with context path ''
2021-07-27 18:03:46.920 [restartedMain] "  " INFO  io.github.talelin.latticy.LatticyApplication - Started LatticyApplication in 13.266 seconds (JVM running for 16.307)
2021-07-27 18:04:14.158 [http-nio-5000-exec-1] "  " INFO  o.a.c.core.ContainerBase.[Tomcat].[localhost].[/] - Initializing Spring DispatcherServlet 'dispatcherServlet'
2021-07-27 18:04:14.158 [http-nio-5000-exec-1] "  " INFO  org.springframework.web.servlet.DispatcherServlet - Initializing Servlet 'dispatcherServlet'
2021-07-27 18:04:14.164 [http-nio-5000-exec-1] "  " INFO  org.springframework.web.servlet.DispatcherServlet - Completed initialization in 6 ms
2021-07-27 18:04:14.396 [http-nio-5000-exec-1] "GET /v1/test/test1 HTTP/1.1" INFO  i.g.t.l.common.interceptor.RequestLogInterceptor - [GET] -> [/v1/test/test1] from: 0:0:0:0:0:0:0:1 costs: 198ms
2021-07-27 18:04:18.996 [http-nio-5000-exec-3] "GET /v1/test/test4 HTTP/1.1" INFO  i.g.t.l.common.interceptor.RequestLogInterceptor - [GET] -> [/v1/test/test4] from: 0:0:0:0:0:0:0:1 costs: 22ms
2021-07-27 18:09:28.967 [http-nio-5000-exec-6] "OPTIONS /cms/user/login HTTP/1.1" INFO  i.g.t.l.common.interceptor.RequestLogInterceptor - [OPTIONS] -> [/cms/user/login] from: 127.0.0.1 costs: 51ms
2021-07-27 18:09:31.087 [http-nio-5000-exec-7] "POST /cms/user/login HTTP/1.1" INFO  i.g.t.l.common.interceptor.RequestLogInterceptor - [POST] -> [/cms/user/login] from: 127.0.0.1 costs: 2087ms
2021-07-27 18:09:31.106 [http-nio-5000-exec-8] "OPTIONS /cms/user/permissions HTTP/1.1" INFO  i.g.t.l.common.interceptor.RequestLogInterceptor - [OPTIONS] -> [/cms/user/permissions] from: 127.0.0.1 costs: 1ms
2021-07-27 18:09:31.461 [http-nio-5000-exec-9] "GET /cms/user/permissions HTTP/1.1" INFO  i.g.t.l.common.interceptor.RequestLogInterceptor - [GET] -> [/cms/user/permissions] from: 127.0.0.1 costs: 282ms
2021-07-27 18:10:39.130 [http-nio-5000-exec-1] "OPTIONS /cms/log/users HTTP/1.1" INFO  i.g.t.l.common.interceptor.RequestLogInterceptor - [OPTIONS] -> [/cms/log/users] from: 127.0.0.1 costs: 1ms
2021-07-27 18:10:39.452 [http-nio-5000-exec-2] "GET /cms/log/users HTTP/1.1" INFO  i.g.t.l.common.interceptor.RequestLogInterceptor - [GET] -> [/cms/log/users] from: 127.0.0.1 costs: 285ms
2021-07-27 18:10:39.479 [http-nio-5000-exec-3] "OPTIONS /cms/log HTTP/1.1" INFO  i.g.t.l.common.interceptor.RequestLogInterceptor - [OPTIONS] -> [/cms/log] from: 127.0.0.1 costs: 0ms
2021-07-27 18:10:39.550 [http-nio-5000-exec-4] "GET /cms/log HTTP/1.1" INFO  i.g.t.l.common.interceptor.RequestLogInterceptor - [GET] -> [/cms/log] from: 127.0.0.1 costs: 31ms
2021-07-27 18:23:18.160 [http-nio-5000-exec-6] "GET /v1/test/test1 HTTP/1.1" INFO  i.g.t.l.common.interceptor.RequestLogInterceptor - [GET] -> [/v1/test/test1] from: 0:0:0:0:0:0:0:1 costs: 69ms
2021-07-27 18:25:25.699 [http-nio-5000-exec-9] "GET /v1/test/test1 HTTP/1.1" INFO  i.g.t.l.common.interceptor.RequestLogInterceptor - [GET] -> [/v1/test/test1] from: 0:0:0:0:0:0:0:1 costs: 13ms
2021-07-27 18:25:27.741 [Thread-28] "  " INFO  com.zaxxer.hikari.HikariDataSource - HikariPool-1 - Shutdown initiated...
2021-07-27 18:25:27.768 [Thread-28] "  " INFO  com.zaxxer.hikari.HikariDataSource - HikariPool-1 - Shutdown completed.
2021-07-27 18:25:28.484 [restartedMain] "  " INFO  io.github.talelin.latticy.LatticyApplication - Starting LatticyApplication using Java 1.8.0_292 on 192.168.1.2 with PID 23650 (/Users/mac/Downloads/lin-cms-spring-boot-0.2.1-RELEASE/target/classes started by mac in /Users/mac/Downloads/lin-cms-spring-boot-0.2.1-RELEASE)
2021-07-27 18:25:28.485 [restartedMain] "  " INFO  io.github.talelin.latticy.LatticyApplication - The following profiles are active: dev
2021-07-27 18:25:29.327 [restartedMain] "  " INFO  o.s.c.s.PostProcessorRegistrationDelegate$BeanPostProcessorChecker - Bean 'commonConfiguration' of type [io.github.talelin.latticy.common.configuration.CommonConfiguration] is not eligible for getting processed by all BeanPostProcessors (for example: not eligible for auto-proxying)
2021-07-27 18:25:29.521 [restartedMain] "  " INFO  o.s.boot.web.embedded.tomcat.TomcatWebServer - Tomcat initialized with port(s): 5000 (http)
2021-07-27 18:25:29.523 [restartedMain] "  " INFO  org.apache.coyote.http11.Http11NioProtocol - Initializing ProtocolHandler ["http-nio-5000"]
2021-07-27 18:25:29.524 [restartedMain] "  " INFO  org.apache.catalina.core.StandardService - Starting service [Tomcat]
2021-07-27 18:25:29.525 [restartedMain] "  " INFO  org.apache.catalina.core.StandardEngine - Starting Servlet engine: [Apache Tomcat/9.0.48]
2021-07-27 18:25:29.577 [restartedMain] "  " INFO  o.a.c.core.ContainerBase.[Tomcat].[localhost].[/] - Initializing Spring embedded WebApplicationContext
2021-07-27 18:25:29.578 [restartedMain] "  " INFO  o.s.b.w.s.c.ServletWebServerApplicationContext - Root WebApplicationContext: initialization completed in 1084 ms
2021-07-27 18:25:29.768 [restartedMain] "  " INFO  com.zaxxer.hikari.HikariDataSource - HikariPool-2 - Starting...
2021-07-27 18:25:29.855 [restartedMain] "  " INFO  com.zaxxer.hikari.HikariDataSource - HikariPool-2 - Start completed.
2021-07-27 18:25:29.856 [restartedMain] "  " INFO  o.s.b.autoconfigure.h2.H2ConsoleAutoConfiguration - H2 console available at '/h2-console'. Database available at 'jdbc:mysql://localhost:3306/sleeve?useSSL=false&serverTimezone=UTC&characterEncoding=UTF8'
2021-07-27 18:25:35.821 [restartedMain] "  " INFO  o.s.b.d.autoconfigure.OptionalLiveReloadServer - LiveReload server is running on port 35729
2021-07-27 18:25:35.992 [restartedMain] "  " INFO  org.apache.coyote.http11.Http11NioProtocol - Starting ProtocolHandler ["http-nio-5000"]
2021-07-27 18:25:36.002 [restartedMain] "  " INFO  o.s.boot.web.embedded.tomcat.TomcatWebServer - Tomcat started on port(s): 5000 (http) with context path ''
2021-07-27 18:25:36.218 [restartedMain] "  " INFO  io.github.talelin.latticy.LatticyApplication - Started LatticyApplication in 7.913 seconds (JVM running for 1325.598)
2021-07-27 18:25:36.223 [restartedMain] "  " INFO  o.s.b.d.a.ConditionEvaluationDeltaLoggingListener - Condition evaluation unchanged
2021-07-27 18:25:40.402 [Thread-36] "  " INFO  com.zaxxer.hikari.HikariDataSource - HikariPool-2 - Shutdown initiated...
2021-07-27 18:25:40.407 [Thread-36] "  " INFO  com.zaxxer.hikari.HikariDataSource - HikariPool-2 - Shutdown completed.
2021-07-27 18:25:40.930 [restartedMain] "  " INFO  io.github.talelin.latticy.LatticyApplication - Starting LatticyApplication using Java 1.8.0_292 on 192.168.1.2 with PID 23650 (/Users/mac/Downloads/lin-cms-spring-boot-0.2.1-RELEASE/target/classes started by mac in /Users/mac/Downloads/lin-cms-spring-boot-0.2.1-RELEASE)
2021-07-27 18:25:40.931 [restartedMain] "  " INFO  io.github.talelin.latticy.LatticyApplication - The following profiles are active: dev
2021-07-27 18:25:41.720 [restartedMain] "  " INFO  o.s.c.s.PostProcessorRegistrationDelegate$BeanPostProcessorChecker - Bean 'commonConfiguration' of type [io.github.talelin.latticy.common.configuration.CommonConfiguration] is not eligible for getting processed by all BeanPostProcessors (for example: not eligible for auto-proxying)
2021-07-27 18:25:41.879 [restartedMain] "  " INFO  o.s.boot.web.embedded.tomcat.TomcatWebServer - Tomcat initialized with port(s): 5000 (http)
2021-07-27 18:25:41.881 [restartedMain] "  " INFO  org.apache.coyote.http11.Http11NioProtocol - Initializing ProtocolHandler ["http-nio-5000"]
2021-07-27 18:25:41.881 [restartedMain] "  " INFO  org.apache.catalina.core.StandardService - Starting service [Tomcat]
2021-07-27 18:25:41.882 [restartedMain] "  " INFO  org.apache.catalina.core.StandardEngine - Starting Servlet engine: [Apache Tomcat/9.0.48]
2021-07-27 18:25:41.904 [restartedMain] "  " INFO  o.a.c.core.ContainerBase.[Tomcat].[localhost].[/] - Initializing Spring embedded WebApplicationContext
2021-07-27 18:25:41.904 [restartedMain] "  " INFO  o.s.b.w.s.c.ServletWebServerApplicationContext - Root WebApplicationContext: initialization completed in 960 ms
2021-07-27 18:25:41.968 [restartedMain] "  " INFO  com.zaxxer.hikari.HikariDataSource - HikariPool-3 - Starting...
2021-07-27 18:25:41.988 [restartedMain] "  " INFO  com.zaxxer.hikari.HikariDataSource - HikariPool-3 - Start completed.
2021-07-27 18:25:41.988 [restartedMain] "  " INFO  o.s.b.autoconfigure.h2.H2ConsoleAutoConfiguration - H2 console available at '/h2-console'. Database available at 'jdbc:mysql://localhost:3306/sleeve?useSSL=false&serverTimezone=UTC&characterEncoding=UTF8'
2021-07-27 18:25:44.890 [restartedMain] "  " INFO  o.s.b.d.autoconfigure.OptionalLiveReloadServer - LiveReload server is running on port 35729
2021-07-27 18:25:44.964 [restartedMain] "  " INFO  org.apache.coyote.http11.Http11NioProtocol - Starting ProtocolHandler ["http-nio-5000"]
2021-07-27 18:25:44.970 [restartedMain] "  " INFO  o.s.boot.web.embedded.tomcat.TomcatWebServer - Tomcat started on port(s): 5000 (http) with context path ''
2021-07-27 18:25:45.077 [restartedMain] "  " INFO  io.github.talelin.latticy.LatticyApplication - Started LatticyApplication in 4.325 seconds (JVM running for 1334.458)
2021-07-27 18:25:45.082 [restartedMain] "  " INFO  o.s.b.d.a.ConditionEvaluationDeltaLoggingListener - Condition evaluation unchanged
