2021-08-06 17:41:44.895 [http-nio-5000-exec-7] "OPTIONS /cms/user/login HTTP/1.1" DEBUG org.springframework.web.servlet.DispatcherServlet - OPTIONS "/cms/user/login", parameters={}
2021-08-06 17:41:44.899 [http-nio-5000-exec-7] "OPTIONS /cms/user/login HTTP/1.1" DEBUG o.s.w.s.m.m.a.RequestMappingHandlerMapping - Mapped to io.github.talelin.latticy.controller.cms.UserController#login(LoginDTO)
2021-08-06 17:41:44.901 [http-nio-5000-exec-7] "OPTIONS /cms/user/login HTTP/1.1" DEBUG org.springframework.web.servlet.DispatcherServlet - Completed 200 OK
2021-08-06 17:41:44.906 [http-nio-5000-exec-4] "POST /cms/user/login HTTP/1.1" DEBUG org.springframework.web.servlet.DispatcherServlet - POST "/cms/user/login", parameters={}
2021-08-06 17:41:44.906 [http-nio-5000-exec-4] "POST /cms/user/login HTTP/1.1" DEBUG o.s.w.s.m.m.a.RequestMappingHandlerMapping - Mapped to io.github.talelin.latticy.controller.cms.UserController#login(LoginDTO)
2021-08-06 17:41:44.910 [http-nio-5000-exec-4] "POST /cms/user/login HTTP/1.1" DEBUG o.s.w.s.m.m.a.RequestResponseBodyMethodProcessor - Read "application/json;charset=UTF-8" to [LoginDTO(username=root, password=123456)]
2021-08-06 17:41:44.923 [http-nio-5000-exec-4] "POST /cms/user/login HTTP/1.1" DEBUG i.g.talelin.latticy.mapper.UserMapper.selectOne - ==>  Preparing: SELECT id,username,nickname,avatar,email,create_time,update_time,delete_time FROM lin_user WHERE delete_time IS NULL AND (username = ?)
2021-08-06 17:41:44.924 [http-nio-5000-exec-4] "POST /cms/user/login HTTP/1.1" DEBUG i.g.talelin.latticy.mapper.UserMapper.selectOne - ==> Parameters: root(String)
2021-08-06 17:41:44.929 [http-nio-5000-exec-4] "POST /cms/user/login HTTP/1.1" DEBUG i.g.talelin.latticy.mapper.UserMapper.selectOne - <==      Total: 1
2021-08-06 17:41:44.931 [http-nio-5000-exec-4] "POST /cms/user/login HTTP/1.1" DEBUG i.g.t.latticy.mapper.UserIdentityMapper.selectOne - ==>  Preparing: SELECT id,user_id,identity_type,identifier,credential,create_time,update_time,delete_time FROM lin_user_identity WHERE delete_time IS NULL AND (user_id = ? AND identity_type = ? AND identifier = ?)
2021-08-06 17:41:44.931 [http-nio-5000-exec-4] "POST /cms/user/login HTTP/1.1" DEBUG i.g.t.latticy.mapper.UserIdentityMapper.selectOne - ==> Parameters: 1(Integer), USERNAME_PASSWORD(String), root(String)
2021-08-06 17:41:44.932 [http-nio-5000-exec-4] "POST /cms/user/login HTTP/1.1" DEBUG i.g.t.latticy.mapper.UserIdentityMapper.selectOne - <==      Total: 1
2021-08-06 17:41:45.236 [http-nio-5000-exec-4] "POST /cms/user/login HTTP/1.1" DEBUG o.s.w.s.m.m.a.RequestResponseBodyMethodProcessor - Using 'application/json', given [application/json, text/plain, */*] and supported [application/json, application/*+json, application/json, application/*+json]
2021-08-06 17:41:45.236 [http-nio-5000-exec-4] "POST /cms/user/login HTTP/1.1" DEBUG o.s.w.s.m.m.a.RequestResponseBodyMethodProcessor - Writing [Tokens{accessToken='eyJ0eXAiOiJKV1QiLCJhbGciOiJIUzI1NiJ9.eyJpZGVudGl0eSI6MSwic2NvcGUiOiJsaW4iLCJ0eXB (truncated)...]
2021-08-06 17:41:45.238 [http-nio-5000-exec-4] "POST /cms/user/login HTTP/1.1" DEBUG org.springframework.web.servlet.DispatcherServlet - Completed 200 OK
2021-08-06 17:41:45.243 [http-nio-5000-exec-6] "OPTIONS /cms/user/permissions HTTP/1.1" DEBUG org.springframework.web.servlet.DispatcherServlet - OPTIONS "/cms/user/permissions", parameters={}
2021-08-06 17:41:45.244 [http-nio-5000-exec-6] "OPTIONS /cms/user/permissions HTTP/1.1" DEBUG o.s.w.s.m.m.a.RequestMappingHandlerMapping - Mapped to io.github.talelin.latticy.controller.cms.UserController#getPermissions()
2021-08-06 17:41:45.244 [http-nio-5000-exec-6] "OPTIONS /cms/user/permissions HTTP/1.1" DEBUG org.springframework.web.servlet.DispatcherServlet - Completed 200 OK
2021-08-06 17:41:45.246 [http-nio-5000-exec-10] "GET /cms/user/permissions HTTP/1.1" DEBUG org.springframework.web.servlet.DispatcherServlet - GET "/cms/user/permissions", parameters={}
2021-08-06 17:41:45.246 [http-nio-5000-exec-10] "GET /cms/user/permissions HTTP/1.1" DEBUG o.s.w.s.m.m.a.RequestMappingHandlerMapping - Mapped to io.github.talelin.latticy.controller.cms.UserController#getPermissions()
2021-08-06 17:41:45.248 [http-nio-5000-exec-10] "GET /cms/user/permissions HTTP/1.1" DEBUG i.g.talelin.latticy.mapper.UserMapper.selectById - ==>  Preparing: SELECT id,username,nickname,avatar,email,create_time,update_time,delete_time FROM lin_user WHERE id=? AND delete_time IS NULL
2021-08-06 17:41:45.248 [http-nio-5000-exec-10] "GET /cms/user/permissions HTTP/1.1" DEBUG i.g.talelin.latticy.mapper.UserMapper.selectById - ==> Parameters: 1(Integer)
2021-08-06 17:41:45.250 [http-nio-5000-exec-10] "GET /cms/user/permissions HTTP/1.1" DEBUG i.g.talelin.latticy.mapper.UserMapper.selectById - <==      Total: 1
2021-08-06 17:41:45.252 [http-nio-5000-exec-10] "GET /cms/user/permissions HTTP/1.1" DEBUG i.g.talelin.latticy.mapper.GroupMapper.selectOne - ==>  Preparing: SELECT id,name,info,`level`,create_time,update_time,delete_time FROM lin_group WHERE delete_time IS NULL AND (`level` = ?)
2021-08-06 17:41:45.252 [http-nio-5000-exec-10] "GET /cms/user/permissions HTTP/1.1" DEBUG i.g.talelin.latticy.mapper.GroupMapper.selectOne - ==> Parameters: 1(Integer)
2021-08-06 17:41:45.255 [http-nio-5000-exec-10] "GET /cms/user/permissions HTTP/1.1" DEBUG i.g.talelin.latticy.mapper.GroupMapper.selectOne - <==      Total: 1
2021-08-06 17:41:45.257 [http-nio-5000-exec-10] "GET /cms/user/permissions HTTP/1.1" DEBUG i.g.t.latticy.mapper.UserGroupMapper.selectOne - ==>  Preparing: SELECT id,user_id,group_id FROM lin_user_group WHERE (user_id = ? AND group_id = ?)
2021-08-06 17:41:45.257 [http-nio-5000-exec-10] "GET /cms/user/permissions HTTP/1.1" DEBUG i.g.t.latticy.mapper.UserGroupMapper.selectOne - ==> Parameters: 1(Integer), 1(Integer)
2021-08-06 17:41:45.259 [http-nio-5000-exec-10] "GET /cms/user/permissions HTTP/1.1" DEBUG i.g.t.latticy.mapper.UserGroupMapper.selectOne - <==      Total: 1
2021-08-06 17:41:45.259 [http-nio-5000-exec-10] "GET /cms/user/permissions HTTP/1.1" DEBUG i.g.t.l.mapper.GroupMapper.selectUserGroupIds - ==>  Preparing: SELECT g.id from lin_group AS g WHERE g.delete_time IS NULL AND g.id IN ( SELECT ug.group_id FROM lin_user AS u LEFT JOIN lin_user_group as ug ON ug.user_id = u.id WHERE u.id = ? AND u.delete_time IS NULL )
2021-08-06 17:41:45.259 [http-nio-5000-exec-10] "GET /cms/user/permissions HTTP/1.1" DEBUG i.g.t.l.mapper.GroupMapper.selectUserGroupIds - ==> Parameters: 1(Integer)
2021-08-06 17:41:45.260 [http-nio-5000-exec-10] "GET /cms/user/permissions HTTP/1.1" DEBUG i.g.t.l.mapper.GroupMapper.selectUserGroupIds - <==      Total: 1
2021-08-06 17:41:45.261 [http-nio-5000-exec-10] "GET /cms/user/permissions HTTP/1.1" DEBUG i.g.t.l.m.P.selectPermissionsByGroupIds - ==>  Preparing: SELECT p.id, p.name, p.module, p.mount, p.create_time, p.update_time, p.delete_time FROM lin_permission AS p WHERE p.delete_time IS NULL AND p.mount = true AND p.id IN ( SELECT gp.permission_id FROM lin_group_permission AS gp WHERE gp.group_id IN ( ? ) )
2021-08-06 17:41:45.261 [http-nio-5000-exec-10] "GET /cms/user/permissions HTTP/1.1" DEBUG i.g.t.l.m.P.selectPermissionsByGroupIds - ==> Parameters: 1(Integer)
2021-08-06 17:41:45.264 [http-nio-5000-exec-10] "GET /cms/user/permissions HTTP/1.1" DEBUG i.g.t.l.m.P.selectPermissionsByGroupIds - <==      Total: 0
2021-08-06 17:41:45.265 [http-nio-5000-exec-10] "GET /cms/user/permissions HTTP/1.1" DEBUG o.s.w.s.m.m.a.RequestResponseBodyMethodProcessor - Using 'application/json', given [application/json, text/plain, */*] and supported [application/json, application/*+json, application/json, application/*+json]
2021-08-06 17:41:45.265 [http-nio-5000-exec-10] "GET /cms/user/permissions HTTP/1.1" DEBUG o.s.w.s.m.m.a.RequestResponseBodyMethodProcessor - Writing [UserPermissionVO(id=1, nickname=root, avatar=null, admin=true, email=null, permissions=[])]
2021-08-06 17:41:45.267 [http-nio-5000-exec-10] "GET /cms/user/permissions HTTP/1.1" DEBUG org.springframework.web.servlet.DispatcherServlet - Completed 200 OK
2021-08-06 17:46:53.179 [http-nio-5000-exec-3] "OPTIONS /v1/spu/page HTTP/1.1" DEBUG org.springframework.web.servlet.DispatcherServlet - OPTIONS "/v1/spu/page?page=0&count=10", parameters={masked}
2021-08-06 17:46:53.182 [http-nio-5000-exec-3] "OPTIONS /v1/spu/page HTTP/1.1" DEBUG o.s.w.s.m.m.a.RequestMappingHandlerMapping - Mapped to io.github.talelin.latticy.controller.v1.SpuController#page(Integer, Integer)
2021-08-06 17:46:53.185 [http-nio-5000-exec-3] "OPTIONS /v1/spu/page HTTP/1.1" DEBUG org.springframework.web.servlet.DispatcherServlet - Completed 200 OK
2021-08-06 17:46:53.189 [http-nio-5000-exec-5] "GET /v1/spu/page HTTP/1.1" DEBUG org.springframework.web.servlet.DispatcherServlet - GET "/v1/spu/page?page=0&count=10", parameters={masked}
2021-08-06 17:46:53.189 [http-nio-5000-exec-5] "GET /v1/spu/page HTTP/1.1" DEBUG o.s.w.s.m.m.a.RequestMappingHandlerMapping - Mapped to io.github.talelin.latticy.controller.v1.SpuController#page(Integer, Integer)
2021-08-06 17:46:53.195 [http-nio-5000-exec-5] "GET /v1/spu/page HTTP/1.1" DEBUG i.g.talelin.latticy.mapper.UserMapper.selectById - ==>  Preparing: SELECT id,username,nickname,avatar,email,create_time,update_time,delete_time FROM lin_user WHERE id=? AND delete_time IS NULL
2021-08-06 17:46:53.196 [http-nio-5000-exec-5] "GET /v1/spu/page HTTP/1.1" DEBUG i.g.talelin.latticy.mapper.UserMapper.selectById - ==> Parameters: 1(Integer)
2021-08-06 17:46:53.202 [http-nio-5000-exec-5] "GET /v1/spu/page HTTP/1.1" DEBUG i.g.talelin.latticy.mapper.UserMapper.selectById - <==      Total: 1
2021-08-06 17:46:53.212 [http-nio-5000-exec-5] "GET /v1/spu/page HTTP/1.1" DEBUG i.g.t.latticy.mapper.SpuMapper.selectPage_mpCount - ==>  Preparing: SELECT COUNT(*) FROM spu WHERE delete_time IS NULL
2021-08-06 17:46:53.212 [http-nio-5000-exec-5] "GET /v1/spu/page HTTP/1.1" DEBUG i.g.t.latticy.mapper.SpuMapper.selectPage_mpCount - ==> Parameters: 
2021-08-06 17:46:53.216 [http-nio-5000-exec-5] "GET /v1/spu/page HTTP/1.1" DEBUG i.g.t.latticy.mapper.SpuMapper.selectPage_mpCount - <==      Total: 1
2021-08-06 17:46:53.217 [http-nio-5000-exec-5] "GET /v1/spu/page HTTP/1.1" DEBUG i.g.talelin.latticy.mapper.SpuMapper.selectPage - ==>  Preparing: SELECT id,create_time,update_time,delete_time,title,subtitle,category_id,root_category_id,online,price,sketch_spec_id,default_sku_id,img,discount_price,description,tags,is_test,spu_theme_img,for_theme_img FROM spu WHERE delete_time IS NULL LIMIT ?
2021-08-06 17:46:53.217 [http-nio-5000-exec-5] "GET /v1/spu/page HTTP/1.1" DEBUG i.g.talelin.latticy.mapper.SpuMapper.selectPage - ==> Parameters: 10(Long)
2021-08-06 17:46:53.219 [http-nio-5000-exec-5] "GET /v1/spu/page HTTP/1.1" DEBUG i.g.talelin.latticy.mapper.SpuMapper.selectPage - <==      Total: 10
2021-08-06 17:46:53.221 [http-nio-5000-exec-5] "GET /v1/spu/page HTTP/1.1" DEBUG o.s.w.s.m.m.a.RequestResponseBodyMethodProcessor - Using 'application/json', given [application/json, text/plain, */*] and supported [application/json, application/*+json, application/json, application/*+json]
2021-08-06 17:46:53.221 [http-nio-5000-exec-5] "GET /v1/spu/page HTTP/1.1" DEBUG o.s.w.s.m.m.a.RequestResponseBodyMethodProcessor - Writing [PageResponseVO(total=20, items=[SpuDO(id=1, createTime=Sun Jul 28 03:24:17 CST 2019, updateTime=Fri  (truncated)...]
2021-08-06 17:46:53.223 [http-nio-5000-exec-5] "GET /v1/spu/page HTTP/1.1" DEBUG org.springframework.web.servlet.DispatcherServlet - Completed 200 OK
2021-08-06 17:47:02.093 [http-nio-5000-exec-2] "GET /v1/spu/page HTTP/1.1" DEBUG org.springframework.web.servlet.DispatcherServlet - GET "/v1/spu/page?page=0&count=10", parameters={masked}
2021-08-06 17:47:02.093 [http-nio-5000-exec-2] "GET /v1/spu/page HTTP/1.1" DEBUG o.s.w.s.m.m.a.RequestMappingHandlerMapping - Mapped to io.github.talelin.latticy.controller.v1.SpuController#page(Integer, Integer)
2021-08-06 17:47:02.094 [http-nio-5000-exec-2] "GET /v1/spu/page HTTP/1.1" DEBUG i.g.talelin.latticy.mapper.UserMapper.selectById - ==>  Preparing: SELECT id,username,nickname,avatar,email,create_time,update_time,delete_time FROM lin_user WHERE id=? AND delete_time IS NULL
2021-08-06 17:47:02.095 [http-nio-5000-exec-2] "GET /v1/spu/page HTTP/1.1" DEBUG i.g.talelin.latticy.mapper.UserMapper.selectById - ==> Parameters: 1(Integer)
2021-08-06 17:47:02.095 [http-nio-5000-exec-2] "GET /v1/spu/page HTTP/1.1" DEBUG i.g.talelin.latticy.mapper.UserMapper.selectById - <==      Total: 1
2021-08-06 17:47:02.097 [http-nio-5000-exec-2] "GET /v1/spu/page HTTP/1.1" DEBUG i.g.t.latticy.mapper.SpuMapper.selectPage_mpCount - ==>  Preparing: SELECT COUNT(*) FROM spu WHERE delete_time IS NULL
2021-08-06 17:47:02.098 [http-nio-5000-exec-2] "GET /v1/spu/page HTTP/1.1" DEBUG i.g.t.latticy.mapper.SpuMapper.selectPage_mpCount - ==> Parameters: 
2021-08-06 17:47:02.098 [http-nio-5000-exec-2] "GET /v1/spu/page HTTP/1.1" DEBUG i.g.t.latticy.mapper.SpuMapper.selectPage_mpCount - <==      Total: 1
2021-08-06 17:47:02.099 [http-nio-5000-exec-2] "GET /v1/spu/page HTTP/1.1" DEBUG i.g.talelin.latticy.mapper.SpuMapper.selectPage - ==>  Preparing: SELECT id,create_time,update_time,delete_time,title,subtitle,category_id,root_category_id,online,price,sketch_spec_id,default_sku_id,img,discount_price,description,tags,is_test,spu_theme_img,for_theme_img FROM spu WHERE delete_time IS NULL LIMIT ?
2021-08-06 17:47:02.099 [http-nio-5000-exec-2] "GET /v1/spu/page HTTP/1.1" DEBUG i.g.talelin.latticy.mapper.SpuMapper.selectPage - ==> Parameters: 10(Long)
2021-08-06 17:47:02.107 [http-nio-5000-exec-2] "GET /v1/spu/page HTTP/1.1" DEBUG i.g.talelin.latticy.mapper.SpuMapper.selectPage - <==      Total: 10
2021-08-06 17:47:02.108 [http-nio-5000-exec-2] "GET /v1/spu/page HTTP/1.1" DEBUG o.s.w.s.m.m.a.RequestResponseBodyMethodProcessor - Using 'application/json', given [application/json, text/plain, */*] and supported [application/json, application/*+json, application/json, application/*+json]
2021-08-06 17:47:02.109 [http-nio-5000-exec-2] "GET /v1/spu/page HTTP/1.1" DEBUG o.s.w.s.m.m.a.RequestResponseBodyMethodProcessor - Writing [PageResponseVO(total=20, items=[SpuDO(id=1, createTime=Sun Jul 28 03:24:17 CST 2019, updateTime=Fri  (truncated)...]
2021-08-06 17:47:02.110 [http-nio-5000-exec-2] "GET /v1/spu/page HTTP/1.1" DEBUG org.springframework.web.servlet.DispatcherServlet - Completed 200 OK
2021-08-06 17:54:53.848 [http-nio-5000-exec-8] "GET /v1/spu/page HTTP/1.1" DEBUG org.springframework.web.servlet.DispatcherServlet - GET "/v1/spu/page?page=0&count=10", parameters={masked}
2021-08-06 17:54:53.848 [http-nio-5000-exec-8] "GET /v1/spu/page HTTP/1.1" DEBUG o.s.w.s.m.m.a.RequestMappingHandlerMapping - Mapped to io.github.talelin.latticy.controller.v1.SpuController#page(Integer, Integer)
2021-08-06 17:54:53.849 [http-nio-5000-exec-8] "GET /v1/spu/page HTTP/1.1" DEBUG i.g.talelin.latticy.mapper.UserMapper.selectById - ==>  Preparing: SELECT id,username,nickname,avatar,email,create_time,update_time,delete_time FROM lin_user WHERE id=? AND delete_time IS NULL
2021-08-06 17:54:53.849 [http-nio-5000-exec-8] "GET /v1/spu/page HTTP/1.1" DEBUG i.g.talelin.latticy.mapper.UserMapper.selectById - ==> Parameters: 1(Integer)
2021-08-06 17:54:53.850 [http-nio-5000-exec-8] "GET /v1/spu/page HTTP/1.1" DEBUG i.g.talelin.latticy.mapper.UserMapper.selectById - <==      Total: 1
2021-08-06 17:54:53.852 [http-nio-5000-exec-8] "GET /v1/spu/page HTTP/1.1" DEBUG i.g.t.latticy.mapper.SpuMapper.selectPage_mpCount - ==>  Preparing: SELECT COUNT(*) FROM spu WHERE delete_time IS NULL
2021-08-06 17:54:53.852 [http-nio-5000-exec-8] "GET /v1/spu/page HTTP/1.1" DEBUG i.g.t.latticy.mapper.SpuMapper.selectPage_mpCount - ==> Parameters: 
2021-08-06 17:54:53.853 [http-nio-5000-exec-8] "GET /v1/spu/page HTTP/1.1" DEBUG i.g.t.latticy.mapper.SpuMapper.selectPage_mpCount - <==      Total: 1
2021-08-06 17:54:53.854 [http-nio-5000-exec-8] "GET /v1/spu/page HTTP/1.1" DEBUG i.g.talelin.latticy.mapper.SpuMapper.selectPage - ==>  Preparing: SELECT id,create_time,update_time,delete_time,title,subtitle,category_id,root_category_id,online,price,sketch_spec_id,default_sku_id,img,discount_price,description,tags,is_test,spu_theme_img,for_theme_img FROM spu WHERE delete_time IS NULL LIMIT ?
2021-08-06 17:54:53.854 [http-nio-5000-exec-8] "GET /v1/spu/page HTTP/1.1" DEBUG i.g.talelin.latticy.mapper.SpuMapper.selectPage - ==> Parameters: 10(Long)
2021-08-06 17:54:53.856 [http-nio-5000-exec-8] "GET /v1/spu/page HTTP/1.1" DEBUG i.g.talelin.latticy.mapper.SpuMapper.selectPage - <==      Total: 10
2021-08-06 17:54:53.857 [http-nio-5000-exec-8] "GET /v1/spu/page HTTP/1.1" DEBUG o.s.w.s.m.m.a.RequestResponseBodyMethodProcessor - Using 'application/json', given [application/json, text/plain, */*] and supported [application/json, application/*+json, application/json, application/*+json]
2021-08-06 17:54:53.857 [http-nio-5000-exec-8] "GET /v1/spu/page HTTP/1.1" DEBUG o.s.w.s.m.m.a.RequestResponseBodyMethodProcessor - Writing [PageResponseVO(total=20, items=[SpuDO(id=1, createTime=Sun Jul 28 03:24:17 CST 2019, updateTime=Fri  (truncated)...]
2021-08-06 17:54:53.859 [http-nio-5000-exec-8] "GET /v1/spu/page HTTP/1.1" DEBUG org.springframework.web.servlet.DispatcherServlet - Completed 200 OK
2021-08-06 17:55:01.863 [http-nio-5000-exec-7] "OPTIONS /v1/sku/page HTTP/1.1" DEBUG org.springframework.web.servlet.DispatcherServlet - OPTIONS "/v1/sku/page?page=0&count=10", parameters={masked}
2021-08-06 17:55:01.864 [http-nio-5000-exec-7] "OPTIONS /v1/sku/page HTTP/1.1" DEBUG o.s.w.s.m.m.a.RequestMappingHandlerMapping - Mapped to io.github.talelin.latticy.controller.v1.SkuController#page(Integer, Integer)
2021-08-06 17:55:01.864 [http-nio-5000-exec-7] "OPTIONS /v1/sku/page HTTP/1.1" DEBUG org.springframework.web.servlet.DispatcherServlet - Completed 200 OK
2021-08-06 17:55:01.867 [http-nio-5000-exec-4] "GET /v1/sku/page HTTP/1.1" DEBUG org.springframework.web.servlet.DispatcherServlet - GET "/v1/sku/page?page=0&count=10", parameters={masked}
2021-08-06 17:55:01.868 [http-nio-5000-exec-4] "GET /v1/sku/page HTTP/1.1" DEBUG o.s.w.s.m.m.a.RequestMappingHandlerMapping - Mapped to io.github.talelin.latticy.controller.v1.SkuController#page(Integer, Integer)
2021-08-06 17:55:01.869 [http-nio-5000-exec-4] "GET /v1/sku/page HTTP/1.1" DEBUG i.g.talelin.latticy.mapper.UserMapper.selectById - ==>  Preparing: SELECT id,username,nickname,avatar,email,create_time,update_time,delete_time FROM lin_user WHERE id=? AND delete_time IS NULL
2021-08-06 17:55:01.869 [http-nio-5000-exec-4] "GET /v1/sku/page HTTP/1.1" DEBUG i.g.talelin.latticy.mapper.UserMapper.selectById - ==> Parameters: 1(Integer)
2021-08-06 17:55:01.871 [http-nio-5000-exec-4] "GET /v1/sku/page HTTP/1.1" DEBUG i.g.talelin.latticy.mapper.UserMapper.selectById - <==      Total: 1
2021-08-06 17:55:01.875 [http-nio-5000-exec-4] "GET /v1/sku/page HTTP/1.1" DEBUG i.g.t.latticy.mapper.SkuMapper.selectPage_mpCount - ==>  Preparing: SELECT COUNT(*) FROM sku WHERE delete_time IS NULL
2021-08-06 17:55:01.875 [http-nio-5000-exec-4] "GET /v1/sku/page HTTP/1.1" DEBUG i.g.t.latticy.mapper.SkuMapper.selectPage_mpCount - ==> Parameters: 
2021-08-06 17:55:01.881 [http-nio-5000-exec-4] "GET /v1/sku/page HTTP/1.1" DEBUG i.g.t.latticy.mapper.SkuMapper.selectPage_mpCount - <==      Total: 1
2021-08-06 17:55:01.882 [http-nio-5000-exec-4] "GET /v1/sku/page HTTP/1.1" DEBUG i.g.talelin.latticy.mapper.SkuMapper.selectPage - ==>  Preparing: SELECT id,create_time,update_time,delete_time,price,discount_price,online,img,title,spu_id,specs,code,stock,category_id,root_category_id,test FROM sku WHERE delete_time IS NULL LIMIT ?
2021-08-06 17:55:01.882 [http-nio-5000-exec-4] "GET /v1/sku/page HTTP/1.1" DEBUG i.g.talelin.latticy.mapper.SkuMapper.selectPage - ==> Parameters: 10(Long)
2021-08-06 17:55:01.885 [http-nio-5000-exec-4] "GET /v1/sku/page HTTP/1.1" DEBUG i.g.talelin.latticy.mapper.SkuMapper.selectPage - <==      Total: 10
2021-08-06 17:55:01.887 [http-nio-5000-exec-4] "GET /v1/sku/page HTTP/1.1" DEBUG o.s.w.s.m.m.a.RequestResponseBodyMethodProcessor - Using 'application/json', given [application/json, text/plain, */*] and supported [application/json, application/*+json, application/json, application/*+json]
2021-08-06 17:55:01.887 [http-nio-5000-exec-4] "GET /v1/sku/page HTTP/1.1" DEBUG o.s.w.s.m.m.a.RequestResponseBodyMethodProcessor - Writing [PageResponseVO(total=46, items=[SkuDO(id=3, createTime=Wed Jul 28 05:29:21 CST 2021, updateTime=Wed  (truncated)...]
2021-08-06 17:55:01.890 [http-nio-5000-exec-4] "GET /v1/sku/page HTTP/1.1" DEBUG org.springframework.web.servlet.DispatcherServlet - Completed 200 OK
2021-08-06 17:55:08.374 [http-nio-5000-exec-6] "GET /v1/sku/page HTTP/1.1" DEBUG org.springframework.web.servlet.DispatcherServlet - GET "/v1/sku/page?page=0&count=10", parameters={masked}
2021-08-06 17:55:08.374 [http-nio-5000-exec-6] "GET /v1/sku/page HTTP/1.1" DEBUG o.s.w.s.m.m.a.RequestMappingHandlerMapping - Mapped to io.github.talelin.latticy.controller.v1.SkuController#page(Integer, Integer)
2021-08-06 17:55:08.375 [http-nio-5000-exec-6] "GET /v1/sku/page HTTP/1.1" DEBUG i.g.talelin.latticy.mapper.UserMapper.selectById - ==>  Preparing: SELECT id,username,nickname,avatar,email,create_time,update_time,delete_time FROM lin_user WHERE id=? AND delete_time IS NULL
2021-08-06 17:55:08.375 [http-nio-5000-exec-6] "GET /v1/sku/page HTTP/1.1" DEBUG i.g.talelin.latticy.mapper.UserMapper.selectById - ==> Parameters: 1(Integer)
2021-08-06 17:55:08.376 [http-nio-5000-exec-6] "GET /v1/sku/page HTTP/1.1" DEBUG i.g.talelin.latticy.mapper.UserMapper.selectById - <==      Total: 1
2021-08-06 17:55:08.378 [http-nio-5000-exec-6] "GET /v1/sku/page HTTP/1.1" DEBUG i.g.t.latticy.mapper.SkuMapper.selectPage_mpCount - ==>  Preparing: SELECT COUNT(*) FROM sku WHERE delete_time IS NULL
2021-08-06 17:55:08.379 [http-nio-5000-exec-6] "GET /v1/sku/page HTTP/1.1" DEBUG i.g.t.latticy.mapper.SkuMapper.selectPage_mpCount - ==> Parameters: 
2021-08-06 17:55:08.380 [http-nio-5000-exec-6] "GET /v1/sku/page HTTP/1.1" DEBUG i.g.t.latticy.mapper.SkuMapper.selectPage_mpCount - <==      Total: 1
2021-08-06 17:55:08.381 [http-nio-5000-exec-6] "GET /v1/sku/page HTTP/1.1" DEBUG i.g.talelin.latticy.mapper.SkuMapper.selectPage - ==>  Preparing: SELECT id,create_time,update_time,delete_time,price,discount_price,online,img,title,spu_id,specs,code,stock,category_id,root_category_id,test FROM sku WHERE delete_time IS NULL LIMIT ?
2021-08-06 17:55:08.381 [http-nio-5000-exec-6] "GET /v1/sku/page HTTP/1.1" DEBUG i.g.talelin.latticy.mapper.SkuMapper.selectPage - ==> Parameters: 10(Long)
2021-08-06 17:55:08.386 [http-nio-5000-exec-6] "GET /v1/sku/page HTTP/1.1" DEBUG i.g.talelin.latticy.mapper.SkuMapper.selectPage - <==      Total: 10
2021-08-06 17:55:08.386 [http-nio-5000-exec-6] "GET /v1/sku/page HTTP/1.1" DEBUG o.s.w.s.m.m.a.RequestResponseBodyMethodProcessor - Using 'application/json', given [application/json, text/plain, */*] and supported [application/json, application/*+json, application/json, application/*+json]
2021-08-06 17:55:08.387 [http-nio-5000-exec-6] "GET /v1/sku/page HTTP/1.1" DEBUG o.s.w.s.m.m.a.RequestResponseBodyMethodProcessor - Writing [PageResponseVO(total=46, items=[SkuDO(id=3, createTime=Wed Jul 28 05:29:21 CST 2021, updateTime=Wed  (truncated)...]
2021-08-06 17:55:08.390 [http-nio-5000-exec-6] "GET /v1/sku/page HTTP/1.1" DEBUG org.springframework.web.servlet.DispatcherServlet - Completed 200 OK
2021-08-06 18:09:45.591 [http-nio-5000-exec-9] "OPTIONS /v1/sku/3/detail HTTP/1.1" DEBUG org.springframework.web.servlet.DispatcherServlet - OPTIONS "/v1/sku/3/detail", parameters={}
2021-08-06 18:09:45.594 [http-nio-5000-exec-9] "OPTIONS /v1/sku/3/detail HTTP/1.1" DEBUG o.s.w.s.m.m.a.RequestMappingHandlerMapping - Mapped to io.github.talelin.latticy.controller.v1.SkuController#getDetail(Integer)
2021-08-06 18:09:45.597 [http-nio-5000-exec-9] "OPTIONS /v1/sku/3/detail HTTP/1.1" DEBUG org.springframework.web.servlet.DispatcherServlet - Completed 200 OK
2021-08-06 18:09:45.601 [http-nio-5000-exec-3] "GET /v1/sku/3/detail HTTP/1.1" DEBUG org.springframework.web.servlet.DispatcherServlet - GET "/v1/sku/3/detail", parameters={}
2021-08-06 18:09:45.602 [http-nio-5000-exec-3] "GET /v1/sku/3/detail HTTP/1.1" DEBUG o.s.w.s.m.m.a.RequestMappingHandlerMapping - Mapped to io.github.talelin.latticy.controller.v1.SkuController#getDetail(Integer)
2021-08-06 18:09:45.607 [http-nio-5000-exec-3] "GET /v1/sku/3/detail HTTP/1.1" DEBUG i.g.talelin.latticy.mapper.UserMapper.selectById - ==>  Preparing: SELECT id,username,nickname,avatar,email,create_time,update_time,delete_time FROM lin_user WHERE id=? AND delete_time IS NULL
2021-08-06 18:09:45.608 [http-nio-5000-exec-3] "GET /v1/sku/3/detail HTTP/1.1" DEBUG i.g.talelin.latticy.mapper.UserMapper.selectById - ==> Parameters: 1(Integer)
2021-08-06 18:09:45.609 [http-nio-5000-exec-3] "GET /v1/sku/3/detail HTTP/1.1" DEBUG i.g.talelin.latticy.mapper.UserMapper.selectById - <==      Total: 1
2021-08-06 18:09:45.613 [http-nio-5000-exec-3] "GET /v1/sku/3/detail HTTP/1.1" DEBUG i.g.talelin.latticy.mapper.SkuMapper.getDetail - ==>  Preparing: select s.id, s.price, s.discount_price, s.online, s.img, s.title, s.spu_id, s.code, s.stock, s.specs, p.title spu_name from sku s left join spu p on p.id = s.spu_id where s.id = ? and s.delete_time is null
2021-08-06 18:09:45.613 [http-nio-5000-exec-3] "GET /v1/sku/3/detail HTTP/1.1" DEBUG i.g.talelin.latticy.mapper.SkuMapper.getDetail - ==> Parameters: 3(Integer)
2021-08-06 18:09:45.618 [http-nio-5000-exec-3] "GET /v1/sku/3/detail HTTP/1.1" DEBUG i.g.talelin.latticy.mapper.SkuMapper.getDetail - <==      Total: 1
2021-08-06 18:09:45.619 [http-nio-5000-exec-3] "GET /v1/sku/3/detail HTTP/1.1" DEBUG o.s.w.s.m.m.a.RequestResponseBodyMethodProcessor - Using 'application/json', given [application/json, text/plain, */*] and supported [application/json, application/*+json, application/json, application/*+json]
2021-08-06 18:09:45.619 [http-nio-5000-exec-3] "GET /v1/sku/3/detail HTTP/1.1" DEBUG o.s.w.s.m.m.a.RequestResponseBodyMethodProcessor - Writing [SkuDetailDO(spuId=2, spuName=林间有风自营针织衫, currency=null)]
2021-08-06 18:09:45.620 [http-nio-5000-exec-3] "GET /v1/sku/3/detail HTTP/1.1" DEBUG org.springframework.web.servlet.DispatcherServlet - Completed 200 OK
2021-08-06 18:09:45.650 [http-nio-5000-exec-5] "OPTIONS /v1/spec-key/by/spu/2 HTTP/1.1" DEBUG org.springframework.web.servlet.DispatcherServlet - OPTIONS "/v1/spec-key/by/spu/2", parameters={}
2021-08-06 18:09:45.651 [http-nio-5000-exec-5] "OPTIONS /v1/spec-key/by/spu/2 HTTP/1.1" DEBUG o.s.w.s.m.m.a.RequestMappingHandlerMapping - Mapped to io.github.talelin.latticy.controller.v1.SpecKeyController#getBySpuId(Integer)
2021-08-06 18:09:45.651 [http-nio-5000-exec-5] "OPTIONS /v1/spec-key/by/spu/2 HTTP/1.1" DEBUG org.springframework.web.servlet.DispatcherServlet - Completed 200 OK
2021-08-06 18:09:45.654 [http-nio-5000-exec-2] "GET /v1/spec-key/by/spu/2 HTTP/1.1" DEBUG org.springframework.web.servlet.DispatcherServlet - GET "/v1/spec-key/by/spu/2", parameters={}
2021-08-06 18:09:45.654 [http-nio-5000-exec-2] "GET /v1/spec-key/by/spu/2 HTTP/1.1" DEBUG o.s.w.s.m.m.a.RequestMappingHandlerMapping - Mapped to io.github.talelin.latticy.controller.v1.SpecKeyController#getBySpuId(Integer)
2021-08-06 18:09:45.656 [http-nio-5000-exec-2] "GET /v1/spec-key/by/spu/2 HTTP/1.1" DEBUG i.g.t.latticy.mapper.SpecKeyMapper.getBySpuId - ==>  Preparing: # 2张表 spu_key, spec_key SELECT sk2.* FROM spu_key sk JOIN spec_key sk2 ON sk.spec_key_id = sk2.id WHERE sk.spu_id = ? AND sk2.delete_time is NULL
2021-08-06 18:09:45.657 [http-nio-5000-exec-2] "GET /v1/spec-key/by/spu/2 HTTP/1.1" DEBUG i.g.t.latticy.mapper.SpecKeyMapper.getBySpuId - ==> Parameters: 2(Integer)
2021-08-06 18:09:45.661 [http-nio-5000-exec-2] "GET /v1/spec-key/by/spu/2 HTTP/1.1" DEBUG i.g.t.latticy.mapper.SpecKeyMapper.getBySpuId - <==      Total: 3
2021-08-06 18:09:45.663 [http-nio-5000-exec-2] "GET /v1/spec-key/by/spu/2 HTTP/1.1" DEBUG o.s.w.s.m.m.a.RequestResponseBodyMethodProcessor - Using 'application/json', given [application/json, text/plain, */*] and supported [application/json, application/*+json, application/json, application/*+json]
2021-08-06 18:09:45.663 [http-nio-5000-exec-2] "GET /v1/spec-key/by/spu/2 HTTP/1.1" DEBUG o.s.w.s.m.m.a.RequestResponseBodyMethodProcessor - Writing [[SpecKeyDO(id=1, createTime=Mon Jun 14 23:22:13 CST 2021, updateTime=Mon Jun 14 23:27:03 CST 2021, d (truncated)...]
2021-08-06 18:09:45.664 [http-nio-5000-exec-2] "GET /v1/spec-key/by/spu/2 HTTP/1.1" DEBUG org.springframework.web.servlet.DispatcherServlet - Completed 200 OK
2021-08-06 18:09:45.727 [http-nio-5000-exec-1] "OPTIONS /v1/sku/spec-value-id HTTP/1.1" DEBUG org.springframework.web.servlet.DispatcherServlet - OPTIONS "/v1/sku/spec-value-id?key_id=1&sku_id=3", parameters={masked}
2021-08-06 18:09:45.727 [http-nio-5000-exec-1] "OPTIONS /v1/sku/spec-value-id HTTP/1.1" DEBUG o.s.w.s.m.m.a.RequestMappingHandlerMapping - Mapped to io.github.talelin.latticy.controller.v1.SkuController#getSpecValueId(Integer, Integer)
2021-08-06 18:09:45.728 [http-nio-5000-exec-1] "OPTIONS /v1/sku/spec-value-id HTTP/1.1" DEBUG org.springframework.web.servlet.DispatcherServlet - Completed 200 OK
2021-08-06 18:09:45.728 [http-nio-5000-exec-8] "OPTIONS /v1/spec-value/by/spec-key/1 HTTP/1.1" DEBUG org.springframework.web.servlet.DispatcherServlet - OPTIONS "/v1/spec-value/by/spec-key/1", parameters={}
2021-08-06 18:09:45.729 [http-nio-5000-exec-7] "OPTIONS /v1/spec-value/by/spec-key/3 HTTP/1.1" DEBUG org.springframework.web.servlet.DispatcherServlet - OPTIONS "/v1/spec-value/by/spec-key/3", parameters={}
2021-08-06 18:09:45.729 [http-nio-5000-exec-8] "OPTIONS /v1/spec-value/by/spec-key/1 HTTP/1.1" DEBUG o.s.w.s.m.m.a.RequestMappingHandlerMapping - Mapped to io.github.talelin.latticy.controller.v1.SpecValueController#getBySpecKeyId(Integer)
2021-08-06 18:09:45.729 [http-nio-5000-exec-8] "OPTIONS /v1/spec-value/by/spec-key/1 HTTP/1.1" DEBUG org.springframework.web.servlet.DispatcherServlet - Completed 200 OK
2021-08-06 18:09:45.730 [http-nio-5000-exec-7] "OPTIONS /v1/spec-value/by/spec-key/3 HTTP/1.1" DEBUG o.s.w.s.m.m.a.RequestMappingHandlerMapping - Mapped to io.github.talelin.latticy.controller.v1.SpecValueController#getBySpecKeyId(Integer)
2021-08-06 18:09:45.730 [http-nio-5000-exec-7] "OPTIONS /v1/spec-value/by/spec-key/3 HTTP/1.1" DEBUG org.springframework.web.servlet.DispatcherServlet - Completed 200 OK
2021-08-06 18:09:45.731 [http-nio-5000-exec-4] "OPTIONS /v1/spec-value/by/spec-key/4 HTTP/1.1" DEBUG org.springframework.web.servlet.DispatcherServlet - OPTIONS "/v1/spec-value/by/spec-key/4", parameters={}
2021-08-06 18:09:45.732 [http-nio-5000-exec-4] "OPTIONS /v1/spec-value/by/spec-key/4 HTTP/1.1" DEBUG o.s.w.s.m.m.a.RequestMappingHandlerMapping - Mapped to io.github.talelin.latticy.controller.v1.SpecValueController#getBySpecKeyId(Integer)
2021-08-06 18:09:45.733 [http-nio-5000-exec-4] "OPTIONS /v1/spec-value/by/spec-key/4 HTTP/1.1" DEBUG org.springframework.web.servlet.DispatcherServlet - Completed 200 OK
2021-08-06 18:09:45.734 [http-nio-5000-exec-10] "GET /v1/spec-value/by/spec-key/1 HTTP/1.1" DEBUG org.springframework.web.servlet.DispatcherServlet - GET "/v1/spec-value/by/spec-key/1", parameters={}
2021-08-06 18:09:45.734 [http-nio-5000-exec-6] "GET /v1/sku/spec-value-id HTTP/1.1" DEBUG org.springframework.web.servlet.DispatcherServlet - GET "/v1/sku/spec-value-id?key_id=1&sku_id=3", parameters={masked}
2021-08-06 18:09:45.734 [http-nio-5000-exec-6] "GET /v1/sku/spec-value-id HTTP/1.1" DEBUG o.s.w.s.m.m.a.RequestMappingHandlerMapping - Mapped to io.github.talelin.latticy.controller.v1.SkuController#getSpecValueId(Integer, Integer)
2021-08-06 18:09:45.735 [http-nio-5000-exec-10] "GET /v1/spec-value/by/spec-key/1 HTTP/1.1" DEBUG o.s.w.s.m.m.a.RequestMappingHandlerMapping - Mapped to io.github.talelin.latticy.controller.v1.SpecValueController#getBySpecKeyId(Integer)
2021-08-06 18:09:45.735 [http-nio-5000-exec-6] "GET /v1/sku/spec-value-id HTTP/1.1" DEBUG i.g.talelin.latticy.mapper.UserMapper.selectById - ==>  Preparing: SELECT id,username,nickname,avatar,email,create_time,update_time,delete_time FROM lin_user WHERE id=? AND delete_time IS NULL
2021-08-06 18:09:45.735 [http-nio-5000-exec-6] "GET /v1/sku/spec-value-id HTTP/1.1" DEBUG i.g.talelin.latticy.mapper.UserMapper.selectById - ==> Parameters: 1(Integer)
2021-08-06 18:09:45.736 [http-nio-5000-exec-6] "GET /v1/sku/spec-value-id HTTP/1.1" DEBUG i.g.talelin.latticy.mapper.UserMapper.selectById - <==      Total: 1
2021-08-06 18:09:45.736 [http-nio-5000-exec-3] "GET /v1/spec-value/by/spec-key/4 HTTP/1.1" DEBUG org.springframework.web.servlet.DispatcherServlet - GET "/v1/spec-value/by/spec-key/4", parameters={}
2021-08-06 18:09:45.737 [http-nio-5000-exec-3] "GET /v1/spec-value/by/spec-key/4 HTTP/1.1" DEBUG o.s.w.s.m.m.a.RequestMappingHandlerMapping - Mapped to io.github.talelin.latticy.controller.v1.SpecValueController#getBySpecKeyId(Integer)
2021-08-06 18:09:45.737 [http-nio-5000-exec-9] "GET /v1/spec-value/by/spec-key/3 HTTP/1.1" DEBUG org.springframework.web.servlet.DispatcherServlet - GET "/v1/spec-value/by/spec-key/3", parameters={}
2021-08-06 18:09:45.738 [http-nio-5000-exec-9] "GET /v1/spec-value/by/spec-key/3 HTTP/1.1" DEBUG o.s.w.s.m.m.a.RequestMappingHandlerMapping - Mapped to io.github.talelin.latticy.controller.v1.SpecValueController#getBySpecKeyId(Integer)
2021-08-06 18:09:45.738 [http-nio-5000-exec-6] "GET /v1/sku/spec-value-id HTTP/1.1" DEBUG i.g.t.latticy.mapper.SkuSpecMapper.getSpecValueId - ==>  Preparing: select s.value_id as value_id from sku_spec s where s.sku_id = ? and s.key_id = ?
2021-08-06 18:09:45.738 [http-nio-5000-exec-6] "GET /v1/sku/spec-value-id HTTP/1.1" DEBUG i.g.t.latticy.mapper.SkuSpecMapper.getSpecValueId - ==> Parameters: 3(Integer), 1(Integer)
2021-08-06 18:09:45.741 [http-nio-5000-exec-6] "GET /v1/sku/spec-value-id HTTP/1.1" DEBUG i.g.t.latticy.mapper.SkuSpecMapper.getSpecValueId - <==      Total: 1
2021-08-06 18:09:45.746 [http-nio-5000-exec-9] "GET /v1/spec-value/by/spec-key/3 HTTP/1.1" DEBUG i.g.t.latticy.mapper.SpecValueMapper.selectList - ==>  Preparing: SELECT id,create_time,update_time,delete_time,value,spec_id,extend FROM spec_value WHERE delete_time IS NULL AND (spec_id = ?)
2021-08-06 18:09:45.746 [http-nio-5000-exec-3] "GET /v1/spec-value/by/spec-key/4 HTTP/1.1" DEBUG i.g.t.latticy.mapper.SpecValueMapper.selectList - ==>  Preparing: SELECT id,create_time,update_time,delete_time,value,spec_id,extend FROM spec_value WHERE delete_time IS NULL AND (spec_id = ?)
2021-08-06 18:09:45.749 [http-nio-5000-exec-6] "GET /v1/sku/spec-value-id HTTP/1.1" DEBUG o.s.w.s.m.m.a.RequestResponseBodyMethodProcessor - Using 'application/json', given [application/json, text/plain, */*] and supported [application/json, application/*+json, application/json, application/*+json]
2021-08-06 18:09:45.749 [http-nio-5000-exec-10] "GET /v1/spec-value/by/spec-key/1 HTTP/1.1" DEBUG i.g.t.latticy.mapper.SpecValueMapper.selectList - ==>  Preparing: SELECT id,create_time,update_time,delete_time,value,spec_id,extend FROM spec_value WHERE delete_time IS NULL AND (spec_id = ?)
2021-08-06 18:09:45.749 [http-nio-5000-exec-9] "GET /v1/spec-value/by/spec-key/3 HTTP/1.1" DEBUG i.g.t.latticy.mapper.SpecValueMapper.selectList - ==> Parameters: 3(Integer)
2021-08-06 18:09:45.749 [http-nio-5000-exec-6] "GET /v1/sku/spec-value-id HTTP/1.1" DEBUG o.s.w.s.m.m.a.RequestResponseBodyMethodProcessor - Writing [{value_id=42}]
2021-08-06 18:09:45.749 [http-nio-5000-exec-3] "GET /v1/spec-value/by/spec-key/4 HTTP/1.1" DEBUG i.g.t.latticy.mapper.SpecValueMapper.selectList - ==> Parameters: 4(Integer)
2021-08-06 18:09:45.749 [http-nio-5000-exec-10] "GET /v1/spec-value/by/spec-key/1 HTTP/1.1" DEBUG i.g.t.latticy.mapper.SpecValueMapper.selectList - ==> Parameters: 1(Integer)
2021-08-06 18:09:45.750 [http-nio-5000-exec-6] "GET /v1/sku/spec-value-id HTTP/1.1" DEBUG org.springframework.web.servlet.DispatcherServlet - Completed 200 OK
2021-08-06 18:09:45.751 [http-nio-5000-exec-9] "GET /v1/spec-value/by/spec-key/3 HTTP/1.1" DEBUG i.g.t.latticy.mapper.SpecValueMapper.selectList - <==      Total: 3
2021-08-06 18:09:45.751 [http-nio-5000-exec-3] "GET /v1/spec-value/by/spec-key/4 HTTP/1.1" DEBUG i.g.t.latticy.mapper.SpecValueMapper.selectList - <==      Total: 4
2021-08-06 18:09:45.752 [http-nio-5000-exec-9] "GET /v1/spec-value/by/spec-key/3 HTTP/1.1" DEBUG o.s.w.s.m.m.a.RequestResponseBodyMethodProcessor - Using 'application/json', given [application/json, text/plain, */*] and supported [application/json, application/*+json, application/json, application/*+json]
2021-08-06 18:09:45.752 [http-nio-5000-exec-3] "GET /v1/spec-value/by/spec-key/4 HTTP/1.1" DEBUG o.s.w.s.m.m.a.RequestResponseBodyMethodProcessor - Using 'application/json', given [application/json, text/plain, */*] and supported [application/json, application/*+json, application/json, application/*+json]
2021-08-06 18:09:45.752 [http-nio-5000-exec-3] "GET /v1/spec-value/by/spec-key/4 HTTP/1.1" DEBUG o.s.w.s.m.m.a.RequestResponseBodyMethodProcessor - Writing [[SpecValueDO(id=14, createTime=Sun Aug 01 00:39:30 CST 2021, updateTime=Sun Aug 01 00:39:30 CST 2021 (truncated)...]
2021-08-06 18:09:45.752 [http-nio-5000-exec-9] "GET /v1/spec-value/by/spec-key/3 HTTP/1.1" DEBUG o.s.w.s.m.m.a.RequestResponseBodyMethodProcessor - Writing [[SpecValueDO(id=9, createTime=Sun Aug 01 00:38:30 CST 2021, updateTime=Sun Aug 01 00:38:30 CST 2021, (truncated)...]
2021-08-06 18:09:45.756 [http-nio-5000-exec-10] "GET /v1/spec-value/by/spec-key/1 HTTP/1.1" DEBUG i.g.t.latticy.mapper.SpecValueMapper.selectList - <==      Total: 23
2021-08-06 18:09:45.757 [http-nio-5000-exec-10] "GET /v1/spec-value/by/spec-key/1 HTTP/1.1" DEBUG o.s.w.s.m.m.a.RequestResponseBodyMethodProcessor - Using 'application/json', given [application/json, text/plain, */*] and supported [application/json, application/*+json, application/json, application/*+json]
2021-08-06 18:09:45.757 [http-nio-5000-exec-10] "GET /v1/spec-value/by/spec-key/1 HTTP/1.1" DEBUG o.s.w.s.m.m.a.RequestResponseBodyMethodProcessor - Writing [[SpecValueDO(id=1, createTime=Mon Jun 14 23:27:22 CST 2021, updateTime=Mon Jun 14 23:27:26 CST 2021, (truncated)...]
2021-08-06 18:09:45.758 [http-nio-5000-exec-3] "GET /v1/spec-value/by/spec-key/4 HTTP/1.1" DEBUG org.springframework.web.servlet.DispatcherServlet - Completed 200 OK
2021-08-06 18:09:45.758 [http-nio-5000-exec-9] "GET /v1/spec-value/by/spec-key/3 HTTP/1.1" DEBUG org.springframework.web.servlet.DispatcherServlet - Completed 200 OK
2021-08-06 18:09:45.761 [http-nio-5000-exec-10] "GET /v1/spec-value/by/spec-key/1 HTTP/1.1" DEBUG org.springframework.web.servlet.DispatcherServlet - Completed 200 OK
2021-08-06 18:09:45.787 [http-nio-5000-exec-5] "OPTIONS /v1/sku/spec-value-id HTTP/1.1" DEBUG org.springframework.web.servlet.DispatcherServlet - OPTIONS "/v1/sku/spec-value-id?key_id=3&sku_id=3", parameters={masked}
2021-08-06 18:09:45.788 [http-nio-5000-exec-5] "OPTIONS /v1/sku/spec-value-id HTTP/1.1" DEBUG o.s.w.s.m.m.a.RequestMappingHandlerMapping - Mapped to io.github.talelin.latticy.controller.v1.SkuController#getSpecValueId(Integer, Integer)
2021-08-06 18:09:45.788 [http-nio-5000-exec-5] "OPTIONS /v1/sku/spec-value-id HTTP/1.1" DEBUG org.springframework.web.servlet.DispatcherServlet - Completed 200 OK
2021-08-06 18:09:45.791 [http-nio-5000-exec-2] "GET /v1/sku/spec-value-id HTTP/1.1" DEBUG org.springframework.web.servlet.DispatcherServlet - GET "/v1/sku/spec-value-id?key_id=3&sku_id=3", parameters={masked}
2021-08-06 18:09:45.792 [http-nio-5000-exec-2] "GET /v1/sku/spec-value-id HTTP/1.1" DEBUG o.s.w.s.m.m.a.RequestMappingHandlerMapping - Mapped to io.github.talelin.latticy.controller.v1.SkuController#getSpecValueId(Integer, Integer)
2021-08-06 18:09:45.792 [http-nio-5000-exec-2] "GET /v1/sku/spec-value-id HTTP/1.1" DEBUG i.g.talelin.latticy.mapper.UserMapper.selectById - ==>  Preparing: SELECT id,username,nickname,avatar,email,create_time,update_time,delete_time FROM lin_user WHERE id=? AND delete_time IS NULL
2021-08-06 18:09:45.792 [http-nio-5000-exec-2] "GET /v1/sku/spec-value-id HTTP/1.1" DEBUG i.g.talelin.latticy.mapper.UserMapper.selectById - ==> Parameters: 1(Integer)
2021-08-06 18:09:45.793 [http-nio-5000-exec-2] "GET /v1/sku/spec-value-id HTTP/1.1" DEBUG i.g.talelin.latticy.mapper.UserMapper.selectById - <==      Total: 1
2021-08-06 18:09:45.794 [http-nio-5000-exec-2] "GET /v1/sku/spec-value-id HTTP/1.1" DEBUG i.g.t.latticy.mapper.SkuSpecMapper.getSpecValueId - ==>  Preparing: select s.value_id as value_id from sku_spec s where s.sku_id = ? and s.key_id = ?
2021-08-06 18:09:45.794 [http-nio-5000-exec-2] "GET /v1/sku/spec-value-id HTTP/1.1" DEBUG i.g.t.latticy.mapper.SkuSpecMapper.getSpecValueId - ==> Parameters: 3(Integer), 3(Integer)
2021-08-06 18:09:45.795 [http-nio-5000-exec-2] "GET /v1/sku/spec-value-id HTTP/1.1" DEBUG i.g.t.latticy.mapper.SkuSpecMapper.getSpecValueId - <==      Total: 1
2021-08-06 18:09:45.796 [http-nio-5000-exec-2] "GET /v1/sku/spec-value-id HTTP/1.1" DEBUG o.s.w.s.m.m.a.RequestResponseBodyMethodProcessor - Using 'application/json', given [application/json, text/plain, */*] and supported [application/json, application/*+json, application/json, application/*+json]
2021-08-06 18:09:45.796 [http-nio-5000-exec-2] "GET /v1/sku/spec-value-id HTTP/1.1" DEBUG o.s.w.s.m.m.a.RequestResponseBodyMethodProcessor - Writing [{value_id=10}]
2021-08-06 18:09:45.796 [http-nio-5000-exec-2] "GET /v1/sku/spec-value-id HTTP/1.1" DEBUG org.springframework.web.servlet.DispatcherServlet - Completed 200 OK
2021-08-06 18:09:45.864 [http-nio-5000-exec-1] "OPTIONS /v1/sku/spec-value-id HTTP/1.1" DEBUG org.springframework.web.servlet.DispatcherServlet - OPTIONS "/v1/sku/spec-value-id?key_id=4&sku_id=3", parameters={masked}
2021-08-06 18:09:45.865 [http-nio-5000-exec-1] "OPTIONS /v1/sku/spec-value-id HTTP/1.1" DEBUG o.s.w.s.m.m.a.RequestMappingHandlerMapping - Mapped to io.github.talelin.latticy.controller.v1.SkuController#getSpecValueId(Integer, Integer)
2021-08-06 18:09:45.865 [http-nio-5000-exec-1] "OPTIONS /v1/sku/spec-value-id HTTP/1.1" DEBUG org.springframework.web.servlet.DispatcherServlet - Completed 200 OK
2021-08-06 18:09:45.868 [http-nio-5000-exec-8] "GET /v1/sku/spec-value-id HTTP/1.1" DEBUG org.springframework.web.servlet.DispatcherServlet - GET "/v1/sku/spec-value-id?key_id=4&sku_id=3", parameters={masked}
2021-08-06 18:09:45.868 [http-nio-5000-exec-8] "GET /v1/sku/spec-value-id HTTP/1.1" DEBUG o.s.w.s.m.m.a.RequestMappingHandlerMapping - Mapped to io.github.talelin.latticy.controller.v1.SkuController#getSpecValueId(Integer, Integer)
2021-08-06 18:09:45.869 [http-nio-5000-exec-8] "GET /v1/sku/spec-value-id HTTP/1.1" DEBUG i.g.talelin.latticy.mapper.UserMapper.selectById - ==>  Preparing: SELECT id,username,nickname,avatar,email,create_time,update_time,delete_time FROM lin_user WHERE id=? AND delete_time IS NULL
2021-08-06 18:09:45.869 [http-nio-5000-exec-8] "GET /v1/sku/spec-value-id HTTP/1.1" DEBUG i.g.talelin.latticy.mapper.UserMapper.selectById - ==> Parameters: 1(Integer)
2021-08-06 18:09:45.871 [http-nio-5000-exec-8] "GET /v1/sku/spec-value-id HTTP/1.1" DEBUG i.g.talelin.latticy.mapper.UserMapper.selectById - <==      Total: 1
2021-08-06 18:09:45.873 [http-nio-5000-exec-8] "GET /v1/sku/spec-value-id HTTP/1.1" DEBUG i.g.t.latticy.mapper.SkuSpecMapper.getSpecValueId - ==>  Preparing: select s.value_id as value_id from sku_spec s where s.sku_id = ? and s.key_id = ?
2021-08-06 18:09:45.874 [http-nio-5000-exec-8] "GET /v1/sku/spec-value-id HTTP/1.1" DEBUG i.g.t.latticy.mapper.SkuSpecMapper.getSpecValueId - ==> Parameters: 3(Integer), 4(Integer)
2021-08-06 18:09:45.875 [http-nio-5000-exec-8] "GET /v1/sku/spec-value-id HTTP/1.1" DEBUG i.g.t.latticy.mapper.SkuSpecMapper.getSpecValueId - <==      Total: 1
2021-08-06 18:09:45.875 [http-nio-5000-exec-8] "GET /v1/sku/spec-value-id HTTP/1.1" DEBUG o.s.w.s.m.m.a.RequestResponseBodyMethodProcessor - Using 'application/json', given [application/json, text/plain, */*] and supported [application/json, application/*+json, application/json, application/*+json]
2021-08-06 18:09:45.875 [http-nio-5000-exec-8] "GET /v1/sku/spec-value-id HTTP/1.1" DEBUG o.s.w.s.m.m.a.RequestResponseBodyMethodProcessor - Writing [{value_id=15}]
2021-08-06 18:09:45.876 [http-nio-5000-exec-8] "GET /v1/sku/spec-value-id HTTP/1.1" DEBUG org.springframework.web.servlet.DispatcherServlet - Completed 200 OK
2021-08-06 18:14:45.668 [http-nio-5000-exec-3] "OPTIONS /v1/spu/list HTTP/1.1" DEBUG org.springframework.web.servlet.DispatcherServlet - OPTIONS "/v1/spu/list", parameters={}
2021-08-06 18:14:45.671 [http-nio-5000-exec-3] "OPTIONS /v1/spu/list HTTP/1.1" DEBUG o.s.w.s.m.m.a.RequestMappingHandlerMapping - Mapped to io.github.talelin.latticy.controller.v1.SpuController#getList()
2021-08-06 18:14:45.676 [http-nio-5000-exec-3] "OPTIONS /v1/spu/list HTTP/1.1" DEBUG org.springframework.web.servlet.DispatcherServlet - Completed 200 OK
2021-08-06 18:14:45.682 [http-nio-5000-exec-10] "GET /v1/spu/list HTTP/1.1" DEBUG org.springframework.web.servlet.DispatcherServlet - GET "/v1/spu/list", parameters={}
2021-08-06 18:14:45.682 [http-nio-5000-exec-10] "GET /v1/spu/list HTTP/1.1" DEBUG o.s.w.s.m.m.a.RequestMappingHandlerMapping - Mapped to io.github.talelin.latticy.controller.v1.SpuController#getList()
2021-08-06 18:14:45.683 [http-nio-5000-exec-10] "GET /v1/spu/list HTTP/1.1" DEBUG i.g.talelin.latticy.mapper.UserMapper.selectById - ==>  Preparing: SELECT id,username,nickname,avatar,email,create_time,update_time,delete_time FROM lin_user WHERE id=? AND delete_time IS NULL
2021-08-06 18:14:45.684 [http-nio-5000-exec-10] "GET /v1/spu/list HTTP/1.1" DEBUG i.g.talelin.latticy.mapper.UserMapper.selectById - ==> Parameters: 1(Integer)
2021-08-06 18:14:45.685 [http-nio-5000-exec-10] "GET /v1/spu/list HTTP/1.1" DEBUG i.g.talelin.latticy.mapper.UserMapper.selectById - <==      Total: 1
2021-08-06 18:14:45.686 [http-nio-5000-exec-10] "GET /v1/spu/list HTTP/1.1" DEBUG i.g.talelin.latticy.mapper.SpuMapper.selectList - ==>  Preparing: SELECT id,create_time,update_time,delete_time,title,subtitle,category_id,root_category_id,online,price,sketch_spec_id,default_sku_id,img,discount_price,description,tags,is_test,spu_theme_img,for_theme_img FROM spu WHERE delete_time IS NULL
2021-08-06 18:14:45.686 [http-nio-5000-exec-10] "GET /v1/spu/list HTTP/1.1" DEBUG i.g.talelin.latticy.mapper.SpuMapper.selectList - ==> Parameters: 
2021-08-06 18:14:45.688 [http-nio-5000-exec-10] "GET /v1/spu/list HTTP/1.1" DEBUG i.g.talelin.latticy.mapper.SpuMapper.selectList - <==      Total: 20
2021-08-06 18:14:45.689 [http-nio-5000-exec-10] "GET /v1/spu/list HTTP/1.1" DEBUG o.s.w.s.m.m.a.RequestResponseBodyMethodProcessor - Using 'application/json', given [application/json, text/plain, */*] and supported [application/json, application/*+json, application/json, application/*+json]
2021-08-06 18:14:45.689 [http-nio-5000-exec-10] "GET /v1/spu/list HTTP/1.1" DEBUG o.s.w.s.m.m.a.RequestResponseBodyMethodProcessor - Writing [[SpuDO(id=1, createTime=Sun Jul 28 03:24:17 CST 2019, updateTime=Fri Jul 30 02:48:32 CST 2021, delet (truncated)...]
2021-08-06 18:14:45.690 [http-nio-5000-exec-10] "GET /v1/spu/list HTTP/1.1" DEBUG org.springframework.web.servlet.DispatcherServlet - Completed 200 OK
2021-08-06 18:24:59.058 [http-nio-5000-exec-2] "OPTIONS /v1/spec-key/page HTTP/1.1" DEBUG org.springframework.web.servlet.DispatcherServlet - OPTIONS "/v1/spec-key/page?page=0&count=10", parameters={masked}
2021-08-06 18:24:59.059 [http-nio-5000-exec-2] "OPTIONS /v1/spec-key/page HTTP/1.1" DEBUG o.s.w.s.m.m.a.RequestMappingHandlerMapping - Mapped to io.github.talelin.latticy.controller.v1.SpecKeyController#page(Integer, Integer)
2021-08-06 18:24:59.060 [http-nio-5000-exec-2] "OPTIONS /v1/spec-key/page HTTP/1.1" DEBUG org.springframework.web.servlet.DispatcherServlet - Completed 200 OK
2021-08-06 18:24:59.063 [http-nio-5000-exec-1] "GET /v1/spec-key/page HTTP/1.1" DEBUG org.springframework.web.servlet.DispatcherServlet - GET "/v1/spec-key/page?page=0&count=10", parameters={masked}
2021-08-06 18:24:59.063 [http-nio-5000-exec-1] "GET /v1/spec-key/page HTTP/1.1" DEBUG o.s.w.s.m.m.a.RequestMappingHandlerMapping - Mapped to io.github.talelin.latticy.controller.v1.SpecKeyController#page(Integer, Integer)
2021-08-06 18:24:59.068 [http-nio-5000-exec-1] "GET /v1/spec-key/page HTTP/1.1" DEBUG i.g.t.l.mapper.SpecKeyMapper.selectPage_mpCount - ==>  Preparing: SELECT COUNT(*) FROM spec_key WHERE delete_time IS NULL
2021-08-06 18:24:59.068 [http-nio-5000-exec-1] "GET /v1/spec-key/page HTTP/1.1" DEBUG i.g.t.l.mapper.SpecKeyMapper.selectPage_mpCount - ==> Parameters: 
2021-08-06 18:24:59.069 [http-nio-5000-exec-1] "GET /v1/spec-key/page HTTP/1.1" DEBUG i.g.t.l.mapper.SpecKeyMapper.selectPage_mpCount - <==      Total: 1
2021-08-06 18:24:59.070 [http-nio-5000-exec-1] "GET /v1/spec-key/page HTTP/1.1" DEBUG i.g.t.latticy.mapper.SpecKeyMapper.selectPage - ==>  Preparing: SELECT id,create_time,update_time,delete_time,name,unit,standard,description FROM spec_key WHERE delete_time IS NULL LIMIT ?
2021-08-06 18:24:59.070 [http-nio-5000-exec-1] "GET /v1/spec-key/page HTTP/1.1" DEBUG i.g.t.latticy.mapper.SpecKeyMapper.selectPage - ==> Parameters: 10(Long)
2021-08-06 18:24:59.072 [http-nio-5000-exec-1] "GET /v1/spec-key/page HTTP/1.1" DEBUG i.g.t.latticy.mapper.SpecKeyMapper.selectPage - <==      Total: 8
2021-08-06 18:24:59.072 [http-nio-5000-exec-1] "GET /v1/spec-key/page HTTP/1.1" DEBUG o.s.w.s.m.m.a.RequestResponseBodyMethodProcessor - Using 'application/json', given [application/json, text/plain, */*] and supported [application/json, application/*+json, application/json, application/*+json]
2021-08-06 18:24:59.073 [http-nio-5000-exec-1] "GET /v1/spec-key/page HTTP/1.1" DEBUG o.s.w.s.m.m.a.RequestResponseBodyMethodProcessor - Writing [PageResponseVO(total=8, items=[SpecKeyDO(id=1, createTime=Mon Jun 14 23:22:13 CST 2021, updateTime=M (truncated)...]
2021-08-06 18:24:59.077 [http-nio-5000-exec-1] "GET /v1/spec-key/page HTTP/1.1" DEBUG org.springframework.web.servlet.DispatcherServlet - Completed 200 OK
2021-08-06 18:25:06.542 [http-nio-5000-exec-8] "OPTIONS /v1/spec-key/1/detail HTTP/1.1" DEBUG org.springframework.web.servlet.DispatcherServlet - OPTIONS "/v1/spec-key/1/detail", parameters={}
2021-08-06 18:25:06.543 [http-nio-5000-exec-8] "OPTIONS /v1/spec-key/1/detail HTTP/1.1" DEBUG o.s.w.s.m.m.a.RequestMappingHandlerMapping - Mapped to io.github.talelin.latticy.controller.v1.SpecKeyController#detail(Integer)
2021-08-06 18:25:06.544 [http-nio-5000-exec-8] "OPTIONS /v1/spec-key/1/detail HTTP/1.1" DEBUG org.springframework.web.servlet.DispatcherServlet - Completed 200 OK
2021-08-06 18:25:06.546 [http-nio-5000-exec-6] "GET /v1/spec-key/1/detail HTTP/1.1" DEBUG org.springframework.web.servlet.DispatcherServlet - GET "/v1/spec-key/1/detail", parameters={}
2021-08-06 18:25:06.547 [http-nio-5000-exec-6] "GET /v1/spec-key/1/detail HTTP/1.1" DEBUG o.s.w.s.m.m.a.RequestMappingHandlerMapping - Mapped to io.github.talelin.latticy.controller.v1.SpecKeyController#detail(Integer)
2021-08-06 18:25:06.548 [http-nio-5000-exec-6] "GET /v1/spec-key/1/detail HTTP/1.1" DEBUG i.g.talelin.latticy.mapper.UserMapper.selectById - ==>  Preparing: SELECT id,username,nickname,avatar,email,create_time,update_time,delete_time FROM lin_user WHERE id=? AND delete_time IS NULL
2021-08-06 18:25:06.548 [http-nio-5000-exec-6] "GET /v1/spec-key/1/detail HTTP/1.1" DEBUG i.g.talelin.latticy.mapper.UserMapper.selectById - ==> Parameters: 1(Integer)
2021-08-06 18:25:06.549 [http-nio-5000-exec-6] "GET /v1/spec-key/1/detail HTTP/1.1" DEBUG i.g.talelin.latticy.mapper.UserMapper.selectById - <==      Total: 1
2021-08-06 18:25:06.557 [http-nio-5000-exec-6] "GET /v1/spec-key/1/detail HTTP/1.1" DEBUG i.g.t.latticy.mapper.SpecKeyMapper.selectById - ==>  Preparing: SELECT id,create_time,update_time,delete_time,name,unit,standard,description FROM spec_key WHERE id=? AND delete_time IS NULL
2021-08-06 18:25:06.558 [http-nio-5000-exec-6] "GET /v1/spec-key/1/detail HTTP/1.1" DEBUG i.g.t.latticy.mapper.SpecKeyMapper.selectById - ==> Parameters: 1(Integer)
2021-08-06 18:25:06.559 [http-nio-5000-exec-6] "GET /v1/spec-key/1/detail HTTP/1.1" DEBUG i.g.t.latticy.mapper.SpecKeyMapper.selectById - <==      Total: 1
2021-08-06 18:25:06.567 [http-nio-5000-exec-6] "GET /v1/spec-key/1/detail HTTP/1.1" DEBUG i.g.t.latticy.mapper.SpecValueMapper.selectList - ==>  Preparing: SELECT id,create_time,update_time,delete_time,value,spec_id,extend FROM spec_value WHERE delete_time IS NULL AND (spec_id = ?)
2021-08-06 18:25:06.567 [http-nio-5000-exec-6] "GET /v1/spec-key/1/detail HTTP/1.1" DEBUG i.g.t.latticy.mapper.SpecValueMapper.selectList - ==> Parameters: 1(Integer)
2021-08-06 18:25:06.571 [http-nio-5000-exec-6] "GET /v1/spec-key/1/detail HTTP/1.1" DEBUG i.g.t.latticy.mapper.SpecValueMapper.selectList - <==      Total: 23
2021-08-06 18:25:06.588 [http-nio-5000-exec-6] "GET /v1/spec-key/1/detail HTTP/1.1" DEBUG o.s.w.s.m.m.a.RequestResponseBodyMethodProcessor - Using 'application/json', given [application/json, text/plain, */*] and supported [application/json, application/*+json, application/json, application/*+json]
2021-08-06 18:25:06.589 [http-nio-5000-exec-6] "GET /v1/spec-key/1/detail HTTP/1.1" DEBUG o.s.w.s.m.m.a.RequestResponseBodyMethodProcessor - Writing [SpecKeyAndItemsBO(id=1, name=颜色, unit=null, standard=1, description=null, items=[SpecValueDO(id=1, c (truncated)...]
2021-08-06 18:25:06.591 [http-nio-5000-exec-6] "GET /v1/spec-key/1/detail HTTP/1.1" DEBUG org.springframework.web.servlet.DispatcherServlet - Completed 200 OK
2021-08-06 18:34:19.295 [http-nio-5000-exec-7] "GET /v1/spec-key/page HTTP/1.1" DEBUG org.springframework.web.servlet.DispatcherServlet - GET "/v1/spec-key/page?page=0&count=10", parameters={masked}
2021-08-06 18:34:19.298 [http-nio-5000-exec-7] "GET /v1/spec-key/page HTTP/1.1" DEBUG o.s.w.s.m.m.a.RequestMappingHandlerMapping - Mapped to io.github.talelin.latticy.controller.v1.SpecKeyController#page(Integer, Integer)
2021-08-06 18:34:19.308 [http-nio-5000-exec-7] "GET /v1/spec-key/page HTTP/1.1" DEBUG i.g.t.l.mapper.SpecKeyMapper.selectPage_mpCount - ==>  Preparing: SELECT COUNT(*) FROM spec_key WHERE delete_time IS NULL
2021-08-06 18:34:19.309 [http-nio-5000-exec-7] "GET /v1/spec-key/page HTTP/1.1" DEBUG i.g.t.l.mapper.SpecKeyMapper.selectPage_mpCount - ==> Parameters: 
2021-08-06 18:34:19.312 [http-nio-5000-exec-7] "GET /v1/spec-key/page HTTP/1.1" DEBUG i.g.t.l.mapper.SpecKeyMapper.selectPage_mpCount - <==      Total: 1
2021-08-06 18:34:19.313 [http-nio-5000-exec-7] "GET /v1/spec-key/page HTTP/1.1" DEBUG i.g.t.latticy.mapper.SpecKeyMapper.selectPage - ==>  Preparing: SELECT id,create_time,update_time,delete_time,name,unit,standard,description FROM spec_key WHERE delete_time IS NULL LIMIT ?
2021-08-06 18:34:19.314 [http-nio-5000-exec-7] "GET /v1/spec-key/page HTTP/1.1" DEBUG i.g.t.latticy.mapper.SpecKeyMapper.selectPage - ==> Parameters: 10(Long)
2021-08-06 18:34:19.315 [http-nio-5000-exec-7] "GET /v1/spec-key/page HTTP/1.1" DEBUG i.g.t.latticy.mapper.SpecKeyMapper.selectPage - <==      Total: 8
2021-08-06 18:34:19.316 [http-nio-5000-exec-7] "GET /v1/spec-key/page HTTP/1.1" DEBUG o.s.w.s.m.m.a.RequestResponseBodyMethodProcessor - Using 'application/json', given [application/json, text/plain, */*] and supported [application/json, application/*+json, application/json, application/*+json]
2021-08-06 18:34:19.316 [http-nio-5000-exec-7] "GET /v1/spec-key/page HTTP/1.1" DEBUG o.s.w.s.m.m.a.RequestResponseBodyMethodProcessor - Writing [PageResponseVO(total=8, items=[SpecKeyDO(id=1, createTime=Mon Jun 14 23:22:13 CST 2021, updateTime=M (truncated)...]
2021-08-06 18:34:19.318 [http-nio-5000-exec-7] "GET /v1/spec-key/page HTTP/1.1" DEBUG org.springframework.web.servlet.DispatcherServlet - Completed 200 OK
2021-08-06 18:36:06.374 [http-nio-5000-exec-3] "GET /v1/spec-key/page HTTP/1.1" DEBUG org.springframework.web.servlet.DispatcherServlet - GET "/v1/spec-key/page?page=0&count=10", parameters={masked}
2021-08-06 18:36:06.374 [http-nio-5000-exec-3] "GET /v1/spec-key/page HTTP/1.1" DEBUG o.s.w.s.m.m.a.RequestMappingHandlerMapping - Mapped to io.github.talelin.latticy.controller.v1.SpecKeyController#page(Integer, Integer)
2021-08-06 18:36:06.386 [http-nio-5000-exec-3] "GET /v1/spec-key/page HTTP/1.1" DEBUG i.g.t.l.mapper.SpecKeyMapper.selectPage_mpCount - ==>  Preparing: SELECT COUNT(*) FROM spec_key WHERE delete_time IS NULL
2021-08-06 18:36:06.386 [http-nio-5000-exec-3] "GET /v1/spec-key/page HTTP/1.1" DEBUG i.g.t.l.mapper.SpecKeyMapper.selectPage_mpCount - ==> Parameters: 
2021-08-06 18:36:06.389 [http-nio-5000-exec-3] "GET /v1/spec-key/page HTTP/1.1" DEBUG i.g.t.l.mapper.SpecKeyMapper.selectPage_mpCount - <==      Total: 1
2021-08-06 18:36:06.390 [http-nio-5000-exec-3] "GET /v1/spec-key/page HTTP/1.1" DEBUG i.g.t.latticy.mapper.SpecKeyMapper.selectPage - ==>  Preparing: SELECT id,create_time,update_time,delete_time,name,unit,standard,description FROM spec_key WHERE delete_time IS NULL LIMIT ?
2021-08-06 18:36:06.390 [http-nio-5000-exec-3] "GET /v1/spec-key/page HTTP/1.1" DEBUG i.g.t.latticy.mapper.SpecKeyMapper.selectPage - ==> Parameters: 10(Long)
2021-08-06 18:36:06.391 [http-nio-5000-exec-3] "GET /v1/spec-key/page HTTP/1.1" DEBUG i.g.t.latticy.mapper.SpecKeyMapper.selectPage - <==      Total: 8
2021-08-06 18:36:06.391 [http-nio-5000-exec-3] "GET /v1/spec-key/page HTTP/1.1" DEBUG o.s.w.s.m.m.a.RequestResponseBodyMethodProcessor - Using 'application/json', given [application/json, text/plain, */*] and supported [application/json, application/*+json, application/json, application/*+json]
2021-08-06 18:36:06.392 [http-nio-5000-exec-3] "GET /v1/spec-key/page HTTP/1.1" DEBUG o.s.w.s.m.m.a.RequestResponseBodyMethodProcessor - Writing [PageResponseVO(total=8, items=[SpecKeyDO(id=1, createTime=Mon Jun 14 23:22:13 CST 2021, updateTime=M (truncated)...]
2021-08-06 18:36:06.393 [http-nio-5000-exec-3] "GET /v1/spec-key/page HTTP/1.1" DEBUG org.springframework.web.servlet.DispatcherServlet - Completed 200 OK
2021-08-06 18:36:36.280 [http-nio-5000-exec-10] "GET /v1/spec-key/1/detail HTTP/1.1" DEBUG org.springframework.web.servlet.DispatcherServlet - GET "/v1/spec-key/1/detail", parameters={}
2021-08-06 18:36:36.281 [http-nio-5000-exec-10] "GET /v1/spec-key/1/detail HTTP/1.1" DEBUG o.s.w.s.m.m.a.RequestMappingHandlerMapping - Mapped to io.github.talelin.latticy.controller.v1.SpecKeyController#detail(Integer)
2021-08-06 18:36:36.282 [http-nio-5000-exec-10] "GET /v1/spec-key/1/detail HTTP/1.1" DEBUG i.g.talelin.latticy.mapper.UserMapper.selectById - ==>  Preparing: SELECT id,username,nickname,avatar,email,create_time,update_time,delete_time FROM lin_user WHERE id=? AND delete_time IS NULL
2021-08-06 18:36:36.283 [http-nio-5000-exec-10] "GET /v1/spec-key/1/detail HTTP/1.1" DEBUG i.g.talelin.latticy.mapper.UserMapper.selectById - ==> Parameters: 1(Integer)
2021-08-06 18:36:36.284 [http-nio-5000-exec-10] "GET /v1/spec-key/1/detail HTTP/1.1" DEBUG i.g.talelin.latticy.mapper.UserMapper.selectById - <==      Total: 1
2021-08-06 18:36:36.285 [http-nio-5000-exec-10] "GET /v1/spec-key/1/detail HTTP/1.1" DEBUG i.g.t.latticy.mapper.SpecKeyMapper.selectById - ==>  Preparing: SELECT id,create_time,update_time,delete_time,name,unit,standard,description FROM spec_key WHERE id=? AND delete_time IS NULL
2021-08-06 18:36:36.285 [http-nio-5000-exec-10] "GET /v1/spec-key/1/detail HTTP/1.1" DEBUG i.g.t.latticy.mapper.SpecKeyMapper.selectById - ==> Parameters: 1(Integer)
2021-08-06 18:36:36.286 [http-nio-5000-exec-10] "GET /v1/spec-key/1/detail HTTP/1.1" DEBUG i.g.t.latticy.mapper.SpecKeyMapper.selectById - <==      Total: 1
2021-08-06 18:36:36.287 [http-nio-5000-exec-10] "GET /v1/spec-key/1/detail HTTP/1.1" DEBUG i.g.t.latticy.mapper.SpecValueMapper.selectList - ==>  Preparing: SELECT id,create_time,update_time,delete_time,value,spec_id,extend FROM spec_value WHERE delete_time IS NULL AND (spec_id = ?)
2021-08-06 18:36:36.287 [http-nio-5000-exec-10] "GET /v1/spec-key/1/detail HTTP/1.1" DEBUG i.g.t.latticy.mapper.SpecValueMapper.selectList - ==> Parameters: 1(Integer)
2021-08-06 18:36:36.290 [http-nio-5000-exec-10] "GET /v1/spec-key/1/detail HTTP/1.1" DEBUG i.g.t.latticy.mapper.SpecValueMapper.selectList - <==      Total: 23
2021-08-06 18:36:36.291 [http-nio-5000-exec-10] "GET /v1/spec-key/1/detail HTTP/1.1" DEBUG o.s.w.s.m.m.a.RequestResponseBodyMethodProcessor - Using 'application/json', given [application/json, text/plain, */*] and supported [application/json, application/*+json, application/json, application/*+json]
2021-08-06 18:36:36.292 [http-nio-5000-exec-10] "GET /v1/spec-key/1/detail HTTP/1.1" DEBUG o.s.w.s.m.m.a.RequestResponseBodyMethodProcessor - Writing [SpecKeyAndItemsBO(id=1, name=颜色, unit=null, standard=1, description=null, items=[SpecValueDO(id=1, c (truncated)...]
2021-08-06 18:36:36.294 [http-nio-5000-exec-10] "GET /v1/spec-key/1/detail HTTP/1.1" DEBUG org.springframework.web.servlet.DispatcherServlet - Completed 200 OK
2021-08-06 18:40:38.774 [http-nio-5000-exec-2] "GET /v1/spec-key/1/detail HTTP/1.1" DEBUG org.springframework.web.servlet.DispatcherServlet - GET "/v1/spec-key/1/detail", parameters={}
2021-08-06 18:40:38.775 [http-nio-5000-exec-2] "GET /v1/spec-key/1/detail HTTP/1.1" DEBUG o.s.w.s.m.m.a.RequestMappingHandlerMapping - Mapped to io.github.talelin.latticy.controller.v1.SpecKeyController#detail(Integer)
2021-08-06 18:40:38.776 [http-nio-5000-exec-2] "GET /v1/spec-key/1/detail HTTP/1.1" DEBUG i.g.talelin.latticy.mapper.UserMapper.selectById - ==>  Preparing: SELECT id,username,nickname,avatar,email,create_time,update_time,delete_time FROM lin_user WHERE id=? AND delete_time IS NULL
2021-08-06 18:40:38.777 [http-nio-5000-exec-2] "GET /v1/spec-key/1/detail HTTP/1.1" DEBUG i.g.talelin.latticy.mapper.UserMapper.selectById - ==> Parameters: 1(Integer)
2021-08-06 18:40:38.778 [http-nio-5000-exec-2] "GET /v1/spec-key/1/detail HTTP/1.1" DEBUG i.g.talelin.latticy.mapper.UserMapper.selectById - <==      Total: 1
2021-08-06 18:40:38.779 [http-nio-5000-exec-2] "GET /v1/spec-key/1/detail HTTP/1.1" DEBUG i.g.t.latticy.mapper.SpecKeyMapper.selectById - ==>  Preparing: SELECT id,create_time,update_time,delete_time,name,unit,standard,description FROM spec_key WHERE id=? AND delete_time IS NULL
2021-08-06 18:40:38.779 [http-nio-5000-exec-2] "GET /v1/spec-key/1/detail HTTP/1.1" DEBUG i.g.t.latticy.mapper.SpecKeyMapper.selectById - ==> Parameters: 1(Integer)
2021-08-06 18:40:38.780 [http-nio-5000-exec-2] "GET /v1/spec-key/1/detail HTTP/1.1" DEBUG i.g.t.latticy.mapper.SpecKeyMapper.selectById - <==      Total: 1
2021-08-06 18:40:38.782 [http-nio-5000-exec-2] "GET /v1/spec-key/1/detail HTTP/1.1" DEBUG i.g.t.latticy.mapper.SpecValueMapper.selectList - ==>  Preparing: SELECT id,create_time,update_time,delete_time,value,spec_id,extend FROM spec_value WHERE delete_time IS NULL AND (spec_id = ?)
2021-08-06 18:40:38.782 [http-nio-5000-exec-2] "GET /v1/spec-key/1/detail HTTP/1.1" DEBUG i.g.t.latticy.mapper.SpecValueMapper.selectList - ==> Parameters: 1(Integer)
2021-08-06 18:40:38.784 [http-nio-5000-exec-2] "GET /v1/spec-key/1/detail HTTP/1.1" DEBUG i.g.t.latticy.mapper.SpecValueMapper.selectList - <==      Total: 23
2021-08-06 18:40:38.785 [http-nio-5000-exec-2] "GET /v1/spec-key/1/detail HTTP/1.1" DEBUG o.s.w.s.m.m.a.RequestResponseBodyMethodProcessor - Using 'application/json', given [application/json, text/plain, */*] and supported [application/json, application/*+json, application/json, application/*+json]
2021-08-06 18:40:38.785 [http-nio-5000-exec-2] "GET /v1/spec-key/1/detail HTTP/1.1" DEBUG o.s.w.s.m.m.a.RequestResponseBodyMethodProcessor - Writing [SpecKeyAndItemsBO(id=1, name=颜色, unit=null, standard=1, description=null, items=[SpecValueDO(id=1, c (truncated)...]
2021-08-06 18:40:38.788 [http-nio-5000-exec-2] "GET /v1/spec-key/1/detail HTTP/1.1" DEBUG org.springframework.web.servlet.DispatcherServlet - Completed 200 OK
2021-08-06 18:40:41.644 [http-nio-5000-exec-1] "OPTIONS /v1/spec-value/1 HTTP/1.1" DEBUG org.springframework.web.servlet.DispatcherServlet - OPTIONS "/v1/spec-value/1", parameters={}
2021-08-06 18:40:41.645 [http-nio-5000-exec-1] "OPTIONS /v1/spec-value/1 HTTP/1.1" DEBUG o.s.w.s.m.m.a.RequestMappingHandlerMapping - Mapped to io.github.talelin.latticy.controller.v1.SpecValueController#get(Integer)
2021-08-06 18:40:41.646 [http-nio-5000-exec-1] "OPTIONS /v1/spec-value/1 HTTP/1.1" DEBUG org.springframework.web.servlet.DispatcherServlet - Completed 200 OK
2021-08-06 18:40:41.649 [http-nio-5000-exec-8] "GET /v1/spec-value/1 HTTP/1.1" DEBUG org.springframework.web.servlet.DispatcherServlet - GET "/v1/spec-value/1", parameters={}
2021-08-06 18:40:41.649 [http-nio-5000-exec-8] "GET /v1/spec-value/1 HTTP/1.1" DEBUG o.s.w.s.m.m.a.RequestMappingHandlerMapping - Mapped to io.github.talelin.latticy.controller.v1.SpecValueController#get(Integer)
2021-08-06 18:40:41.650 [http-nio-5000-exec-8] "GET /v1/spec-value/1 HTTP/1.1" DEBUG i.g.talelin.latticy.mapper.UserMapper.selectById - ==>  Preparing: SELECT id,username,nickname,avatar,email,create_time,update_time,delete_time FROM lin_user WHERE id=? AND delete_time IS NULL
2021-08-06 18:40:41.650 [http-nio-5000-exec-8] "GET /v1/spec-value/1 HTTP/1.1" DEBUG i.g.talelin.latticy.mapper.UserMapper.selectById - ==> Parameters: 1(Integer)
2021-08-06 18:40:41.651 [http-nio-5000-exec-8] "GET /v1/spec-value/1 HTTP/1.1" DEBUG i.g.talelin.latticy.mapper.UserMapper.selectById - <==      Total: 1
2021-08-06 18:40:41.659 [http-nio-5000-exec-8] "GET /v1/spec-value/1 HTTP/1.1" DEBUG i.g.t.latticy.mapper.SpecValueMapper.selectById - ==>  Preparing: SELECT id,create_time,update_time,delete_time,value,spec_id,extend FROM spec_value WHERE id=? AND delete_time IS NULL
2021-08-06 18:40:41.659 [http-nio-5000-exec-8] "GET /v1/spec-value/1 HTTP/1.1" DEBUG i.g.t.latticy.mapper.SpecValueMapper.selectById - ==> Parameters: 1(Integer)
2021-08-06 18:40:41.662 [http-nio-5000-exec-8] "GET /v1/spec-value/1 HTTP/1.1" DEBUG i.g.t.latticy.mapper.SpecValueMapper.selectById - <==      Total: 1
2021-08-06 18:40:41.665 [http-nio-5000-exec-8] "GET /v1/spec-value/1 HTTP/1.1" DEBUG o.s.w.s.m.m.a.RequestResponseBodyMethodProcessor - Using 'application/json', given [application/json, text/plain, */*] and supported [application/json, application/*+json, application/json, application/*+json]
2021-08-06 18:40:41.665 [http-nio-5000-exec-8] "GET /v1/spec-value/1 HTTP/1.1" DEBUG o.s.w.s.m.m.a.RequestResponseBodyMethodProcessor - Writing [SpecValueDO(id=1, createTime=Mon Jun 14 23:27:22 CST 2021, updateTime=Mon Jun 14 23:27:26 CST 2021,  (truncated)...]
2021-08-06 18:40:41.666 [http-nio-5000-exec-8] "GET /v1/spec-value/1 HTTP/1.1" DEBUG org.springframework.web.servlet.DispatcherServlet - Completed 200 OK
2021-08-06 18:41:38.183 [http-nio-5000-exec-6] "GET /v1/spec-key/1/detail HTTP/1.1" DEBUG org.springframework.web.servlet.DispatcherServlet - GET "/v1/spec-key/1/detail", parameters={}
2021-08-06 18:41:38.184 [http-nio-5000-exec-6] "GET /v1/spec-key/1/detail HTTP/1.1" DEBUG o.s.w.s.m.m.a.RequestMappingHandlerMapping - Mapped to io.github.talelin.latticy.controller.v1.SpecKeyController#detail(Integer)
2021-08-06 18:41:38.185 [http-nio-5000-exec-6] "GET /v1/spec-key/1/detail HTTP/1.1" DEBUG i.g.talelin.latticy.mapper.UserMapper.selectById - ==>  Preparing: SELECT id,username,nickname,avatar,email,create_time,update_time,delete_time FROM lin_user WHERE id=? AND delete_time IS NULL
2021-08-06 18:41:38.185 [http-nio-5000-exec-6] "GET /v1/spec-key/1/detail HTTP/1.1" DEBUG i.g.talelin.latticy.mapper.UserMapper.selectById - ==> Parameters: 1(Integer)
2021-08-06 18:41:38.186 [http-nio-5000-exec-6] "GET /v1/spec-key/1/detail HTTP/1.1" DEBUG i.g.talelin.latticy.mapper.UserMapper.selectById - <==      Total: 1
2021-08-06 18:41:38.187 [http-nio-5000-exec-6] "GET /v1/spec-key/1/detail HTTP/1.1" DEBUG i.g.t.latticy.mapper.SpecKeyMapper.selectById - ==>  Preparing: SELECT id,create_time,update_time,delete_time,name,unit,standard,description FROM spec_key WHERE id=? AND delete_time IS NULL
2021-08-06 18:41:38.188 [http-nio-5000-exec-6] "GET /v1/spec-key/1/detail HTTP/1.1" DEBUG i.g.t.latticy.mapper.SpecKeyMapper.selectById - ==> Parameters: 1(Integer)
2021-08-06 18:41:38.189 [http-nio-5000-exec-6] "GET /v1/spec-key/1/detail HTTP/1.1" DEBUG i.g.t.latticy.mapper.SpecKeyMapper.selectById - <==      Total: 1
2021-08-06 18:41:38.190 [http-nio-5000-exec-6] "GET /v1/spec-key/1/detail HTTP/1.1" DEBUG i.g.t.latticy.mapper.SpecValueMapper.selectList - ==>  Preparing: SELECT id,create_time,update_time,delete_time,value,spec_id,extend FROM spec_value WHERE delete_time IS NULL AND (spec_id = ?)
2021-08-06 18:41:38.190 [http-nio-5000-exec-6] "GET /v1/spec-key/1/detail HTTP/1.1" DEBUG i.g.t.latticy.mapper.SpecValueMapper.selectList - ==> Parameters: 1(Integer)
2021-08-06 18:41:38.193 [http-nio-5000-exec-6] "GET /v1/spec-key/1/detail HTTP/1.1" DEBUG i.g.t.latticy.mapper.SpecValueMapper.selectList - <==      Total: 23
2021-08-06 18:41:38.194 [http-nio-5000-exec-6] "GET /v1/spec-key/1/detail HTTP/1.1" DEBUG o.s.w.s.m.m.a.RequestResponseBodyMethodProcessor - Using 'application/json', given [application/json, text/plain, */*] and supported [application/json, application/*+json, application/json, application/*+json]
2021-08-06 18:41:38.194 [http-nio-5000-exec-6] "GET /v1/spec-key/1/detail HTTP/1.1" DEBUG o.s.w.s.m.m.a.RequestResponseBodyMethodProcessor - Writing [SpecKeyAndItemsBO(id=1, name=颜色, unit=null, standard=1, description=null, items=[SpecValueDO(id=1, c (truncated)...]
2021-08-06 18:41:38.196 [http-nio-5000-exec-6] "GET /v1/spec-key/1/detail HTTP/1.1" DEBUG org.springframework.web.servlet.DispatcherServlet - Completed 200 OK
2021-08-06 18:41:40.318 [http-nio-5000-exec-9] "GET /v1/spec-key/1/detail HTTP/1.1" DEBUG org.springframework.web.servlet.DispatcherServlet - GET "/v1/spec-key/1/detail", parameters={}
2021-08-06 18:41:40.318 [http-nio-5000-exec-9] "GET /v1/spec-key/1/detail HTTP/1.1" DEBUG o.s.w.s.m.m.a.RequestMappingHandlerMapping - Mapped to io.github.talelin.latticy.controller.v1.SpecKeyController#detail(Integer)
2021-08-06 18:41:40.320 [http-nio-5000-exec-9] "GET /v1/spec-key/1/detail HTTP/1.1" DEBUG i.g.talelin.latticy.mapper.UserMapper.selectById - ==>  Preparing: SELECT id,username,nickname,avatar,email,create_time,update_time,delete_time FROM lin_user WHERE id=? AND delete_time IS NULL
2021-08-06 18:41:40.320 [http-nio-5000-exec-9] "GET /v1/spec-key/1/detail HTTP/1.1" DEBUG i.g.talelin.latticy.mapper.UserMapper.selectById - ==> Parameters: 1(Integer)
2021-08-06 18:41:40.321 [http-nio-5000-exec-9] "GET /v1/spec-key/1/detail HTTP/1.1" DEBUG i.g.talelin.latticy.mapper.UserMapper.selectById - <==      Total: 1
2021-08-06 18:41:40.322 [http-nio-5000-exec-9] "GET /v1/spec-key/1/detail HTTP/1.1" DEBUG i.g.t.latticy.mapper.SpecKeyMapper.selectById - ==>  Preparing: SELECT id,create_time,update_time,delete_time,name,unit,standard,description FROM spec_key WHERE id=? AND delete_time IS NULL
2021-08-06 18:41:40.322 [http-nio-5000-exec-9] "GET /v1/spec-key/1/detail HTTP/1.1" DEBUG i.g.t.latticy.mapper.SpecKeyMapper.selectById - ==> Parameters: 1(Integer)
2021-08-06 18:41:40.323 [http-nio-5000-exec-9] "GET /v1/spec-key/1/detail HTTP/1.1" DEBUG i.g.t.latticy.mapper.SpecKeyMapper.selectById - <==      Total: 1
2021-08-06 18:41:40.324 [http-nio-5000-exec-9] "GET /v1/spec-key/1/detail HTTP/1.1" DEBUG i.g.t.latticy.mapper.SpecValueMapper.selectList - ==>  Preparing: SELECT id,create_time,update_time,delete_time,value,spec_id,extend FROM spec_value WHERE delete_time IS NULL AND (spec_id = ?)
2021-08-06 18:41:40.324 [http-nio-5000-exec-9] "GET /v1/spec-key/1/detail HTTP/1.1" DEBUG i.g.t.latticy.mapper.SpecValueMapper.selectList - ==> Parameters: 1(Integer)
2021-08-06 18:41:40.326 [http-nio-5000-exec-9] "GET /v1/spec-key/1/detail HTTP/1.1" DEBUG i.g.t.latticy.mapper.SpecValueMapper.selectList - <==      Total: 23
2021-08-06 18:41:40.326 [http-nio-5000-exec-9] "GET /v1/spec-key/1/detail HTTP/1.1" DEBUG o.s.w.s.m.m.a.RequestResponseBodyMethodProcessor - Using 'application/json', given [application/json, text/plain, */*] and supported [application/json, application/*+json, application/json, application/*+json]
2021-08-06 18:41:40.327 [http-nio-5000-exec-9] "GET /v1/spec-key/1/detail HTTP/1.1" DEBUG o.s.w.s.m.m.a.RequestResponseBodyMethodProcessor - Writing [SpecKeyAndItemsBO(id=1, name=颜色, unit=null, standard=1, description=null, items=[SpecValueDO(id=1, c (truncated)...]
2021-08-06 18:41:40.328 [http-nio-5000-exec-9] "GET /v1/spec-key/1/detail HTTP/1.1" DEBUG org.springframework.web.servlet.DispatcherServlet - Completed 200 OK
