2021-08-05 19:25:14.328 [http-nio-5000-exec-7] "OPTIONS /cms/user/login HTTP/1.1" DEBUG org.springframework.web.servlet.DispatcherServlet - OPTIONS "/cms/user/login", parameters={}
2021-08-05 19:25:14.331 [http-nio-5000-exec-7] "OPTIONS /cms/user/login HTTP/1.1" DEBUG o.s.w.s.m.m.a.RequestMappingHandlerMapping - Mapped to io.github.talelin.latticy.controller.cms.UserController#login(LoginDTO)
2021-08-05 19:25:14.333 [http-nio-5000-exec-7] "OPTIONS /cms/user/login HTTP/1.1" DEBUG org.springframework.web.servlet.DispatcherServlet - Completed 200 OK
2021-08-05 19:25:14.337 [http-nio-5000-exec-9] "POST /cms/user/login HTTP/1.1" DEBUG org.springframework.web.servlet.DispatcherServlet - POST "/cms/user/login", parameters={}
2021-08-05 19:25:14.337 [http-nio-5000-exec-9] "POST /cms/user/login HTTP/1.1" DEBUG o.s.w.s.m.m.a.RequestMappingHandlerMapping - Mapped to io.github.talelin.latticy.controller.cms.UserController#login(LoginDTO)
2021-08-05 19:25:14.340 [http-nio-5000-exec-9] "POST /cms/user/login HTTP/1.1" DEBUG o.s.w.s.m.m.a.RequestResponseBodyMethodProcessor - Read "application/json;charset=UTF-8" to [LoginDTO(username=root, password=root)]
2021-08-05 19:25:14.349 [http-nio-5000-exec-9] "POST /cms/user/login HTTP/1.1" DEBUG i.g.talelin.latticy.mapper.UserMapper.selectOne - ==>  Preparing: SELECT id,username,nickname,avatar,email,create_time,update_time,delete_time FROM lin_user WHERE delete_time IS NULL AND (username = ?)
2021-08-05 19:25:14.349 [http-nio-5000-exec-9] "POST /cms/user/login HTTP/1.1" DEBUG i.g.talelin.latticy.mapper.UserMapper.selectOne - ==> Parameters: root(String)
2021-08-05 19:25:14.351 [http-nio-5000-exec-9] "POST /cms/user/login HTTP/1.1" DEBUG i.g.talelin.latticy.mapper.UserMapper.selectOne - <==      Total: 1
2021-08-05 19:25:14.353 [http-nio-5000-exec-9] "POST /cms/user/login HTTP/1.1" DEBUG i.g.t.latticy.mapper.UserIdentityMapper.selectOne - ==>  Preparing: SELECT id,user_id,identity_type,identifier,credential,create_time,update_time,delete_time FROM lin_user_identity WHERE delete_time IS NULL AND (user_id = ? AND identity_type = ? AND identifier = ?)
2021-08-05 19:25:14.353 [http-nio-5000-exec-9] "POST /cms/user/login HTTP/1.1" DEBUG i.g.t.latticy.mapper.UserIdentityMapper.selectOne - ==> Parameters: 1(Integer), USERNAME_PASSWORD(String), root(String)
2021-08-05 19:25:14.354 [http-nio-5000-exec-9] "POST /cms/user/login HTTP/1.1" DEBUG i.g.t.latticy.mapper.UserIdentityMapper.selectOne - <==      Total: 1
2021-08-05 19:25:14.639 [http-nio-5000-exec-9] "POST /cms/user/login HTTP/1.1" DEBUG o.s.w.s.m.m.a.ExceptionHandlerExceptionResolver - Using @ExceptionHandler io.github.talelin.latticy.common.exception.RestExceptionHandler#processException(HttpException, HttpServletRequest, HttpServletResponse)
2021-08-05 19:25:14.641 [http-nio-5000-exec-9] "POST /cms/user/login HTTP/1.1" DEBUG o.s.w.s.m.m.a.RequestResponseBodyMethodProcessor - Using 'application/json', given [application/json, text/plain, */*] and supported [application/json, application/*+json, application/json, application/*+json]
2021-08-05 19:25:14.641 [http-nio-5000-exec-9] "POST /cms/user/login HTTP/1.1" DEBUG o.s.w.s.m.m.a.RequestResponseBodyMethodProcessor - Writing [UnifyResponseVO(code=10031, message=用户名或密码错误, request=POST /cms/user/login)]
2021-08-05 19:25:14.644 [http-nio-5000-exec-9] "POST /cms/user/login HTTP/1.1" DEBUG org.springframework.web.servlet.DispatcherServlet - Completed 400 BAD_REQUEST
2021-08-05 19:25:21.595 [http-nio-5000-exec-10] "POST /cms/user/login HTTP/1.1" DEBUG org.springframework.web.servlet.DispatcherServlet - POST "/cms/user/login", parameters={}
2021-08-05 19:25:21.596 [http-nio-5000-exec-10] "POST /cms/user/login HTTP/1.1" DEBUG o.s.w.s.m.m.a.RequestMappingHandlerMapping - Mapped to io.github.talelin.latticy.controller.cms.UserController#login(LoginDTO)
2021-08-05 19:25:21.596 [http-nio-5000-exec-10] "POST /cms/user/login HTTP/1.1" DEBUG o.s.w.s.m.m.a.RequestResponseBodyMethodProcessor - Read "application/json;charset=UTF-8" to [LoginDTO(username=root, password=123456)]
2021-08-05 19:25:21.598 [http-nio-5000-exec-10] "POST /cms/user/login HTTP/1.1" DEBUG i.g.talelin.latticy.mapper.UserMapper.selectOne - ==>  Preparing: SELECT id,username,nickname,avatar,email,create_time,update_time,delete_time FROM lin_user WHERE delete_time IS NULL AND (username = ?)
2021-08-05 19:25:21.598 [http-nio-5000-exec-10] "POST /cms/user/login HTTP/1.1" DEBUG i.g.talelin.latticy.mapper.UserMapper.selectOne - ==> Parameters: root(String)
2021-08-05 19:25:21.599 [http-nio-5000-exec-10] "POST /cms/user/login HTTP/1.1" DEBUG i.g.talelin.latticy.mapper.UserMapper.selectOne - <==      Total: 1
2021-08-05 19:25:21.599 [http-nio-5000-exec-10] "POST /cms/user/login HTTP/1.1" DEBUG i.g.t.latticy.mapper.UserIdentityMapper.selectOne - ==>  Preparing: SELECT id,user_id,identity_type,identifier,credential,create_time,update_time,delete_time FROM lin_user_identity WHERE delete_time IS NULL AND (user_id = ? AND identity_type = ? AND identifier = ?)
2021-08-05 19:25:21.600 [http-nio-5000-exec-10] "POST /cms/user/login HTTP/1.1" DEBUG i.g.t.latticy.mapper.UserIdentityMapper.selectOne - ==> Parameters: 1(Integer), USERNAME_PASSWORD(String), root(String)
2021-08-05 19:25:21.600 [http-nio-5000-exec-10] "POST /cms/user/login HTTP/1.1" DEBUG i.g.t.latticy.mapper.UserIdentityMapper.selectOne - <==      Total: 1
2021-08-05 19:25:21.884 [http-nio-5000-exec-10] "POST /cms/user/login HTTP/1.1" DEBUG o.s.w.s.m.m.a.RequestResponseBodyMethodProcessor - Using 'application/json', given [application/json, text/plain, */*] and supported [application/json, application/*+json, application/json, application/*+json]
2021-08-05 19:25:21.885 [http-nio-5000-exec-10] "POST /cms/user/login HTTP/1.1" DEBUG o.s.w.s.m.m.a.RequestResponseBodyMethodProcessor - Writing [Tokens{accessToken='eyJ0eXAiOiJKV1QiLCJhbGciOiJIUzI1NiJ9.eyJpZGVudGl0eSI6MSwic2NvcGUiOiJsaW4iLCJ0eXB (truncated)...]
2021-08-05 19:25:21.886 [http-nio-5000-exec-10] "POST /cms/user/login HTTP/1.1" DEBUG org.springframework.web.servlet.DispatcherServlet - Completed 200 OK
2021-08-05 19:25:21.892 [http-nio-5000-exec-6] "OPTIONS /cms/user/permissions HTTP/1.1" DEBUG org.springframework.web.servlet.DispatcherServlet - OPTIONS "/cms/user/permissions", parameters={}
2021-08-05 19:25:21.892 [http-nio-5000-exec-6] "OPTIONS /cms/user/permissions HTTP/1.1" DEBUG o.s.w.s.m.m.a.RequestMappingHandlerMapping - Mapped to io.github.talelin.latticy.controller.cms.UserController#getPermissions()
2021-08-05 19:25:21.892 [http-nio-5000-exec-6] "OPTIONS /cms/user/permissions HTTP/1.1" DEBUG org.springframework.web.servlet.DispatcherServlet - Completed 200 OK
2021-08-05 19:25:21.894 [http-nio-5000-exec-5] "GET /cms/user/permissions HTTP/1.1" DEBUG org.springframework.web.servlet.DispatcherServlet - GET "/cms/user/permissions", parameters={}
2021-08-05 19:25:21.894 [http-nio-5000-exec-5] "GET /cms/user/permissions HTTP/1.1" DEBUG o.s.w.s.m.m.a.RequestMappingHandlerMapping - Mapped to io.github.talelin.latticy.controller.cms.UserController#getPermissions()
2021-08-05 19:25:21.895 [http-nio-5000-exec-5] "GET /cms/user/permissions HTTP/1.1" DEBUG i.g.talelin.latticy.mapper.UserMapper.selectById - ==>  Preparing: SELECT id,username,nickname,avatar,email,create_time,update_time,delete_time FROM lin_user WHERE id=? AND delete_time IS NULL
2021-08-05 19:25:21.895 [http-nio-5000-exec-5] "GET /cms/user/permissions HTTP/1.1" DEBUG i.g.talelin.latticy.mapper.UserMapper.selectById - ==> Parameters: 1(Integer)
2021-08-05 19:25:21.896 [http-nio-5000-exec-5] "GET /cms/user/permissions HTTP/1.1" DEBUG i.g.talelin.latticy.mapper.UserMapper.selectById - <==      Total: 1
2021-08-05 19:25:21.898 [http-nio-5000-exec-5] "GET /cms/user/permissions HTTP/1.1" DEBUG i.g.talelin.latticy.mapper.GroupMapper.selectOne - ==>  Preparing: SELECT id,name,info,`level`,create_time,update_time,delete_time FROM lin_group WHERE delete_time IS NULL AND (`level` = ?)
2021-08-05 19:25:21.898 [http-nio-5000-exec-5] "GET /cms/user/permissions HTTP/1.1" DEBUG i.g.talelin.latticy.mapper.GroupMapper.selectOne - ==> Parameters: 1(Integer)
2021-08-05 19:25:21.899 [http-nio-5000-exec-5] "GET /cms/user/permissions HTTP/1.1" DEBUG i.g.talelin.latticy.mapper.GroupMapper.selectOne - <==      Total: 1
2021-08-05 19:25:21.901 [http-nio-5000-exec-5] "GET /cms/user/permissions HTTP/1.1" DEBUG i.g.t.latticy.mapper.UserGroupMapper.selectOne - ==>  Preparing: SELECT id,user_id,group_id FROM lin_user_group WHERE (user_id = ? AND group_id = ?)
2021-08-05 19:25:21.901 [http-nio-5000-exec-5] "GET /cms/user/permissions HTTP/1.1" DEBUG i.g.t.latticy.mapper.UserGroupMapper.selectOne - ==> Parameters: 1(Integer), 1(Integer)
2021-08-05 19:25:21.902 [http-nio-5000-exec-5] "GET /cms/user/permissions HTTP/1.1" DEBUG i.g.t.latticy.mapper.UserGroupMapper.selectOne - <==      Total: 1
2021-08-05 19:25:21.903 [http-nio-5000-exec-5] "GET /cms/user/permissions HTTP/1.1" DEBUG i.g.t.l.mapper.GroupMapper.selectUserGroupIds - ==>  Preparing: SELECT g.id from lin_group AS g WHERE g.delete_time IS NULL AND g.id IN ( SELECT ug.group_id FROM lin_user AS u LEFT JOIN lin_user_group as ug ON ug.user_id = u.id WHERE u.id = ? AND u.delete_time IS NULL )
2021-08-05 19:25:21.903 [http-nio-5000-exec-5] "GET /cms/user/permissions HTTP/1.1" DEBUG i.g.t.l.mapper.GroupMapper.selectUserGroupIds - ==> Parameters: 1(Integer)
2021-08-05 19:25:21.904 [http-nio-5000-exec-5] "GET /cms/user/permissions HTTP/1.1" DEBUG i.g.t.l.mapper.GroupMapper.selectUserGroupIds - <==      Total: 1
2021-08-05 19:25:21.904 [http-nio-5000-exec-5] "GET /cms/user/permissions HTTP/1.1" DEBUG i.g.t.l.m.P.selectPermissionsByGroupIds - ==>  Preparing: SELECT p.id, p.name, p.module, p.mount, p.create_time, p.update_time, p.delete_time FROM lin_permission AS p WHERE p.delete_time IS NULL AND p.mount = true AND p.id IN ( SELECT gp.permission_id FROM lin_group_permission AS gp WHERE gp.group_id IN ( ? ) )
2021-08-05 19:25:21.905 [http-nio-5000-exec-5] "GET /cms/user/permissions HTTP/1.1" DEBUG i.g.t.l.m.P.selectPermissionsByGroupIds - ==> Parameters: 1(Integer)
2021-08-05 19:25:21.906 [http-nio-5000-exec-5] "GET /cms/user/permissions HTTP/1.1" DEBUG i.g.t.l.m.P.selectPermissionsByGroupIds - <==      Total: 0
2021-08-05 19:25:21.907 [http-nio-5000-exec-5] "GET /cms/user/permissions HTTP/1.1" DEBUG o.s.w.s.m.m.a.RequestResponseBodyMethodProcessor - Using 'application/json', given [application/json, text/plain, */*] and supported [application/json, application/*+json, application/json, application/*+json]
2021-08-05 19:25:21.907 [http-nio-5000-exec-5] "GET /cms/user/permissions HTTP/1.1" DEBUG o.s.w.s.m.m.a.RequestResponseBodyMethodProcessor - Writing [UserPermissionVO(id=1, nickname=root, avatar=null, admin=true, email=null, permissions=[])]
2021-08-05 19:25:21.907 [http-nio-5000-exec-5] "GET /cms/user/permissions HTTP/1.1" DEBUG org.springframework.web.servlet.DispatcherServlet - Completed 200 OK
2021-08-05 19:29:21.849 [http-nio-5000-exec-2] "OPTIONS /v1/activity/page HTTP/1.1" DEBUG org.springframework.web.servlet.DispatcherServlet - OPTIONS "/v1/activity/page?page=0&count=10", parameters={masked}
2021-08-05 19:29:21.853 [http-nio-5000-exec-2] "OPTIONS /v1/activity/page HTTP/1.1" DEBUG o.s.w.s.m.m.a.RequestMappingHandlerMapping - Mapped to io.github.talelin.latticy.controller.v1.ActivityController#page(Integer, Integer)
2021-08-05 19:29:21.855 [http-nio-5000-exec-2] "OPTIONS /v1/activity/page HTTP/1.1" DEBUG org.springframework.web.servlet.DispatcherServlet - Completed 200 OK
2021-08-05 19:29:21.859 [http-nio-5000-exec-1] "GET /v1/activity/page HTTP/1.1" DEBUG org.springframework.web.servlet.DispatcherServlet - GET "/v1/activity/page?page=0&count=10", parameters={masked}
2021-08-05 19:29:21.859 [http-nio-5000-exec-1] "GET /v1/activity/page HTTP/1.1" DEBUG o.s.w.s.m.m.a.RequestMappingHandlerMapping - Mapped to io.github.talelin.latticy.controller.v1.ActivityController#page(Integer, Integer)
2021-08-05 19:29:21.870 [http-nio-5000-exec-1] "GET /v1/activity/page HTTP/1.1" DEBUG i.g.talelin.latticy.mapper.UserMapper.selectById - ==>  Preparing: SELECT id,username,nickname,avatar,email,create_time,update_time,delete_time FROM lin_user WHERE id=? AND delete_time IS NULL
2021-08-05 19:29:21.870 [http-nio-5000-exec-1] "GET /v1/activity/page HTTP/1.1" DEBUG i.g.talelin.latticy.mapper.UserMapper.selectById - ==> Parameters: 1(Integer)
2021-08-05 19:29:21.873 [http-nio-5000-exec-1] "GET /v1/activity/page HTTP/1.1" DEBUG i.g.talelin.latticy.mapper.UserMapper.selectById - <==      Total: 1
2021-08-05 19:29:21.885 [http-nio-5000-exec-1] "GET /v1/activity/page HTTP/1.1" DEBUG i.g.t.l.mapper.ActivityMapper.selectPage_mpCount - ==>  Preparing: SELECT COUNT(*) FROM activity WHERE delete_time IS NULL
2021-08-05 19:29:21.886 [http-nio-5000-exec-1] "GET /v1/activity/page HTTP/1.1" DEBUG i.g.t.l.mapper.ActivityMapper.selectPage_mpCount - ==> Parameters: 
2021-08-05 19:29:21.887 [http-nio-5000-exec-1] "GET /v1/activity/page HTTP/1.1" DEBUG i.g.t.l.mapper.ActivityMapper.selectPage_mpCount - <==      Total: 1
2021-08-05 19:29:21.888 [http-nio-5000-exec-1] "GET /v1/activity/page HTTP/1.1" DEBUG i.g.t.latticy.mapper.ActivityMapper.selectPage - ==>  Preparing: SELECT id,title,description,start_time,end_time,remark,online,entrance_img,internal_top_img,name,create_time,update_time,delete_time FROM activity WHERE delete_time IS NULL LIMIT ?
2021-08-05 19:29:21.888 [http-nio-5000-exec-1] "GET /v1/activity/page HTTP/1.1" DEBUG i.g.t.latticy.mapper.ActivityMapper.selectPage - ==> Parameters: 10(Long)
2021-08-05 19:29:21.890 [http-nio-5000-exec-1] "GET /v1/activity/page HTTP/1.1" DEBUG i.g.t.latticy.mapper.ActivityMapper.selectPage - <==      Total: 1
2021-08-05 19:29:21.890 [http-nio-5000-exec-1] "GET /v1/activity/page HTTP/1.1" DEBUG o.s.w.s.m.m.a.RequestResponseBodyMethodProcessor - Using 'application/json', given [application/json, text/plain, */*] and supported [application/json, application/*+json, application/json, application/*+json]
2021-08-05 19:29:21.891 [http-nio-5000-exec-1] "GET /v1/activity/page HTTP/1.1" DEBUG o.s.w.s.m.m.a.RequestResponseBodyMethodProcessor - Writing [PageResponseVO(total=1, items=[ActivityDO(title=夏日好礼送不停, description=长夏村墟风日清, startTime=2019-08-03T1 (truncated)...]
2021-08-05 19:29:21.893 [http-nio-5000-exec-1] "GET /v1/activity/page HTTP/1.1" DEBUG org.springframework.web.servlet.DispatcherServlet - Completed 200 OK
2021-08-05 19:29:29.001 [http-nio-5000-exec-4] "GET /v1/activity/page HTTP/1.1" DEBUG org.springframework.web.servlet.DispatcherServlet - GET "/v1/activity/page?page=0&count=10", parameters={masked}
2021-08-05 19:29:29.001 [http-nio-5000-exec-4] "GET /v1/activity/page HTTP/1.1" DEBUG o.s.w.s.m.m.a.RequestMappingHandlerMapping - Mapped to io.github.talelin.latticy.controller.v1.ActivityController#page(Integer, Integer)
2021-08-05 19:29:29.002 [http-nio-5000-exec-4] "GET /v1/activity/page HTTP/1.1" DEBUG i.g.talelin.latticy.mapper.UserMapper.selectById - ==>  Preparing: SELECT id,username,nickname,avatar,email,create_time,update_time,delete_time FROM lin_user WHERE id=? AND delete_time IS NULL
2021-08-05 19:29:29.002 [http-nio-5000-exec-4] "GET /v1/activity/page HTTP/1.1" DEBUG i.g.talelin.latticy.mapper.UserMapper.selectById - ==> Parameters: 1(Integer)
2021-08-05 19:29:29.003 [http-nio-5000-exec-4] "GET /v1/activity/page HTTP/1.1" DEBUG i.g.talelin.latticy.mapper.UserMapper.selectById - <==      Total: 1
2021-08-05 19:29:29.006 [http-nio-5000-exec-4] "GET /v1/activity/page HTTP/1.1" DEBUG i.g.t.l.mapper.ActivityMapper.selectPage_mpCount - ==>  Preparing: SELECT COUNT(*) FROM activity WHERE delete_time IS NULL
2021-08-05 19:29:29.006 [http-nio-5000-exec-4] "GET /v1/activity/page HTTP/1.1" DEBUG i.g.t.l.mapper.ActivityMapper.selectPage_mpCount - ==> Parameters: 
2021-08-05 19:29:29.007 [http-nio-5000-exec-4] "GET /v1/activity/page HTTP/1.1" DEBUG i.g.t.l.mapper.ActivityMapper.selectPage_mpCount - <==      Total: 1
2021-08-05 19:29:29.008 [http-nio-5000-exec-4] "GET /v1/activity/page HTTP/1.1" DEBUG i.g.t.latticy.mapper.ActivityMapper.selectPage - ==>  Preparing: SELECT id,title,description,start_time,end_time,remark,online,entrance_img,internal_top_img,name,create_time,update_time,delete_time FROM activity WHERE delete_time IS NULL LIMIT ?
2021-08-05 19:29:29.008 [http-nio-5000-exec-4] "GET /v1/activity/page HTTP/1.1" DEBUG i.g.t.latticy.mapper.ActivityMapper.selectPage - ==> Parameters: 10(Long)
2021-08-05 19:29:29.010 [http-nio-5000-exec-4] "GET /v1/activity/page HTTP/1.1" DEBUG i.g.t.latticy.mapper.ActivityMapper.selectPage - <==      Total: 1
2021-08-05 19:29:29.011 [http-nio-5000-exec-4] "GET /v1/activity/page HTTP/1.1" DEBUG o.s.w.s.m.m.a.RequestResponseBodyMethodProcessor - Using 'application/json', given [application/json, text/plain, */*] and supported [application/json, application/*+json, application/json, application/*+json]
2021-08-05 19:29:29.011 [http-nio-5000-exec-4] "GET /v1/activity/page HTTP/1.1" DEBUG o.s.w.s.m.m.a.RequestResponseBodyMethodProcessor - Writing [PageResponseVO(total=1, items=[ActivityDO(title=夏日好礼送不停, description=长夏村墟风日清, startTime=2019-08-03T1 (truncated)...]
2021-08-05 19:29:29.011 [http-nio-5000-exec-4] "GET /v1/activity/page HTTP/1.1" DEBUG org.springframework.web.servlet.DispatcherServlet - Completed 200 OK
2021-08-05 20:31:37.639 [http-nio-5000-exec-7] "OPTIONS /cms/user/login HTTP/1.1" DEBUG org.springframework.web.servlet.DispatcherServlet - OPTIONS "/cms/user/login", parameters={}
2021-08-05 20:31:37.642 [http-nio-5000-exec-7] "OPTIONS /cms/user/login HTTP/1.1" DEBUG o.s.w.s.m.m.a.RequestMappingHandlerMapping - Mapped to io.github.talelin.latticy.controller.cms.UserController#login(LoginDTO)
2021-08-05 20:31:37.643 [http-nio-5000-exec-7] "OPTIONS /cms/user/login HTTP/1.1" DEBUG org.springframework.web.servlet.DispatcherServlet - Completed 200 OK
2021-08-05 20:31:37.647 [http-nio-5000-exec-9] "POST /cms/user/login HTTP/1.1" DEBUG org.springframework.web.servlet.DispatcherServlet - POST "/cms/user/login", parameters={}
2021-08-05 20:31:37.647 [http-nio-5000-exec-9] "POST /cms/user/login HTTP/1.1" DEBUG o.s.w.s.m.m.a.RequestMappingHandlerMapping - Mapped to io.github.talelin.latticy.controller.cms.UserController#login(LoginDTO)
2021-08-05 20:31:37.652 [http-nio-5000-exec-9] "POST /cms/user/login HTTP/1.1" DEBUG o.s.w.s.m.m.a.RequestResponseBodyMethodProcessor - Read "application/json;charset=UTF-8" to [LoginDTO(username=root, password=root)]
2021-08-05 20:31:37.664 [http-nio-5000-exec-9] "POST /cms/user/login HTTP/1.1" DEBUG i.g.talelin.latticy.mapper.UserMapper.selectOne - ==>  Preparing: SELECT id,username,nickname,avatar,email,create_time,update_time,delete_time FROM lin_user WHERE delete_time IS NULL AND (username = ?)
2021-08-05 20:31:37.664 [http-nio-5000-exec-9] "POST /cms/user/login HTTP/1.1" DEBUG i.g.talelin.latticy.mapper.UserMapper.selectOne - ==> Parameters: root(String)
2021-08-05 20:31:37.668 [http-nio-5000-exec-9] "POST /cms/user/login HTTP/1.1" DEBUG i.g.talelin.latticy.mapper.UserMapper.selectOne - <==      Total: 1
2021-08-05 20:31:37.670 [http-nio-5000-exec-9] "POST /cms/user/login HTTP/1.1" DEBUG i.g.t.latticy.mapper.UserIdentityMapper.selectOne - ==>  Preparing: SELECT id,user_id,identity_type,identifier,credential,create_time,update_time,delete_time FROM lin_user_identity WHERE delete_time IS NULL AND (user_id = ? AND identity_type = ? AND identifier = ?)
2021-08-05 20:31:37.670 [http-nio-5000-exec-9] "POST /cms/user/login HTTP/1.1" DEBUG i.g.t.latticy.mapper.UserIdentityMapper.selectOne - ==> Parameters: 1(Integer), USERNAME_PASSWORD(String), root(String)
2021-08-05 20:31:37.672 [http-nio-5000-exec-9] "POST /cms/user/login HTTP/1.1" DEBUG i.g.t.latticy.mapper.UserIdentityMapper.selectOne - <==      Total: 1
2021-08-05 20:31:37.969 [http-nio-5000-exec-9] "POST /cms/user/login HTTP/1.1" DEBUG o.s.w.s.m.m.a.ExceptionHandlerExceptionResolver - Using @ExceptionHandler io.github.talelin.latticy.common.exception.RestExceptionHandler#processException(HttpException, HttpServletRequest, HttpServletResponse)
2021-08-05 20:31:37.971 [http-nio-5000-exec-9] "POST /cms/user/login HTTP/1.1" DEBUG o.s.w.s.m.m.a.RequestResponseBodyMethodProcessor - Using 'application/json', given [application/json, text/plain, */*] and supported [application/json, application/*+json, application/json, application/*+json]
2021-08-05 20:31:37.971 [http-nio-5000-exec-9] "POST /cms/user/login HTTP/1.1" DEBUG o.s.w.s.m.m.a.RequestResponseBodyMethodProcessor - Writing [UnifyResponseVO(code=10031, message=用户名或密码错误, request=POST /cms/user/login)]
2021-08-05 20:31:37.976 [http-nio-5000-exec-9] "POST /cms/user/login HTTP/1.1" DEBUG org.springframework.web.servlet.DispatcherServlet - Completed 400 BAD_REQUEST
2021-08-05 20:31:42.843 [http-nio-5000-exec-10] "POST /cms/user/login HTTP/1.1" DEBUG org.springframework.web.servlet.DispatcherServlet - POST "/cms/user/login", parameters={}
2021-08-05 20:31:42.844 [http-nio-5000-exec-10] "POST /cms/user/login HTTP/1.1" DEBUG o.s.w.s.m.m.a.RequestMappingHandlerMapping - Mapped to io.github.talelin.latticy.controller.cms.UserController#login(LoginDTO)
2021-08-05 20:31:42.844 [http-nio-5000-exec-10] "POST /cms/user/login HTTP/1.1" DEBUG o.s.w.s.m.m.a.RequestResponseBodyMethodProcessor - Read "application/json;charset=UTF-8" to [LoginDTO(username=root, password=123456)]
2021-08-05 20:31:42.846 [http-nio-5000-exec-10] "POST /cms/user/login HTTP/1.1" DEBUG i.g.talelin.latticy.mapper.UserMapper.selectOne - ==>  Preparing: SELECT id,username,nickname,avatar,email,create_time,update_time,delete_time FROM lin_user WHERE delete_time IS NULL AND (username = ?)
2021-08-05 20:31:42.846 [http-nio-5000-exec-10] "POST /cms/user/login HTTP/1.1" DEBUG i.g.talelin.latticy.mapper.UserMapper.selectOne - ==> Parameters: root(String)
2021-08-05 20:31:42.847 [http-nio-5000-exec-10] "POST /cms/user/login HTTP/1.1" DEBUG i.g.talelin.latticy.mapper.UserMapper.selectOne - <==      Total: 1
2021-08-05 20:31:42.848 [http-nio-5000-exec-10] "POST /cms/user/login HTTP/1.1" DEBUG i.g.t.latticy.mapper.UserIdentityMapper.selectOne - ==>  Preparing: SELECT id,user_id,identity_type,identifier,credential,create_time,update_time,delete_time FROM lin_user_identity WHERE delete_time IS NULL AND (user_id = ? AND identity_type = ? AND identifier = ?)
2021-08-05 20:31:42.848 [http-nio-5000-exec-10] "POST /cms/user/login HTTP/1.1" DEBUG i.g.t.latticy.mapper.UserIdentityMapper.selectOne - ==> Parameters: 1(Integer), USERNAME_PASSWORD(String), root(String)
2021-08-05 20:31:42.849 [http-nio-5000-exec-10] "POST /cms/user/login HTTP/1.1" DEBUG i.g.t.latticy.mapper.UserIdentityMapper.selectOne - <==      Total: 1
2021-08-05 20:31:43.139 [http-nio-5000-exec-10] "POST /cms/user/login HTTP/1.1" DEBUG o.s.w.s.m.m.a.RequestResponseBodyMethodProcessor - Using 'application/json', given [application/json, text/plain, */*] and supported [application/json, application/*+json, application/json, application/*+json]
2021-08-05 20:31:43.139 [http-nio-5000-exec-10] "POST /cms/user/login HTTP/1.1" DEBUG o.s.w.s.m.m.a.RequestResponseBodyMethodProcessor - Writing [Tokens{accessToken='eyJ0eXAiOiJKV1QiLCJhbGciOiJIUzI1NiJ9.eyJpZGVudGl0eSI6MSwic2NvcGUiOiJsaW4iLCJ0eXB (truncated)...]
2021-08-05 20:31:43.140 [http-nio-5000-exec-10] "POST /cms/user/login HTTP/1.1" DEBUG org.springframework.web.servlet.DispatcherServlet - Completed 200 OK
2021-08-05 20:31:43.145 [http-nio-5000-exec-6] "OPTIONS /cms/user/permissions HTTP/1.1" DEBUG org.springframework.web.servlet.DispatcherServlet - OPTIONS "/cms/user/permissions", parameters={}
2021-08-05 20:31:43.145 [http-nio-5000-exec-6] "OPTIONS /cms/user/permissions HTTP/1.1" DEBUG o.s.w.s.m.m.a.RequestMappingHandlerMapping - Mapped to io.github.talelin.latticy.controller.cms.UserController#getPermissions()
2021-08-05 20:31:43.145 [http-nio-5000-exec-6] "OPTIONS /cms/user/permissions HTTP/1.1" DEBUG org.springframework.web.servlet.DispatcherServlet - Completed 200 OK
2021-08-05 20:31:43.147 [http-nio-5000-exec-5] "GET /cms/user/permissions HTTP/1.1" DEBUG org.springframework.web.servlet.DispatcherServlet - GET "/cms/user/permissions", parameters={}
2021-08-05 20:31:43.147 [http-nio-5000-exec-5] "GET /cms/user/permissions HTTP/1.1" DEBUG o.s.w.s.m.m.a.RequestMappingHandlerMapping - Mapped to io.github.talelin.latticy.controller.cms.UserController#getPermissions()
2021-08-05 20:31:43.149 [http-nio-5000-exec-5] "GET /cms/user/permissions HTTP/1.1" DEBUG i.g.talelin.latticy.mapper.UserMapper.selectById - ==>  Preparing: SELECT id,username,nickname,avatar,email,create_time,update_time,delete_time FROM lin_user WHERE id=? AND delete_time IS NULL
2021-08-05 20:31:43.149 [http-nio-5000-exec-5] "GET /cms/user/permissions HTTP/1.1" DEBUG i.g.talelin.latticy.mapper.UserMapper.selectById - ==> Parameters: 1(Integer)
2021-08-05 20:31:43.150 [http-nio-5000-exec-5] "GET /cms/user/permissions HTTP/1.1" DEBUG i.g.talelin.latticy.mapper.UserMapper.selectById - <==      Total: 1
2021-08-05 20:31:43.152 [http-nio-5000-exec-5] "GET /cms/user/permissions HTTP/1.1" DEBUG i.g.talelin.latticy.mapper.GroupMapper.selectOne - ==>  Preparing: SELECT id,name,info,`level`,create_time,update_time,delete_time FROM lin_group WHERE delete_time IS NULL AND (`level` = ?)
2021-08-05 20:31:43.152 [http-nio-5000-exec-5] "GET /cms/user/permissions HTTP/1.1" DEBUG i.g.talelin.latticy.mapper.GroupMapper.selectOne - ==> Parameters: 1(Integer)
2021-08-05 20:31:43.154 [http-nio-5000-exec-5] "GET /cms/user/permissions HTTP/1.1" DEBUG i.g.talelin.latticy.mapper.GroupMapper.selectOne - <==      Total: 1
2021-08-05 20:31:43.156 [http-nio-5000-exec-5] "GET /cms/user/permissions HTTP/1.1" DEBUG i.g.t.latticy.mapper.UserGroupMapper.selectOne - ==>  Preparing: SELECT id,user_id,group_id FROM lin_user_group WHERE (user_id = ? AND group_id = ?)
2021-08-05 20:31:43.156 [http-nio-5000-exec-5] "GET /cms/user/permissions HTTP/1.1" DEBUG i.g.t.latticy.mapper.UserGroupMapper.selectOne - ==> Parameters: 1(Integer), 1(Integer)
2021-08-05 20:31:43.157 [http-nio-5000-exec-5] "GET /cms/user/permissions HTTP/1.1" DEBUG i.g.t.latticy.mapper.UserGroupMapper.selectOne - <==      Total: 1
2021-08-05 20:31:43.158 [http-nio-5000-exec-5] "GET /cms/user/permissions HTTP/1.1" DEBUG i.g.t.l.mapper.GroupMapper.selectUserGroupIds - ==>  Preparing: SELECT g.id from lin_group AS g WHERE g.delete_time IS NULL AND g.id IN ( SELECT ug.group_id FROM lin_user AS u LEFT JOIN lin_user_group as ug ON ug.user_id = u.id WHERE u.id = ? AND u.delete_time IS NULL )
2021-08-05 20:31:43.158 [http-nio-5000-exec-5] "GET /cms/user/permissions HTTP/1.1" DEBUG i.g.t.l.mapper.GroupMapper.selectUserGroupIds - ==> Parameters: 1(Integer)
2021-08-05 20:31:43.159 [http-nio-5000-exec-5] "GET /cms/user/permissions HTTP/1.1" DEBUG i.g.t.l.mapper.GroupMapper.selectUserGroupIds - <==      Total: 1
2021-08-05 20:31:43.159 [http-nio-5000-exec-5] "GET /cms/user/permissions HTTP/1.1" DEBUG i.g.t.l.m.P.selectPermissionsByGroupIds - ==>  Preparing: SELECT p.id, p.name, p.module, p.mount, p.create_time, p.update_time, p.delete_time FROM lin_permission AS p WHERE p.delete_time IS NULL AND p.mount = true AND p.id IN ( SELECT gp.permission_id FROM lin_group_permission AS gp WHERE gp.group_id IN ( ? ) )
2021-08-05 20:31:43.159 [http-nio-5000-exec-5] "GET /cms/user/permissions HTTP/1.1" DEBUG i.g.t.l.m.P.selectPermissionsByGroupIds - ==> Parameters: 1(Integer)
2021-08-05 20:31:43.160 [http-nio-5000-exec-5] "GET /cms/user/permissions HTTP/1.1" DEBUG i.g.t.l.m.P.selectPermissionsByGroupIds - <==      Total: 0
2021-08-05 20:31:43.161 [http-nio-5000-exec-5] "GET /cms/user/permissions HTTP/1.1" DEBUG o.s.w.s.m.m.a.RequestResponseBodyMethodProcessor - Using 'application/json', given [application/json, text/plain, */*] and supported [application/json, application/*+json, application/json, application/*+json]
2021-08-05 20:31:43.161 [http-nio-5000-exec-5] "GET /cms/user/permissions HTTP/1.1" DEBUG o.s.w.s.m.m.a.RequestResponseBodyMethodProcessor - Writing [UserPermissionVO(id=1, nickname=root, avatar=null, admin=true, email=null, permissions=[])]
2021-08-05 20:31:43.162 [http-nio-5000-exec-5] "GET /cms/user/permissions HTTP/1.1" DEBUG org.springframework.web.servlet.DispatcherServlet - Completed 200 OK
2021-08-05 20:31:47.656 [http-nio-5000-exec-3] "OPTIONS /v1/activity/page HTTP/1.1" DEBUG org.springframework.web.servlet.DispatcherServlet - OPTIONS "/v1/activity/page?page=0&count=10", parameters={masked}
2021-08-05 20:31:47.657 [http-nio-5000-exec-3] "OPTIONS /v1/activity/page HTTP/1.1" DEBUG o.s.w.s.m.m.a.RequestMappingHandlerMapping - Mapped to io.github.talelin.latticy.controller.v1.ActivityController#page(Integer, Integer)
2021-08-05 20:31:47.658 [http-nio-5000-exec-3] "OPTIONS /v1/activity/page HTTP/1.1" DEBUG org.springframework.web.servlet.DispatcherServlet - Completed 200 OK
2021-08-05 20:31:47.661 [http-nio-5000-exec-2] "GET /v1/activity/page HTTP/1.1" DEBUG org.springframework.web.servlet.DispatcherServlet - GET "/v1/activity/page?page=0&count=10", parameters={masked}
2021-08-05 20:31:47.661 [http-nio-5000-exec-2] "GET /v1/activity/page HTTP/1.1" DEBUG o.s.w.s.m.m.a.RequestMappingHandlerMapping - Mapped to io.github.talelin.latticy.controller.v1.ActivityController#page(Integer, Integer)
2021-08-05 20:31:47.662 [http-nio-5000-exec-2] "GET /v1/activity/page HTTP/1.1" DEBUG i.g.talelin.latticy.mapper.UserMapper.selectById - ==>  Preparing: SELECT id,username,nickname,avatar,email,create_time,update_time,delete_time FROM lin_user WHERE id=? AND delete_time IS NULL
2021-08-05 20:31:47.662 [http-nio-5000-exec-2] "GET /v1/activity/page HTTP/1.1" DEBUG i.g.talelin.latticy.mapper.UserMapper.selectById - ==> Parameters: 1(Integer)
2021-08-05 20:31:47.663 [http-nio-5000-exec-2] "GET /v1/activity/page HTTP/1.1" DEBUG i.g.talelin.latticy.mapper.UserMapper.selectById - <==      Total: 1
2021-08-05 20:31:47.669 [http-nio-5000-exec-2] "GET /v1/activity/page HTTP/1.1" DEBUG i.g.t.l.mapper.ActivityMapper.selectPage_mpCount - ==>  Preparing: SELECT COUNT(*) FROM activity WHERE delete_time IS NULL
2021-08-05 20:31:47.669 [http-nio-5000-exec-2] "GET /v1/activity/page HTTP/1.1" DEBUG i.g.t.l.mapper.ActivityMapper.selectPage_mpCount - ==> Parameters: 
2021-08-05 20:31:47.670 [http-nio-5000-exec-2] "GET /v1/activity/page HTTP/1.1" DEBUG i.g.t.l.mapper.ActivityMapper.selectPage_mpCount - <==      Total: 1
2021-08-05 20:31:47.671 [http-nio-5000-exec-2] "GET /v1/activity/page HTTP/1.1" DEBUG i.g.t.latticy.mapper.ActivityMapper.selectPage - ==>  Preparing: SELECT id,title,description,start_time,end_time,remark,online,entrance_img,internal_top_img,name,create_time,update_time,delete_time FROM activity WHERE delete_time IS NULL LIMIT ?
2021-08-05 20:31:47.671 [http-nio-5000-exec-2] "GET /v1/activity/page HTTP/1.1" DEBUG i.g.t.latticy.mapper.ActivityMapper.selectPage - ==> Parameters: 10(Long)
2021-08-05 20:31:47.672 [http-nio-5000-exec-2] "GET /v1/activity/page HTTP/1.1" DEBUG i.g.t.latticy.mapper.ActivityMapper.selectPage - <==      Total: 1
2021-08-05 20:31:47.673 [http-nio-5000-exec-2] "GET /v1/activity/page HTTP/1.1" DEBUG o.s.w.s.m.m.a.RequestResponseBodyMethodProcessor - Using 'application/json', given [application/json, text/plain, */*] and supported [application/json, application/*+json, application/json, application/*+json]
2021-08-05 20:31:47.673 [http-nio-5000-exec-2] "GET /v1/activity/page HTTP/1.1" DEBUG o.s.w.s.m.m.a.RequestResponseBodyMethodProcessor - Writing [PageResponseVO(total=1, items=[ActivityDO(title=夏日好礼送不停, description=长夏村墟风日清, startTime=2019-08-03T1 (truncated)...]
2021-08-05 20:31:47.675 [http-nio-5000-exec-2] "GET /v1/activity/page HTTP/1.1" DEBUG org.springframework.web.servlet.DispatcherServlet - Completed 200 OK
2021-08-05 21:24:17.774 [http-nio-5000-exec-4] "OPTIONS /v1/activity/2/detail HTTP/1.1" DEBUG org.springframework.web.servlet.DispatcherServlet - OPTIONS "/v1/activity/2/detail", parameters={}
2021-08-05 21:24:17.775 [http-nio-5000-exec-8] "OPTIONS /v1/coupon/list HTTP/1.1" DEBUG org.springframework.web.servlet.DispatcherServlet - OPTIONS "/v1/coupon/list?id=2", parameters={masked}
2021-08-05 21:24:17.775 [http-nio-5000-exec-8] "OPTIONS /v1/coupon/list HTTP/1.1" DEBUG o.s.w.s.m.m.a.RequestMappingHandlerMapping - Mapped to io.github.talelin.latticy.controller.v1.CouponController#getListByActivityId(Integer)
2021-08-05 21:24:17.776 [http-nio-5000-exec-7] "OPTIONS /v1/coupon/templates HTTP/1.1" DEBUG org.springframework.web.servlet.DispatcherServlet - OPTIONS "/v1/coupon/templates", parameters={}
2021-08-05 21:24:17.776 [http-nio-5000-exec-7] "OPTIONS /v1/coupon/templates HTTP/1.1" DEBUG o.s.w.s.m.m.a.RequestMappingHandlerMapping - Mapped to io.github.talelin.latticy.controller.v1.CouponController#templates()
2021-08-05 21:24:17.776 [http-nio-5000-exec-4] "OPTIONS /v1/activity/2/detail HTTP/1.1" DEBUG o.s.w.s.m.m.a.RequestMappingHandlerMapping - Mapped to io.github.talelin.latticy.controller.v1.ActivityController#get(Integer)
2021-08-05 21:24:17.776 [http-nio-5000-exec-8] "OPTIONS /v1/coupon/list HTTP/1.1" DEBUG org.springframework.web.servlet.DispatcherServlet - Completed 200 OK
2021-08-05 21:24:17.776 [http-nio-5000-exec-7] "OPTIONS /v1/coupon/templates HTTP/1.1" DEBUG org.springframework.web.servlet.DispatcherServlet - Completed 200 OK
2021-08-05 21:24:17.776 [http-nio-5000-exec-4] "OPTIONS /v1/activity/2/detail HTTP/1.1" DEBUG org.springframework.web.servlet.DispatcherServlet - Completed 200 OK
2021-08-05 21:24:17.782 [http-nio-5000-exec-9] "GET /v1/coupon/templates HTTP/1.1" DEBUG org.springframework.web.servlet.DispatcherServlet - GET "/v1/coupon/templates", parameters={}
2021-08-05 21:24:17.782 [http-nio-5000-exec-10] "GET /v1/coupon/list HTTP/1.1" DEBUG org.springframework.web.servlet.DispatcherServlet - GET "/v1/coupon/list?id=2", parameters={masked}
2021-08-05 21:24:17.782 [http-nio-5000-exec-6] "GET /v1/activity/2/detail HTTP/1.1" DEBUG org.springframework.web.servlet.DispatcherServlet - GET "/v1/activity/2/detail", parameters={}
2021-08-05 21:24:17.782 [http-nio-5000-exec-9] "GET /v1/coupon/templates HTTP/1.1" DEBUG o.s.w.s.m.m.a.RequestMappingHandlerMapping - Mapped to io.github.talelin.latticy.controller.v1.CouponController#templates()
2021-08-05 21:24:17.782 [http-nio-5000-exec-10] "GET /v1/coupon/list HTTP/1.1" DEBUG o.s.w.s.m.m.a.RequestMappingHandlerMapping - Mapped to io.github.talelin.latticy.controller.v1.CouponController#getListByActivityId(Integer)
2021-08-05 21:24:17.782 [http-nio-5000-exec-6] "GET /v1/activity/2/detail HTTP/1.1" DEBUG o.s.w.s.m.m.a.RequestMappingHandlerMapping - Mapped to io.github.talelin.latticy.controller.v1.ActivityController#get(Integer)
2021-08-05 21:24:17.784 [http-nio-5000-exec-10] "GET /v1/coupon/list HTTP/1.1" DEBUG i.g.talelin.latticy.mapper.UserMapper.selectById - ==>  Preparing: SELECT id,username,nickname,avatar,email,create_time,update_time,delete_time FROM lin_user WHERE id=? AND delete_time IS NULL
2021-08-05 21:24:17.784 [http-nio-5000-exec-9] "GET /v1/coupon/templates HTTP/1.1" DEBUG i.g.talelin.latticy.mapper.UserMapper.selectById - ==>  Preparing: SELECT id,username,nickname,avatar,email,create_time,update_time,delete_time FROM lin_user WHERE id=? AND delete_time IS NULL
2021-08-05 21:24:17.785 [http-nio-5000-exec-9] "GET /v1/coupon/templates HTTP/1.1" DEBUG i.g.talelin.latticy.mapper.UserMapper.selectById - ==> Parameters: 1(Integer)
2021-08-05 21:24:17.785 [http-nio-5000-exec-6] "GET /v1/activity/2/detail HTTP/1.1" DEBUG i.g.talelin.latticy.mapper.UserMapper.selectById - ==>  Preparing: SELECT id,username,nickname,avatar,email,create_time,update_time,delete_time FROM lin_user WHERE id=? AND delete_time IS NULL
2021-08-05 21:24:17.785 [http-nio-5000-exec-10] "GET /v1/coupon/list HTTP/1.1" DEBUG i.g.talelin.latticy.mapper.UserMapper.selectById - ==> Parameters: 1(Integer)
2021-08-05 21:24:17.785 [http-nio-5000-exec-6] "GET /v1/activity/2/detail HTTP/1.1" DEBUG i.g.talelin.latticy.mapper.UserMapper.selectById - ==> Parameters: 1(Integer)
2021-08-05 21:24:17.788 [http-nio-5000-exec-9] "GET /v1/coupon/templates HTTP/1.1" DEBUG i.g.talelin.latticy.mapper.UserMapper.selectById - <==      Total: 1
2021-08-05 21:24:17.789 [http-nio-5000-exec-10] "GET /v1/coupon/list HTTP/1.1" DEBUG i.g.talelin.latticy.mapper.UserMapper.selectById - <==      Total: 1
2021-08-05 21:24:17.789 [http-nio-5000-exec-6] "GET /v1/activity/2/detail HTTP/1.1" DEBUG i.g.talelin.latticy.mapper.UserMapper.selectById - <==      Total: 1
2021-08-05 21:24:17.792 [http-nio-5000-exec-6] "GET /v1/activity/2/detail HTTP/1.1" DEBUG i.g.t.latticy.mapper.ActivityMapper.selectById - ==>  Preparing: SELECT id,title,description,start_time,end_time,remark,online,entrance_img,internal_top_img,name,create_time,update_time,delete_time FROM activity WHERE id=? AND delete_time IS NULL
2021-08-05 21:24:17.793 [http-nio-5000-exec-6] "GET /v1/activity/2/detail HTTP/1.1" DEBUG i.g.t.latticy.mapper.ActivityMapper.selectById - ==> Parameters: 2(Integer)
2021-08-05 21:24:17.794 [http-nio-5000-exec-9] "GET /v1/coupon/templates HTTP/1.1" DEBUG i.g.t.l.mapper.CouponTemplateMapper.selectList - ==>  Preparing: SELECT id,title,description,full_money,minus,discount,type,create_time,update_time,delete_time FROM coupon_template WHERE delete_time IS NULL
2021-08-05 21:24:17.794 [http-nio-5000-exec-9] "GET /v1/coupon/templates HTTP/1.1" DEBUG i.g.t.l.mapper.CouponTemplateMapper.selectList - ==> Parameters: 
2021-08-05 21:24:17.795 [http-nio-5000-exec-6] "GET /v1/activity/2/detail HTTP/1.1" DEBUG i.g.t.latticy.mapper.ActivityMapper.selectById - <==      Total: 1
2021-08-05 21:24:17.795 [http-nio-5000-exec-10] "GET /v1/coupon/list HTTP/1.1" DEBUG i.g.talelin.latticy.mapper.CouponMapper.selectList - ==>  Preparing: SELECT id,title,start_time,end_time,description,full_money,minus,rate,type,activity_id,remark,whole_store,create_time,update_time,delete_time FROM coupon WHERE delete_time IS NULL AND (activity_id = ?)
2021-08-05 21:24:17.796 [http-nio-5000-exec-10] "GET /v1/coupon/list HTTP/1.1" DEBUG i.g.talelin.latticy.mapper.CouponMapper.selectList - ==> Parameters: 2(Integer)
2021-08-05 21:24:17.796 [http-nio-5000-exec-6] "GET /v1/activity/2/detail HTTP/1.1" DEBUG i.g.t.l.mapper.CouponMapper.getCouponsByActivityId - ==>  Preparing: select c.id from coupon c where c.activity_id = ? and c.delete_time is null
2021-08-05 21:24:17.796 [http-nio-5000-exec-6] "GET /v1/activity/2/detail HTTP/1.1" DEBUG i.g.t.l.mapper.CouponMapper.getCouponsByActivityId - ==> Parameters: 2(Integer)
2021-08-05 21:24:17.797 [http-nio-5000-exec-6] "GET /v1/activity/2/detail HTTP/1.1" DEBUG i.g.t.l.mapper.CouponMapper.getCouponsByActivityId - <==      Total: 4
2021-08-05 21:24:17.799 [http-nio-5000-exec-10] "GET /v1/coupon/list HTTP/1.1" DEBUG i.g.talelin.latticy.mapper.CouponMapper.selectList - <==      Total: 4
2021-08-05 21:24:17.799 [http-nio-5000-exec-6] "GET /v1/activity/2/detail HTTP/1.1" DEBUG o.s.w.s.m.m.a.RequestResponseBodyMethodProcessor - Using 'application/json', given [application/json, text/plain, */*] and supported [application/json, application/*+json, application/json, application/*+json]
2021-08-05 21:24:17.799 [http-nio-5000-exec-9] "GET /v1/coupon/templates HTTP/1.1" DEBUG i.g.t.l.mapper.CouponTemplateMapper.selectList - <==      Total: 7
2021-08-05 21:24:17.799 [http-nio-5000-exec-6] "GET /v1/activity/2/detail HTTP/1.1" DEBUG o.s.w.s.m.m.a.RequestResponseBodyMethodProcessor - Writing [ActivityDetailDO(couponIds=[3, 4, 7, 11])]
2021-08-05 21:24:17.799 [http-nio-5000-exec-10] "GET /v1/coupon/list HTTP/1.1" DEBUG o.s.w.s.m.m.a.RequestResponseBodyMethodProcessor - Using 'application/json', given [application/json, text/plain, */*] and supported [application/json, application/*+json, application/json, application/*+json]
2021-08-05 21:24:17.800 [http-nio-5000-exec-10] "GET /v1/coupon/list HTTP/1.1" DEBUG o.s.w.s.m.m.a.RequestResponseBodyMethodProcessor - Writing [[CouponDO(title=满1000-230, startTime=2019-08-05T06:11:42, endTime=2031-08-05T06:11:48, description=n (truncated)...]
2021-08-05 21:24:17.800 [http-nio-5000-exec-9] "GET /v1/coupon/templates HTTP/1.1" DEBUG o.s.w.s.m.m.a.RequestResponseBodyMethodProcessor - Using 'application/json', given [application/json, text/plain, */*] and supported [application/json, application/*+json, application/json, application/*+json]
2021-08-05 21:24:17.800 [http-nio-5000-exec-9] "GET /v1/coupon/templates HTTP/1.1" DEBUG o.s.w.s.m.m.a.RequestResponseBodyMethodProcessor - Writing [[CouponTemplateDO(title=满1000-230, description=null, fullMoney=1000.00, minus=230.00, discount=null, (truncated)...]
2021-08-05 21:24:17.801 [http-nio-5000-exec-6] "GET /v1/activity/2/detail HTTP/1.1" DEBUG org.springframework.web.servlet.DispatcherServlet - Completed 200 OK
2021-08-05 21:24:17.802 [http-nio-5000-exec-10] "GET /v1/coupon/list HTTP/1.1" DEBUG org.springframework.web.servlet.DispatcherServlet - Completed 200 OK
2021-08-05 21:24:17.802 [http-nio-5000-exec-9] "GET /v1/coupon/templates HTTP/1.1" DEBUG org.springframework.web.servlet.DispatcherServlet - Completed 200 OK
2021-08-05 21:29:02.350 [http-nio-5000-exec-1] "OPTIONS /v1/theme/page HTTP/1.1" DEBUG org.springframework.web.servlet.DispatcherServlet - OPTIONS "/v1/theme/page?page=0&count=10", parameters={masked}
2021-08-05 21:29:02.354 [http-nio-5000-exec-1] "OPTIONS /v1/theme/page HTTP/1.1" DEBUG o.s.w.s.m.m.a.RequestMappingHandlerMapping - Mapped to io.github.talelin.latticy.controller.v1.ThemeController#page(Integer, Integer)
2021-08-05 21:29:02.355 [http-nio-5000-exec-1] "OPTIONS /v1/theme/page HTTP/1.1" DEBUG org.springframework.web.servlet.DispatcherServlet - Completed 200 OK
2021-08-05 21:29:02.359 [http-nio-5000-exec-8] "GET /v1/theme/page HTTP/1.1" DEBUG org.springframework.web.servlet.DispatcherServlet - GET "/v1/theme/page?page=0&count=10", parameters={masked}
2021-08-05 21:29:02.359 [http-nio-5000-exec-8] "GET /v1/theme/page HTTP/1.1" DEBUG o.s.w.s.m.m.a.RequestMappingHandlerMapping - Mapped to io.github.talelin.latticy.controller.v1.ThemeController#page(Integer, Integer)
2021-08-05 21:29:02.361 [http-nio-5000-exec-8] "GET /v1/theme/page HTTP/1.1" DEBUG i.g.talelin.latticy.mapper.UserMapper.selectById - ==>  Preparing: SELECT id,username,nickname,avatar,email,create_time,update_time,delete_time FROM lin_user WHERE id=? AND delete_time IS NULL
2021-08-05 21:29:02.362 [http-nio-5000-exec-8] "GET /v1/theme/page HTTP/1.1" DEBUG i.g.talelin.latticy.mapper.UserMapper.selectById - ==> Parameters: 1(Integer)
2021-08-05 21:29:02.363 [http-nio-5000-exec-8] "GET /v1/theme/page HTTP/1.1" DEBUG i.g.talelin.latticy.mapper.UserMapper.selectById - <==      Total: 1
2021-08-05 21:29:02.403 [http-nio-5000-exec-8] "GET /v1/theme/page HTTP/1.1" DEBUG i.g.t.l.mapper.ThemeMapper.selectPage_mpCount - ==>  Preparing: SELECT COUNT(*) FROM theme WHERE delete_time IS NULL
2021-08-05 21:29:02.403 [http-nio-5000-exec-8] "GET /v1/theme/page HTTP/1.1" DEBUG i.g.t.l.mapper.ThemeMapper.selectPage_mpCount - ==> Parameters: 
2021-08-05 21:29:02.407 [http-nio-5000-exec-8] "GET /v1/theme/page HTTP/1.1" DEBUG i.g.t.l.mapper.ThemeMapper.selectPage_mpCount - <==      Total: 1
2021-08-05 21:29:02.407 [http-nio-5000-exec-8] "GET /v1/theme/page HTTP/1.1" DEBUG i.g.talelin.latticy.mapper.ThemeMapper.selectPage - ==>  Preparing: SELECT id,title,description,name,tpl_name,entrance_img,extend,internal_top_img,title_img,online,create_time,update_time,delete_time FROM theme WHERE delete_time IS NULL LIMIT ?
2021-08-05 21:29:02.407 [http-nio-5000-exec-8] "GET /v1/theme/page HTTP/1.1" DEBUG i.g.talelin.latticy.mapper.ThemeMapper.selectPage - ==> Parameters: 10(Long)
2021-08-05 21:29:02.411 [http-nio-5000-exec-8] "GET /v1/theme/page HTTP/1.1" DEBUG i.g.talelin.latticy.mapper.ThemeMapper.selectPage - <==      Total: 6
2021-08-05 21:29:02.412 [http-nio-5000-exec-8] "GET /v1/theme/page HTTP/1.1" DEBUG o.s.w.s.m.m.a.RequestResponseBodyMethodProcessor - Using 'application/json', given [application/json, text/plain, */*] and supported [application/json, application/*+json, application/json, application/*+json]
2021-08-05 21:29:02.413 [http-nio-5000-exec-8] "GET /v1/theme/page HTTP/1.1" DEBUG o.s.w.s.m.m.a.RequestResponseBodyMethodProcessor - Writing [PageResponseVO(total=6, items=[ThemeDO(title=清凉一夏，折扣季, description=秋天是金色的。麦穗是金色的，秋阳是金色的。虽然冬快至，但宜人的温度 (truncated)...]
2021-08-05 21:29:02.417 [http-nio-5000-exec-8] "GET /v1/theme/page HTTP/1.1" DEBUG org.springframework.web.servlet.DispatcherServlet - Completed 200 OK
2021-08-05 21:29:02.522 [http-nio-5000-exec-7] "GET /assets/2021/08/02/814b8737ad1a4ed6881fb25496bcfcea.jpeg HTTP/1.1" DEBUG org.springframework.web.servlet.DispatcherServlet - GET "/assets/2021/08/02/814b8737ad1a4ed6881fb25496bcfcea.jpeg", parameters={}
2021-08-05 21:29:02.524 [http-nio-5000-exec-7] "GET /assets/2021/08/02/814b8737ad1a4ed6881fb25496bcfcea.jpeg HTTP/1.1" DEBUG o.s.web.servlet.handler.SimpleUrlHandlerMapping - Mapped to ResourceHttpRequestHandler [URL [file:/Users/mac/Downloads/lin-cms-spring-boot-0.2.1-RELEASE/assets/]]
2021-08-05 21:29:02.529 [http-nio-5000-exec-7] "GET /assets/2021/08/02/814b8737ad1a4ed6881fb25496bcfcea.jpeg HTTP/1.1" DEBUG org.springframework.web.servlet.DispatcherServlet - Completed 304 NOT_MODIFIED
2021-08-05 21:29:02.532 [http-nio-5000-exec-4] "GET /assets/2021/08/03/3dc109cc9f3c4bd4a16cb0ce90f90a25.jpeg HTTP/1.1" DEBUG org.springframework.web.servlet.DispatcherServlet - GET "/assets/2021/08/03/3dc109cc9f3c4bd4a16cb0ce90f90a25.jpeg", parameters={}
2021-08-05 21:29:02.533 [http-nio-5000-exec-4] "GET /assets/2021/08/03/3dc109cc9f3c4bd4a16cb0ce90f90a25.jpeg HTTP/1.1" DEBUG o.s.web.servlet.handler.SimpleUrlHandlerMapping - Mapped to ResourceHttpRequestHandler [URL [file:/Users/mac/Downloads/lin-cms-spring-boot-0.2.1-RELEASE/assets/]]
2021-08-05 21:29:02.534 [http-nio-5000-exec-6] "GET /assets/2021/08/03/4a6895912e384cbf9015f11fb14e3e0d.jpeg HTTP/1.1" DEBUG org.springframework.web.servlet.DispatcherServlet - GET "/assets/2021/08/03/4a6895912e384cbf9015f11fb14e3e0d.jpeg", parameters={}
2021-08-05 21:29:02.535 [http-nio-5000-exec-4] "GET /assets/2021/08/03/3dc109cc9f3c4bd4a16cb0ce90f90a25.jpeg HTTP/1.1" DEBUG org.springframework.web.servlet.DispatcherServlet - Completed 304 NOT_MODIFIED
2021-08-05 21:29:02.535 [http-nio-5000-exec-10] "GET /assets/2021/07/28/d687d28ae3b64a8abd0060e5ae0a33fc.jpeg HTTP/1.1" DEBUG org.springframework.web.servlet.DispatcherServlet - GET "/assets/2021/07/28/d687d28ae3b64a8abd0060e5ae0a33fc.jpeg", parameters={}
2021-08-05 21:29:02.535 [http-nio-5000-exec-6] "GET /assets/2021/08/03/4a6895912e384cbf9015f11fb14e3e0d.jpeg HTTP/1.1" DEBUG o.s.web.servlet.handler.SimpleUrlHandlerMapping - Mapped to ResourceHttpRequestHandler [URL [file:/Users/mac/Downloads/lin-cms-spring-boot-0.2.1-RELEASE/assets/]]
2021-08-05 21:29:02.537 [http-nio-5000-exec-10] "GET /assets/2021/07/28/d687d28ae3b64a8abd0060e5ae0a33fc.jpeg HTTP/1.1" DEBUG o.s.web.servlet.handler.SimpleUrlHandlerMapping - Mapped to ResourceHttpRequestHandler [URL [file:/Users/mac/Downloads/lin-cms-spring-boot-0.2.1-RELEASE/assets/]]
2021-08-05 21:29:02.538 [http-nio-5000-exec-10] "GET /assets/2021/07/28/d687d28ae3b64a8abd0060e5ae0a33fc.jpeg HTTP/1.1" DEBUG org.springframework.web.servlet.DispatcherServlet - Completed 304 NOT_MODIFIED
2021-08-05 21:29:02.538 [http-nio-5000-exec-9] "GET /assets/2021/08/03/288039a9cc434b58a39768079d21e15a.png HTTP/1.1" DEBUG org.springframework.web.servlet.DispatcherServlet - GET "/assets/2021/08/03/288039a9cc434b58a39768079d21e15a.png", parameters={}
2021-08-05 21:29:02.539 [http-nio-5000-exec-6] "GET /assets/2021/08/03/4a6895912e384cbf9015f11fb14e3e0d.jpeg HTTP/1.1" DEBUG org.springframework.web.servlet.DispatcherServlet - Completed 304 NOT_MODIFIED
2021-08-05 21:29:02.540 [http-nio-5000-exec-9] "GET /assets/2021/08/03/288039a9cc434b58a39768079d21e15a.png HTTP/1.1" DEBUG o.s.web.servlet.handler.SimpleUrlHandlerMapping - Mapped to ResourceHttpRequestHandler [URL [file:/Users/mac/Downloads/lin-cms-spring-boot-0.2.1-RELEASE/assets/]]
2021-08-05 21:29:02.541 [http-nio-5000-exec-9] "GET /assets/2021/08/03/288039a9cc434b58a39768079d21e15a.png HTTP/1.1" DEBUG org.springframework.web.servlet.DispatcherServlet - Completed 304 NOT_MODIFIED
2021-08-05 21:29:02.546 [http-nio-5000-exec-3] "GET /assets/2021/08/03/56e33a282f9f4a4691142c7e13a51648.jpeg HTTP/1.1" DEBUG org.springframework.web.servlet.DispatcherServlet - GET "/assets/2021/08/03/56e33a282f9f4a4691142c7e13a51648.jpeg", parameters={}
2021-08-05 21:29:02.559 [http-nio-5000-exec-3] "GET /assets/2021/08/03/56e33a282f9f4a4691142c7e13a51648.jpeg HTTP/1.1" DEBUG o.s.web.servlet.handler.SimpleUrlHandlerMapping - Mapped to ResourceHttpRequestHandler [URL [file:/Users/mac/Downloads/lin-cms-spring-boot-0.2.1-RELEASE/assets/]]
2021-08-05 21:29:02.561 [http-nio-5000-exec-3] "GET /assets/2021/08/03/56e33a282f9f4a4691142c7e13a51648.jpeg HTTP/1.1" DEBUG org.springframework.web.servlet.DispatcherServlet - Completed 304 NOT_MODIFIED
2021-08-05 21:29:05.571 [http-nio-5000-exec-5] "OPTIONS /v1/theme/1 HTTP/1.1" DEBUG org.springframework.web.servlet.DispatcherServlet - OPTIONS "/v1/theme/1", parameters={}
2021-08-05 21:29:05.572 [http-nio-5000-exec-5] "OPTIONS /v1/theme/1 HTTP/1.1" DEBUG o.s.w.s.m.m.a.RequestMappingHandlerMapping - Mapped to io.github.talelin.latticy.controller.v1.ThemeController#get(Integer)
2021-08-05 21:29:05.573 [http-nio-5000-exec-5] "OPTIONS /v1/theme/1 HTTP/1.1" DEBUG org.springframework.web.servlet.DispatcherServlet - Completed 200 OK
2021-08-05 21:29:05.577 [http-nio-5000-exec-2] "GET /v1/theme/1 HTTP/1.1" DEBUG org.springframework.web.servlet.DispatcherServlet - GET "/v1/theme/1", parameters={}
2021-08-05 21:29:05.578 [http-nio-5000-exec-2] "GET /v1/theme/1 HTTP/1.1" DEBUG o.s.w.s.m.m.a.RequestMappingHandlerMapping - Mapped to io.github.talelin.latticy.controller.v1.ThemeController#get(Integer)
2021-08-05 21:29:05.579 [http-nio-5000-exec-2] "GET /v1/theme/1 HTTP/1.1" DEBUG i.g.talelin.latticy.mapper.UserMapper.selectById - ==>  Preparing: SELECT id,username,nickname,avatar,email,create_time,update_time,delete_time FROM lin_user WHERE id=? AND delete_time IS NULL
2021-08-05 21:29:05.579 [http-nio-5000-exec-2] "GET /v1/theme/1 HTTP/1.1" DEBUG i.g.talelin.latticy.mapper.UserMapper.selectById - ==> Parameters: 1(Integer)
2021-08-05 21:29:05.581 [http-nio-5000-exec-2] "GET /v1/theme/1 HTTP/1.1" DEBUG i.g.talelin.latticy.mapper.UserMapper.selectById - <==      Total: 1
2021-08-05 21:29:05.584 [http-nio-5000-exec-2] "GET /v1/theme/1 HTTP/1.1" DEBUG i.g.talelin.latticy.mapper.ThemeMapper.selectById - ==>  Preparing: SELECT id,title,description,name,tpl_name,entrance_img,extend,internal_top_img,title_img,online,create_time,update_time,delete_time FROM theme WHERE id=? AND delete_time IS NULL
2021-08-05 21:29:05.585 [http-nio-5000-exec-2] "GET /v1/theme/1 HTTP/1.1" DEBUG i.g.talelin.latticy.mapper.ThemeMapper.selectById - ==> Parameters: 1(Integer)
2021-08-05 21:29:05.586 [http-nio-5000-exec-2] "GET /v1/theme/1 HTTP/1.1" DEBUG i.g.talelin.latticy.mapper.ThemeMapper.selectById - <==      Total: 1
2021-08-05 21:29:05.589 [http-nio-5000-exec-2] "GET /v1/theme/1 HTTP/1.1" DEBUG o.s.w.s.m.m.a.RequestResponseBodyMethodProcessor - Using 'application/json', given [application/json, text/plain, */*] and supported [application/json, application/*+json, application/json, application/*+json]
2021-08-05 21:29:05.590 [http-nio-5000-exec-2] "GET /v1/theme/1 HTTP/1.1" DEBUG o.s.w.s.m.m.a.RequestResponseBodyMethodProcessor - Writing [ThemeDO(title=清凉一夏，折扣季, description=秋天是金色的。麦穗是金色的，秋阳是金色的。虽然冬快至，但宜人的温度总是让我们心情愉快#我们为您精选了一系列秋冬折扣商品，慢慢挑选 (truncated)...]
2021-08-05 21:29:05.592 [http-nio-5000-exec-2] "GET /v1/theme/1 HTTP/1.1" DEBUG org.springframework.web.servlet.DispatcherServlet - Completed 200 OK
2021-08-05 21:29:05.654 [http-nio-5000-exec-1] "OPTIONS /v1/theme/spus HTTP/1.1" DEBUG org.springframework.web.servlet.DispatcherServlet - OPTIONS "/v1/theme/spus?id=1", parameters={masked}
2021-08-05 21:29:05.655 [http-nio-5000-exec-1] "OPTIONS /v1/theme/spus HTTP/1.1" DEBUG o.s.w.s.m.m.a.RequestMappingHandlerMapping - Mapped to io.github.talelin.latticy.controller.v1.ThemeController#getSpus(Integer)
2021-08-05 21:29:05.655 [http-nio-5000-exec-1] "OPTIONS /v1/theme/spus HTTP/1.1" DEBUG org.springframework.web.servlet.DispatcherServlet - Completed 200 OK
2021-08-05 21:29:05.658 [http-nio-5000-exec-8] "GET /v1/theme/spus HTTP/1.1" DEBUG org.springframework.web.servlet.DispatcherServlet - GET "/v1/theme/spus?id=1", parameters={masked}
2021-08-05 21:29:05.658 [http-nio-5000-exec-8] "GET /v1/theme/spus HTTP/1.1" DEBUG o.s.w.s.m.m.a.RequestMappingHandlerMapping - Mapped to io.github.talelin.latticy.controller.v1.ThemeController#getSpus(Integer)
2021-08-05 21:29:05.659 [http-nio-5000-exec-8] "GET /v1/theme/spus HTTP/1.1" DEBUG i.g.talelin.latticy.mapper.UserMapper.selectById - ==>  Preparing: SELECT id,username,nickname,avatar,email,create_time,update_time,delete_time FROM lin_user WHERE id=? AND delete_time IS NULL
2021-08-05 21:29:05.660 [http-nio-5000-exec-8] "GET /v1/theme/spus HTTP/1.1" DEBUG i.g.talelin.latticy.mapper.UserMapper.selectById - ==> Parameters: 1(Integer)
2021-08-05 21:29:05.661 [http-nio-5000-exec-8] "GET /v1/theme/spus HTTP/1.1" DEBUG i.g.talelin.latticy.mapper.UserMapper.selectById - <==      Total: 1
2021-08-05 21:29:05.667 [http-nio-5000-exec-8] "GET /v1/theme/spus HTTP/1.1" DEBUG i.g.talelin.latticy.mapper.ThemeMapper.getSpus - ==>  Preparing: select s.id, s.title, s.subtitle, s.img, ts.id tid from spu s right join theme_spu ts on s.id = ts.spu_id where s.delete_time is null and ts.theme_id = ?
2021-08-05 21:29:05.667 [http-nio-5000-exec-8] "GET /v1/theme/spus HTTP/1.1" DEBUG i.g.talelin.latticy.mapper.ThemeMapper.getSpus - ==> Parameters: 1(Integer)
2021-08-05 21:29:05.673 [http-nio-5000-exec-8] "GET /v1/theme/spus HTTP/1.1" DEBUG i.g.talelin.latticy.mapper.ThemeMapper.getSpus - <==      Total: 8
2021-08-05 21:29:05.674 [http-nio-5000-exec-8] "GET /v1/theme/spus HTTP/1.1" DEBUG o.s.w.s.m.m.a.RequestResponseBodyMethodProcessor - Using 'application/json', given [application/json, text/plain, */*] and supported [application/json, application/*+json, application/json, application/*+json]
2021-08-05 21:29:05.674 [http-nio-5000-exec-8] "GET /v1/theme/spus HTTP/1.1" DEBUG o.s.w.s.m.m.a.RequestResponseBodyMethodProcessor - Writing [[SimplifySpuDO(id=25, title=复古双色沙发, subtitle=双色可选，经典青黄两色, img=http://i1.sleeve.talelin.com/assets/2d (truncated)...]
2021-08-05 21:29:05.678 [http-nio-5000-exec-8] "GET /v1/theme/spus HTTP/1.1" DEBUG org.springframework.web.servlet.DispatcherServlet - Completed 200 OK
2021-08-05 21:30:02.133 [http-nio-5000-exec-7] "OPTIONS /v1/theme/spu/list HTTP/1.1" DEBUG org.springframework.web.servlet.DispatcherServlet - OPTIONS "/v1/theme/spu/list?id=1", parameters={masked}
2021-08-05 21:30:02.133 [http-nio-5000-exec-7] "OPTIONS /v1/theme/spu/list HTTP/1.1" DEBUG o.s.w.s.m.m.a.RequestMappingHandlerMapping - Mapped to io.github.talelin.latticy.controller.v1.ThemeController#getSpuList(Integer)
2021-08-05 21:30:02.134 [http-nio-5000-exec-7] "OPTIONS /v1/theme/spu/list HTTP/1.1" DEBUG org.springframework.web.servlet.DispatcherServlet - Completed 200 OK
2021-08-05 21:30:02.137 [http-nio-5000-exec-4] "GET /v1/theme/spu/list HTTP/1.1" DEBUG org.springframework.web.servlet.DispatcherServlet - GET "/v1/theme/spu/list?id=1", parameters={masked}
2021-08-05 21:30:02.137 [http-nio-5000-exec-4] "GET /v1/theme/spu/list HTTP/1.1" DEBUG o.s.w.s.m.m.a.RequestMappingHandlerMapping - Mapped to io.github.talelin.latticy.controller.v1.ThemeController#getSpuList(Integer)
2021-08-05 21:30:02.139 [http-nio-5000-exec-4] "GET /v1/theme/spu/list HTTP/1.1" DEBUG i.g.talelin.latticy.mapper.UserMapper.selectById - ==>  Preparing: SELECT id,username,nickname,avatar,email,create_time,update_time,delete_time FROM lin_user WHERE id=? AND delete_time IS NULL
2021-08-05 21:30:02.139 [http-nio-5000-exec-4] "GET /v1/theme/spu/list HTTP/1.1" DEBUG i.g.talelin.latticy.mapper.UserMapper.selectById - ==> Parameters: 1(Integer)
2021-08-05 21:30:02.145 [http-nio-5000-exec-4] "GET /v1/theme/spu/list HTTP/1.1" DEBUG i.g.talelin.latticy.mapper.UserMapper.selectById - <==      Total: 1
2021-08-05 21:30:02.147 [http-nio-5000-exec-4] "GET /v1/theme/spu/list HTTP/1.1" DEBUG i.g.talelin.latticy.mapper.GroupMapper.selectOne - ==>  Preparing: SELECT id,name,info,`level`,create_time,update_time,delete_time FROM lin_group WHERE delete_time IS NULL AND (`level` = ?)
2021-08-05 21:30:02.147 [http-nio-5000-exec-4] "GET /v1/theme/spu/list HTTP/1.1" DEBUG i.g.talelin.latticy.mapper.GroupMapper.selectOne - ==> Parameters: 1(Integer)
2021-08-05 21:30:02.155 [http-nio-5000-exec-4] "GET /v1/theme/spu/list HTTP/1.1" DEBUG i.g.talelin.latticy.mapper.GroupMapper.selectOne - <==      Total: 1
2021-08-05 21:30:02.157 [http-nio-5000-exec-4] "GET /v1/theme/spu/list HTTP/1.1" DEBUG i.g.t.latticy.mapper.UserGroupMapper.selectOne - ==>  Preparing: SELECT id,user_id,group_id FROM lin_user_group WHERE (user_id = ? AND group_id = ?)
2021-08-05 21:30:02.157 [http-nio-5000-exec-4] "GET /v1/theme/spu/list HTTP/1.1" DEBUG i.g.t.latticy.mapper.UserGroupMapper.selectOne - ==> Parameters: 1(Integer), 1(Integer)
2021-08-05 21:30:02.158 [http-nio-5000-exec-4] "GET /v1/theme/spu/list HTTP/1.1" DEBUG i.g.t.latticy.mapper.UserGroupMapper.selectOne - <==      Total: 1
2021-08-05 21:30:02.161 [http-nio-5000-exec-4] "GET /v1/theme/spu/list HTTP/1.1" DEBUG i.g.t.l.mapper.ThemeSpuMapper.getSimplifySpus - ==>  Preparing: select s.id id, s.title from spu s where s.delete_time is null and s.id not in ( select ts.spu_id from theme_spu ts where ts.theme_id = ? )
2021-08-05 21:30:02.161 [http-nio-5000-exec-4] "GET /v1/theme/spu/list HTTP/1.1" DEBUG i.g.t.l.mapper.ThemeSpuMapper.getSimplifySpus - ==> Parameters: 1(Integer)
2021-08-05 21:30:02.166 [http-nio-5000-exec-4] "GET /v1/theme/spu/list HTTP/1.1" DEBUG i.g.t.l.mapper.ThemeSpuMapper.getSimplifySpus - <==      Total: 12
2021-08-05 21:30:02.167 [http-nio-5000-exec-4] "GET /v1/theme/spu/list HTTP/1.1" DEBUG o.s.w.s.m.m.a.RequestResponseBodyMethodProcessor - Using 'application/json', given [application/json, text/plain, */*] and supported [application/json, application/*+json, application/json, application/*+json]
2021-08-05 21:30:02.167 [http-nio-5000-exec-4] "GET /v1/theme/spu/list HTTP/1.1" DEBUG o.s.w.s.m.m.a.RequestResponseBodyMethodProcessor - Writing [[SpuDO(id=1, createTime=null, updateTime=null, deleteTime=null, title=青锋大碗, subtitle=null, categoryI (truncated)...]
2021-08-05 21:30:02.168 [http-nio-5000-exec-4] "GET /v1/theme/spu/list HTTP/1.1" DEBUG org.springframework.web.servlet.DispatcherServlet - Completed 200 OK
2021-08-05 22:06:29.810 [http-nio-5000-exec-2] "GET /v1/theme/page HTTP/1.1" DEBUG org.springframework.web.servlet.DispatcherServlet - GET "/v1/theme/page?page=0&count=10", parameters={masked}
2021-08-05 22:06:29.815 [http-nio-5000-exec-2] "GET /v1/theme/page HTTP/1.1" DEBUG o.s.w.s.m.m.a.RequestMappingHandlerMapping - Mapped to io.github.talelin.latticy.controller.v1.ThemeController#page(Integer, Integer)
2021-08-05 22:06:29.828 [http-nio-5000-exec-2] "GET /v1/theme/page HTTP/1.1" DEBUG o.s.w.s.m.m.a.ExceptionHandlerExceptionResolver - Using @ExceptionHandler io.github.talelin.latticy.common.exception.RestExceptionHandler#processException(HttpException, HttpServletRequest, HttpServletResponse)
2021-08-05 22:06:29.831 [http-nio-5000-exec-2] "GET /v1/theme/page HTTP/1.1" DEBUG o.s.w.s.m.m.a.RequestResponseBodyMethodProcessor - Using 'application/json', given [application/json, text/plain, */*] and supported [application/json, application/*+json, application/json, application/*+json]
2021-08-05 22:06:29.832 [http-nio-5000-exec-2] "GET /v1/theme/page HTTP/1.1" DEBUG o.s.w.s.m.m.a.RequestResponseBodyMethodProcessor - Writing [UnifyResponseVO(code=10051, message=access token 过期, request=GET /v1/theme/page)]
2021-08-05 22:06:29.838 [http-nio-5000-exec-2] "GET /v1/theme/page HTTP/1.1" DEBUG org.springframework.web.servlet.DispatcherServlet - Completed 401 UNAUTHORIZED
2021-08-05 22:06:29.853 [http-nio-5000-exec-1] "OPTIONS /cms/user/refresh HTTP/1.1" DEBUG org.springframework.web.servlet.DispatcherServlet - OPTIONS "/cms/user/refresh", parameters={}
2021-08-05 22:06:29.854 [http-nio-5000-exec-1] "OPTIONS /cms/user/refresh HTTP/1.1" DEBUG o.s.w.s.m.m.a.RequestMappingHandlerMapping - Mapped to io.github.talelin.latticy.controller.cms.UserController#getRefreshToken()
2021-08-05 22:06:29.856 [http-nio-5000-exec-1] "OPTIONS /cms/user/refresh HTTP/1.1" DEBUG org.springframework.web.servlet.DispatcherServlet - Completed 200 OK
2021-08-05 22:06:29.862 [http-nio-5000-exec-8] "GET /cms/user/refresh HTTP/1.1" DEBUG org.springframework.web.servlet.DispatcherServlet - GET "/cms/user/refresh", parameters={}
2021-08-05 22:06:29.862 [http-nio-5000-exec-8] "GET /cms/user/refresh HTTP/1.1" DEBUG o.s.w.s.m.m.a.RequestMappingHandlerMapping - Mapped to io.github.talelin.latticy.controller.cms.UserController#getRefreshToken()
2021-08-05 22:06:29.867 [http-nio-5000-exec-8] "GET /cms/user/refresh HTTP/1.1" DEBUG i.g.talelin.latticy.mapper.UserMapper.selectById - ==>  Preparing: SELECT id,username,nickname,avatar,email,create_time,update_time,delete_time FROM lin_user WHERE id=? AND delete_time IS NULL
2021-08-05 22:06:29.868 [http-nio-5000-exec-8] "GET /cms/user/refresh HTTP/1.1" DEBUG i.g.talelin.latticy.mapper.UserMapper.selectById - ==> Parameters: 1(Integer)
2021-08-05 22:06:29.870 [http-nio-5000-exec-8] "GET /cms/user/refresh HTTP/1.1" DEBUG i.g.talelin.latticy.mapper.UserMapper.selectById - <==      Total: 1
2021-08-05 22:06:29.876 [http-nio-5000-exec-8] "GET /cms/user/refresh HTTP/1.1" DEBUG o.s.w.s.m.m.a.RequestResponseBodyMethodProcessor - Using 'application/json', given [application/json, text/plain, */*] and supported [application/json, application/*+json, application/json, application/*+json]
2021-08-05 22:06:29.876 [http-nio-5000-exec-8] "GET /cms/user/refresh HTTP/1.1" DEBUG o.s.w.s.m.m.a.RequestResponseBodyMethodProcessor - Writing [Tokens{accessToken='eyJ0eXAiOiJKV1QiLCJhbGciOiJIUzI1NiJ9.eyJpZGVudGl0eSI6MSwic2NvcGUiOiJsaW4iLCJ0eXB (truncated)...]
2021-08-05 22:06:29.877 [http-nio-5000-exec-8] "GET /cms/user/refresh HTTP/1.1" DEBUG org.springframework.web.servlet.DispatcherServlet - Completed 200 OK
2021-08-05 22:06:29.902 [http-nio-5000-exec-7] "GET /v1/theme/page HTTP/1.1" DEBUG org.springframework.web.servlet.DispatcherServlet - GET "/v1/theme/page?page=0&count=10", parameters={masked}
2021-08-05 22:06:29.902 [http-nio-5000-exec-7] "GET /v1/theme/page HTTP/1.1" DEBUG o.s.w.s.m.m.a.RequestMappingHandlerMapping - Mapped to io.github.talelin.latticy.controller.v1.ThemeController#page(Integer, Integer)
2021-08-05 22:06:29.903 [http-nio-5000-exec-7] "GET /v1/theme/page HTTP/1.1" DEBUG i.g.talelin.latticy.mapper.UserMapper.selectById - ==>  Preparing: SELECT id,username,nickname,avatar,email,create_time,update_time,delete_time FROM lin_user WHERE id=? AND delete_time IS NULL
2021-08-05 22:06:29.903 [http-nio-5000-exec-7] "GET /v1/theme/page HTTP/1.1" DEBUG i.g.talelin.latticy.mapper.UserMapper.selectById - ==> Parameters: 1(Integer)
2021-08-05 22:06:29.907 [http-nio-5000-exec-7] "GET /v1/theme/page HTTP/1.1" DEBUG i.g.talelin.latticy.mapper.UserMapper.selectById - <==      Total: 1
2021-08-05 22:06:29.920 [http-nio-5000-exec-7] "GET /v1/theme/page HTTP/1.1" DEBUG i.g.t.l.mapper.ThemeMapper.selectPage_mpCount - ==>  Preparing: SELECT COUNT(*) FROM theme WHERE delete_time IS NULL
2021-08-05 22:06:29.920 [http-nio-5000-exec-7] "GET /v1/theme/page HTTP/1.1" DEBUG i.g.t.l.mapper.ThemeMapper.selectPage_mpCount - ==> Parameters: 
2021-08-05 22:06:29.924 [http-nio-5000-exec-7] "GET /v1/theme/page HTTP/1.1" DEBUG i.g.t.l.mapper.ThemeMapper.selectPage_mpCount - <==      Total: 1
2021-08-05 22:06:29.925 [http-nio-5000-exec-7] "GET /v1/theme/page HTTP/1.1" DEBUG i.g.talelin.latticy.mapper.ThemeMapper.selectPage - ==>  Preparing: SELECT id,title,description,name,tpl_name,entrance_img,extend,internal_top_img,title_img,online,create_time,update_time,delete_time FROM theme WHERE delete_time IS NULL LIMIT ?
2021-08-05 22:06:29.926 [http-nio-5000-exec-7] "GET /v1/theme/page HTTP/1.1" DEBUG i.g.talelin.latticy.mapper.ThemeMapper.selectPage - ==> Parameters: 10(Long)
2021-08-05 22:06:29.928 [http-nio-5000-exec-7] "GET /v1/theme/page HTTP/1.1" DEBUG i.g.talelin.latticy.mapper.ThemeMapper.selectPage - <==      Total: 6
2021-08-05 22:06:29.928 [http-nio-5000-exec-7] "GET /v1/theme/page HTTP/1.1" DEBUG o.s.w.s.m.m.a.RequestResponseBodyMethodProcessor - Using 'application/json', given [application/json, text/plain, */*] and supported [application/json, application/*+json, application/json, application/*+json]
2021-08-05 22:06:29.928 [http-nio-5000-exec-7] "GET /v1/theme/page HTTP/1.1" DEBUG o.s.w.s.m.m.a.RequestResponseBodyMethodProcessor - Writing [PageResponseVO(total=6, items=[ThemeDO(title=清凉一夏，折扣季, description=秋天是金色的。麦穗是金色的，秋阳是金色的。虽然冬快至，但宜人的温度 (truncated)...]
2021-08-05 22:06:29.930 [http-nio-5000-exec-7] "GET /v1/theme/page HTTP/1.1" DEBUG org.springframework.web.servlet.DispatcherServlet - Completed 200 OK
2021-08-05 22:11:24.366 [http-nio-5000-exec-6] "OPTIONS /v1/theme/5 HTTP/1.1" DEBUG org.springframework.web.servlet.DispatcherServlet - OPTIONS "/v1/theme/5", parameters={}
2021-08-05 22:11:24.368 [http-nio-5000-exec-6] "OPTIONS /v1/theme/5 HTTP/1.1" DEBUG o.s.w.s.m.m.a.RequestMappingHandlerMapping - Mapped to io.github.talelin.latticy.controller.v1.ThemeController#get(Integer)
2021-08-05 22:11:24.369 [http-nio-5000-exec-6] "OPTIONS /v1/theme/5 HTTP/1.1" DEBUG org.springframework.web.servlet.DispatcherServlet - Completed 200 OK
2021-08-05 22:11:24.372 [http-nio-5000-exec-10] "GET /v1/theme/5 HTTP/1.1" DEBUG org.springframework.web.servlet.DispatcherServlet - GET "/v1/theme/5", parameters={}
2021-08-05 22:11:24.372 [http-nio-5000-exec-10] "GET /v1/theme/5 HTTP/1.1" DEBUG o.s.w.s.m.m.a.RequestMappingHandlerMapping - Mapped to io.github.talelin.latticy.controller.v1.ThemeController#get(Integer)
2021-08-05 22:11:24.373 [http-nio-5000-exec-10] "GET /v1/theme/5 HTTP/1.1" DEBUG i.g.talelin.latticy.mapper.UserMapper.selectById - ==>  Preparing: SELECT id,username,nickname,avatar,email,create_time,update_time,delete_time FROM lin_user WHERE id=? AND delete_time IS NULL
2021-08-05 22:11:24.373 [http-nio-5000-exec-10] "GET /v1/theme/5 HTTP/1.1" DEBUG i.g.talelin.latticy.mapper.UserMapper.selectById - ==> Parameters: 1(Integer)
2021-08-05 22:11:24.374 [http-nio-5000-exec-10] "GET /v1/theme/5 HTTP/1.1" DEBUG i.g.talelin.latticy.mapper.UserMapper.selectById - <==      Total: 1
2021-08-05 22:11:24.376 [http-nio-5000-exec-10] "GET /v1/theme/5 HTTP/1.1" DEBUG i.g.talelin.latticy.mapper.ThemeMapper.selectById - ==>  Preparing: SELECT id,title,description,name,tpl_name,entrance_img,extend,internal_top_img,title_img,online,create_time,update_time,delete_time FROM theme WHERE id=? AND delete_time IS NULL
2021-08-05 22:11:24.376 [http-nio-5000-exec-10] "GET /v1/theme/5 HTTP/1.1" DEBUG i.g.talelin.latticy.mapper.ThemeMapper.selectById - ==> Parameters: 5(Integer)
2021-08-05 22:11:24.378 [http-nio-5000-exec-10] "GET /v1/theme/5 HTTP/1.1" DEBUG i.g.talelin.latticy.mapper.ThemeMapper.selectById - <==      Total: 1
2021-08-05 22:11:24.378 [http-nio-5000-exec-10] "GET /v1/theme/5 HTTP/1.1" DEBUG o.s.w.s.m.m.a.RequestResponseBodyMethodProcessor - Using 'application/json', given [application/json, text/plain, */*] and supported [application/json, application/*+json, application/json, application/*+json]
2021-08-05 22:11:24.378 [http-nio-5000-exec-10] "GET /v1/theme/5 HTTP/1.1" DEBUG o.s.w.s.m.m.a.RequestResponseBodyMethodProcessor - Writing [ThemeDO(title=风袖甄选, description=风袖甄选, name=t-3, tplName=diana, entranceImg=http://i1.sleeve.talelin. (truncated)...]
2021-08-05 22:11:24.379 [http-nio-5000-exec-10] "GET /v1/theme/5 HTTP/1.1" DEBUG org.springframework.web.servlet.DispatcherServlet - Completed 200 OK
2021-08-05 22:11:24.413 [http-nio-5000-exec-9] "OPTIONS /v1/theme/spus HTTP/1.1" DEBUG org.springframework.web.servlet.DispatcherServlet - OPTIONS "/v1/theme/spus?id=5", parameters={masked}
2021-08-05 22:11:24.414 [http-nio-5000-exec-9] "OPTIONS /v1/theme/spus HTTP/1.1" DEBUG o.s.w.s.m.m.a.RequestMappingHandlerMapping - Mapped to io.github.talelin.latticy.controller.v1.ThemeController#getSpus(Integer)
2021-08-05 22:11:24.414 [http-nio-5000-exec-9] "OPTIONS /v1/theme/spus HTTP/1.1" DEBUG org.springframework.web.servlet.DispatcherServlet - Completed 200 OK
2021-08-05 22:11:24.417 [http-nio-5000-exec-3] "GET /v1/theme/spus HTTP/1.1" DEBUG org.springframework.web.servlet.DispatcherServlet - GET "/v1/theme/spus?id=5", parameters={masked}
2021-08-05 22:11:24.417 [http-nio-5000-exec-3] "GET /v1/theme/spus HTTP/1.1" DEBUG o.s.w.s.m.m.a.RequestMappingHandlerMapping - Mapped to io.github.talelin.latticy.controller.v1.ThemeController#getSpus(Integer)
2021-08-05 22:11:24.418 [http-nio-5000-exec-3] "GET /v1/theme/spus HTTP/1.1" DEBUG i.g.talelin.latticy.mapper.UserMapper.selectById - ==>  Preparing: SELECT id,username,nickname,avatar,email,create_time,update_time,delete_time FROM lin_user WHERE id=? AND delete_time IS NULL
2021-08-05 22:11:24.418 [http-nio-5000-exec-3] "GET /v1/theme/spus HTTP/1.1" DEBUG i.g.talelin.latticy.mapper.UserMapper.selectById - ==> Parameters: 1(Integer)
2021-08-05 22:11:24.419 [http-nio-5000-exec-3] "GET /v1/theme/spus HTTP/1.1" DEBUG i.g.talelin.latticy.mapper.UserMapper.selectById - <==      Total: 1
2021-08-05 22:11:24.420 [http-nio-5000-exec-3] "GET /v1/theme/spus HTTP/1.1" DEBUG i.g.talelin.latticy.mapper.ThemeMapper.getSpus - ==>  Preparing: select s.id, s.title, s.subtitle, s.img, ts.id tid from spu s right join theme_spu ts on s.id = ts.spu_id where s.delete_time is null and ts.theme_id = ?
2021-08-05 22:11:24.420 [http-nio-5000-exec-3] "GET /v1/theme/spus HTTP/1.1" DEBUG i.g.talelin.latticy.mapper.ThemeMapper.getSpus - ==> Parameters: 5(Integer)
2021-08-05 22:11:24.432 [http-nio-5000-exec-3] "GET /v1/theme/spus HTTP/1.1" DEBUG i.g.talelin.latticy.mapper.ThemeMapper.getSpus - <==      Total: 4
2021-08-05 22:11:24.433 [http-nio-5000-exec-3] "GET /v1/theme/spus HTTP/1.1" DEBUG o.s.w.s.m.m.a.RequestResponseBodyMethodProcessor - Using 'application/json', given [application/json, text/plain, */*] and supported [application/json, application/*+json, application/json, application/*+json]
2021-08-05 22:11:24.433 [http-nio-5000-exec-3] "GET /v1/theme/spus HTTP/1.1" DEBUG o.s.w.s.m.m.a.RequestResponseBodyMethodProcessor - Writing [[SimplifySpuDO(id=23, title=双色百褶裙, subtitle=秋冬新款，绽放女人心, img=http://i1.sleeve.talelin.com/assets/7c9e (truncated)...]
2021-08-05 22:11:24.434 [http-nio-5000-exec-3] "GET /v1/theme/spus HTTP/1.1" DEBUG org.springframework.web.servlet.DispatcherServlet - Completed 200 OK
2021-08-05 23:03:02.930 [http-nio-5000-exec-2] "GET /v1/theme/5 HTTP/1.1" DEBUG org.springframework.web.servlet.DispatcherServlet - GET "/v1/theme/5", parameters={}
2021-08-05 23:03:02.935 [http-nio-5000-exec-2] "GET /v1/theme/5 HTTP/1.1" DEBUG o.s.w.s.m.m.a.RequestMappingHandlerMapping - Mapped to io.github.talelin.latticy.controller.v1.ThemeController#get(Integer)
2021-08-05 23:03:02.943 [http-nio-5000-exec-2] "GET /v1/theme/5 HTTP/1.1" DEBUG i.g.talelin.latticy.mapper.UserMapper.selectById - ==>  Preparing: SELECT id,username,nickname,avatar,email,create_time,update_time,delete_time FROM lin_user WHERE id=? AND delete_time IS NULL
2021-08-05 23:03:02.945 [http-nio-5000-exec-2] "GET /v1/theme/5 HTTP/1.1" DEBUG i.g.talelin.latticy.mapper.UserMapper.selectById - ==> Parameters: 1(Integer)
2021-08-05 23:03:02.953 [http-nio-5000-exec-2] "GET /v1/theme/5 HTTP/1.1" DEBUG i.g.talelin.latticy.mapper.UserMapper.selectById - <==      Total: 1
2021-08-05 23:03:02.961 [http-nio-5000-exec-2] "GET /v1/theme/5 HTTP/1.1" DEBUG i.g.talelin.latticy.mapper.ThemeMapper.selectById - ==>  Preparing: SELECT id,title,description,name,tpl_name,entrance_img,extend,internal_top_img,title_img,online,create_time,update_time,delete_time FROM theme WHERE id=? AND delete_time IS NULL
2021-08-05 23:03:02.961 [http-nio-5000-exec-2] "GET /v1/theme/5 HTTP/1.1" DEBUG i.g.talelin.latticy.mapper.ThemeMapper.selectById - ==> Parameters: 5(Integer)
2021-08-05 23:03:02.963 [http-nio-5000-exec-2] "GET /v1/theme/5 HTTP/1.1" DEBUG i.g.talelin.latticy.mapper.ThemeMapper.selectById - <==      Total: 1
2021-08-05 23:03:02.965 [http-nio-5000-exec-2] "GET /v1/theme/5 HTTP/1.1" DEBUG o.s.w.s.m.m.a.RequestResponseBodyMethodProcessor - Using 'application/json', given [application/json, text/plain, */*] and supported [application/json, application/*+json, application/json, application/*+json]
2021-08-05 23:03:02.966 [http-nio-5000-exec-2] "GET /v1/theme/5 HTTP/1.1" DEBUG o.s.w.s.m.m.a.RequestResponseBodyMethodProcessor - Writing [ThemeDO(title=风袖甄选, description=风袖甄选, name=t-3, tplName=diana, entranceImg=http://i1.sleeve.talelin. (truncated)...]
2021-08-05 23:03:02.970 [http-nio-5000-exec-2] "GET /v1/theme/5 HTTP/1.1" DEBUG org.springframework.web.servlet.DispatcherServlet - Completed 200 OK
2021-08-05 23:03:03.009 [http-nio-5000-exec-1] "GET /v1/theme/spus HTTP/1.1" DEBUG org.springframework.web.servlet.DispatcherServlet - GET "/v1/theme/spus?id=5", parameters={masked}
2021-08-05 23:03:03.010 [http-nio-5000-exec-1] "GET /v1/theme/spus HTTP/1.1" DEBUG o.s.w.s.m.m.a.RequestMappingHandlerMapping - Mapped to io.github.talelin.latticy.controller.v1.ThemeController#getSpus(Integer)
2021-08-05 23:03:03.010 [http-nio-5000-exec-1] "GET /v1/theme/spus HTTP/1.1" DEBUG i.g.talelin.latticy.mapper.UserMapper.selectById - ==>  Preparing: SELECT id,username,nickname,avatar,email,create_time,update_time,delete_time FROM lin_user WHERE id=? AND delete_time IS NULL
2021-08-05 23:03:03.011 [http-nio-5000-exec-1] "GET /v1/theme/spus HTTP/1.1" DEBUG i.g.talelin.latticy.mapper.UserMapper.selectById - ==> Parameters: 1(Integer)
2021-08-05 23:03:03.012 [http-nio-5000-exec-1] "GET /v1/theme/spus HTTP/1.1" DEBUG i.g.talelin.latticy.mapper.UserMapper.selectById - <==      Total: 1
2021-08-05 23:03:03.013 [http-nio-5000-exec-1] "GET /v1/theme/spus HTTP/1.1" DEBUG i.g.talelin.latticy.mapper.ThemeMapper.getSpus - ==>  Preparing: select s.id, s.title, s.subtitle, s.img, ts.id tid from spu s right join theme_spu ts on s.id = ts.spu_id where s.delete_time is null and ts.theme_id = ?
2021-08-05 23:03:03.014 [http-nio-5000-exec-1] "GET /v1/theme/spus HTTP/1.1" DEBUG i.g.talelin.latticy.mapper.ThemeMapper.getSpus - ==> Parameters: 5(Integer)
2021-08-05 23:03:03.025 [http-nio-5000-exec-1] "GET /v1/theme/spus HTTP/1.1" DEBUG i.g.talelin.latticy.mapper.ThemeMapper.getSpus - <==      Total: 4
2021-08-05 23:03:03.025 [http-nio-5000-exec-1] "GET /v1/theme/spus HTTP/1.1" DEBUG o.s.w.s.m.m.a.RequestResponseBodyMethodProcessor - Using 'application/json', given [application/json, text/plain, */*] and supported [application/json, application/*+json, application/json, application/*+json]
2021-08-05 23:03:03.025 [http-nio-5000-exec-1] "GET /v1/theme/spus HTTP/1.1" DEBUG o.s.w.s.m.m.a.RequestResponseBodyMethodProcessor - Writing [[SimplifySpuDO(id=23, title=双色百褶裙, subtitle=秋冬新款，绽放女人心, img=http://i1.sleeve.talelin.com/assets/7c9e (truncated)...]
2021-08-05 23:03:03.030 [http-nio-5000-exec-1] "GET /v1/theme/spus HTTP/1.1" DEBUG org.springframework.web.servlet.DispatcherServlet - Completed 200 OK
