2021-07-28 03:10:21.300 [0:0:0:0:0:0:0:1:56052] "GET /v1/test/test1 HTTP/1.1" 200 -1 "" "Mozilla/5.0 (Macintosh; Intel Mac OS X 10_13_6) AppleWebKit/537.36 (KHTML, like Gecko) Chrome/92.0.4515.107 Safari/537.36"
2021-07-28 03:20:13.935 [0:0:0:0:0:0:0:1:59166] "GET /v1/test/test1 HTTP/1.1" 404 -1 "" "Mozilla/5.0 (Macintosh; Intel Mac OS X 10_13_6) AppleWebKit/537.36 (KHTML, like Gecko) Chrome/92.0.4515.107 Safari/537.36"
2021-07-28 03:20:35.400 [0:0:0:0:0:0:0:1:59166] "GET /v1/banner/all HTTP/1.1" 200 -1 "" "Mozilla/5.0 (Macintosh; Intel Mac OS X 10_13_6) AppleWebKit/537.36 (KHTML, like Gecko) Chrome/92.0.4515.107 Safari/537.36"
2021-07-28 03:30:49.309 [0:0:0:0:0:0:0:1:62683] "GET /v1/banner/page HTTP/1.1" 200 -1 "" "Mozilla/5.0 (Macintosh; Intel Mac OS X 10_13_6) AppleWebKit/537.36 (KHTML, like Gecko) Chrome/92.0.4515.107 Safari/537.36"
2021-07-28 03:31:16.937 [0:0:0:0:0:0:0:1:62683] "GET /v1/banner/page HTTP/1.1" 400 -1 "" "Mozilla/5.0 (Macintosh; Intel Mac OS X 10_13_6) AppleWebKit/537.36 (KHTML, like Gecko) Chrome/92.0.4515.107 Safari/537.36"
2021-07-28 03:31:42.727 [0:0:0:0:0:0:0:1:62684] "GET /v1/banner/page HTTP/1.1" 400 -1 "" "Mozilla/5.0 (Macintosh; Intel Mac OS X 10_13_6) AppleWebKit/537.36 (KHTML, like Gecko) Chrome/92.0.4515.107 Safari/537.36"
2021-07-28 03:31:48.191 [0:0:0:0:0:0:0:1:62948] "GET /v1/banner/page HTTP/1.1" 200 -1 "" "Mozilla/5.0 (Macintosh; Intel Mac OS X 10_13_6) AppleWebKit/537.36 (KHTML, like Gecko) Chrome/92.0.4515.107 Safari/537.36"
2021-07-28 03:32:02.878 [0:0:0:0:0:0:0:1:62948] "GET /v1/banner/page HTTP/1.1" 400 -1 "" "Mozilla/5.0 (Macintosh; Intel Mac OS X 10_13_6) AppleWebKit/537.36 (KHTML, like Gecko) Chrome/92.0.4515.107 Safari/537.36"
2021-07-28 04:38:06.588 [0:0:0:0:0:0:0:1:50203] "GET /v1/banner/page HTTP/1.1" 200 -1 "" "Mozilla/5.0 (Macintosh; Intel Mac OS X 10_13_6) AppleWebKit/537.36 (KHTML, like Gecko) Chrome/92.0.4515.107 Safari/537.36"
2021-07-28 04:39:06.545 [0:0:0:0:0:0:0:1:50550] "GET /v1/banner/page HTTP/1.1" 200 -1 "" "Mozilla/5.0 (Macintosh; Intel Mac OS X 10_13_6) AppleWebKit/537.36 (KHTML, like Gecko) Chrome/92.0.4515.107 Safari/537.36"
2021-07-28 04:39:47.178 [0:0:0:0:0:0:0:1:50550] "GET /v1/banner/page HTTP/1.1" 200 -1 "" "Mozilla/5.0 (Macintosh; Intel Mac OS X 10_13_6) AppleWebKit/537.36 (KHTML, like Gecko) Chrome/92.0.4515.107 Safari/537.36"
2021-07-28 04:40:11.537 [0:0:0:0:0:0:0:1:50893] "GET /v1/banner/page HTTP/1.1" 200 -1 "" "Mozilla/5.0 (Macintosh; Intel Mac OS X 10_13_6) AppleWebKit/537.36 (KHTML, like Gecko) Chrome/92.0.4515.107 Safari/537.36"
2021-07-28 04:42:39.912 [0:0:0:0:0:0:0:1:51736] "GET /v1/banner/page HTTP/1.1" 404 -1 "" "Mozilla/5.0 (Macintosh; Intel Mac OS X 10_13_6) AppleWebKit/537.36 (KHTML, like Gecko) Chrome/92.0.4515.107 Safari/537.36"
2021-07-28 04:43:00.813 [0:0:0:0:0:0:0:1:51736] "GET /v1/banner/page HTTP/1.1" 404 -1 "" "Mozilla/5.0 (Macintosh; Intel Mac OS X 10_13_6) AppleWebKit/537.36 (KHTML, like Gecko) Chrome/92.0.4515.107 Safari/537.36"
2021-07-28 04:43:01.674 [0:0:0:0:0:0:0:1:51736] "GET /v1/banner/page HTTP/1.1" 404 -1 "" "Mozilla/5.0 (Macintosh; Intel Mac OS X 10_13_6) AppleWebKit/537.36 (KHTML, like Gecko) Chrome/92.0.4515.107 Safari/537.36"
2021-07-28 04:43:01.882 [0:0:0:0:0:0:0:1:51736] "GET /v1/banner/page HTTP/1.1" 404 -1 "" "Mozilla/5.0 (Macintosh; Intel Mac OS X 10_13_6) AppleWebKit/537.36 (KHTML, like Gecko) Chrome/92.0.4515.107 Safari/537.36"
2021-07-28 14:23:24.674 [0:0:0:0:0:0:0:1:62670] "GET /v1/banner/page HTTP/1.1" 200 -1 "" "Mozilla/5.0 (Macintosh; Intel Mac OS X 10_13_6) AppleWebKit/537.36 (KHTML, like Gecko) Chrome/92.0.4515.107 Safari/537.36"
2021-07-28 14:27:36.509 [0:0:0:0:0:0:0:1:64015] "GET /v1/banner/page HTTP/1.1" 200 -1 "" "Mozilla/5.0 (Macintosh; Intel Mac OS X 10_13_6) AppleWebKit/537.36 (KHTML, like Gecko) Chrome/92.0.4515.107 Safari/537.36"
2021-07-28 14:28:26.973 [0:0:0:0:0:0:0:1:64283] "GET /v1/banner/page HTTP/1.1" 404 -1 "" "Mozilla/5.0 (Macintosh; Intel Mac OS X 10_13_6) AppleWebKit/537.36 (KHTML, like Gecko) Chrome/92.0.4515.107 Safari/537.36"
2021-07-28 14:29:03.789 [0:0:0:0:0:0:0:1:64283] "GET /v1/banner/page HTTP/1.1" 404 -1 "" "Mozilla/5.0 (Macintosh; Intel Mac OS X 10_13_6) AppleWebKit/537.36 (KHTML, like Gecko) Chrome/92.0.4515.107 Safari/537.36"
2021-07-28 14:29:44.942 [0:0:0:0:0:0:0:1:64283] "GET /v1/banner/page HTTP/1.1" 404 -1 "" "Mozilla/5.0 (Macintosh; Intel Mac OS X 10_13_6) AppleWebKit/537.36 (KHTML, like Gecko) Chrome/92.0.4515.107 Safari/537.36"
2021-07-28 14:30:11.227 [0:0:0:0:0:0:0:1:64283] "GET /v1/banner/page HTTP/1.1" 404 -1 "" "Mozilla/5.0 (Macintosh; Intel Mac OS X 10_13_6) AppleWebKit/537.36 (KHTML, like Gecko) Chrome/92.0.4515.107 Safari/537.36"
2021-07-28 14:30:45.100 [0:0:0:0:0:0:0:1:64283] "GET /v1/banner/page HTTP/1.1" 404 -1 "" "Mozilla/5.0 (Macintosh; Intel Mac OS X 10_13_6) AppleWebKit/537.36 (KHTML, like Gecko) Chrome/92.0.4515.107 Safari/537.36"
2021-07-28 14:30:59.653 [0:0:0:0:0:0:0:1:64283] "GET /v1/banner/page HTTP/1.1" 404 -1 "" "Mozilla/5.0 (Macintosh; Intel Mac OS X 10_13_6) AppleWebKit/537.36 (KHTML, like Gecko) Chrome/92.0.4515.107 Safari/537.36"
2021-07-28 14:36:19.378 [0:0:0:0:0:0:0:1:50261] "GET /v1/banner/page HTTP/1.1" 200 -1 "" "Mozilla/5.0 (Macintosh; Intel Mac OS X 10_13_6) AppleWebKit/537.36 (KHTML, like Gecko) Chrome/92.0.4515.107 Safari/537.36"
2021-07-28 14:41:32.836 [0:0:0:0:0:0:0:1:52002] "GET /v1/banner/page HTTP/1.1" 200 -1 "" "Mozilla/5.0 (Macintosh; Intel Mac OS X 10_13_6) AppleWebKit/537.36 (KHTML, like Gecko) Chrome/92.0.4515.107 Safari/537.36"
2021-07-28 14:42:19.248 [0:0:0:0:0:0:0:1:52002] "GET /v1/banner/page HTTP/1.1" 200 -1 "" "Mozilla/5.0 (Macintosh; Intel Mac OS X 10_13_6) AppleWebKit/537.36 (KHTML, like Gecko) Chrome/92.0.4515.107 Safari/537.36"
2021-07-28 14:57:09.851 [0:0:0:0:0:0:0:1:56904] "PUT /v1/banner/1 HTTP/1.1" 400 18 "" "PostmanRuntime/7.26.8"
2021-07-28 14:57:20.590 [0:0:0:0:0:0:0:1:56963] "PUT /v1/banner/1 HTTP/1.1" 200 19 "" "PostmanRuntime/7.26.8"
2021-07-28 14:57:27.121 [0:0:0:0:0:0:0:1:56963] "PUT /v1/banner/1 HTTP/1.1" 200 19 "" "PostmanRuntime/7.26.8"
2021-07-28 14:58:15.374 [0:0:0:0:0:0:0:1:57265] "PUT /v1/banner/1 HTTP/1.1" 200 19 "" "PostmanRuntime/7.26.8"
2021-07-28 14:59:00.334 [0:0:0:0:0:0:0:1:57265] "PUT /v1/banner/1 HTTP/1.1" 400 18 "" "PostmanRuntime/7.26.8"
2021-07-28 15:00:45.922 [0:0:0:0:0:0:0:1:58036] "PUT /v1/banner/1 HTTP/1.1" 400 18 "" "PostmanRuntime/7.26.8"
2021-07-28 15:00:53.555 [0:0:0:0:0:0:0:1:58072] "PUT /v1/banner/1 HTTP/1.1" 400 0 "" "PostmanRuntime/7.26.8"
2021-07-28 15:01:00.919 [0:0:0:0:0:0:0:1:58113] "PUT /v1/banner/1 HTTP/1.1" 400 2 "" "PostmanRuntime/7.26.8"
2021-07-28 15:14:49.851 [0:0:0:0:0:0:0:1:62532] "PUT /v1/banner/1 HTTP/1.1" 404 2 "" "PostmanRuntime/7.26.8"
2021-07-28 15:15:06.810 [0:0:0:0:0:0:0:1:62532] "PUT /v1/banner/1 HTTP/1.1" 404 2 "" "PostmanRuntime/7.26.8"
2021-07-28 15:15:08.003 [0:0:0:0:0:0:0:1:62532] "PUT /v1/banner/1 HTTP/1.1" 404 2 "" "PostmanRuntime/7.26.8"
2021-07-28 15:15:39.396 [0:0:0:0:0:0:0:1:62532] "PUT /v1/banner/1 HTTP/1.1" 404 18 "" "PostmanRuntime/7.26.8"
2021-07-28 15:15:59.184 [0:0:0:0:0:0:0:1:62532] "PUT /v1/banner/100 HTTP/1.1" 404 18 "" "PostmanRuntime/7.26.8"
2021-07-28 15:17:05.093 [0:0:0:0:0:0:0:1:63222] "PUT /v1/banner/100 HTTP/1.1" 404 18 "" "PostmanRuntime/7.26.8"
2021-07-28 15:18:27.863 [0:0:0:0:0:0:0:1:63658] "PUT /v1/banner/100 HTTP/1.1" 400 18 "" "PostmanRuntime/7.26.8"
2021-07-28 15:18:35.116 [0:0:0:0:0:0:0:1:63695] "PUT /v1/banner/100 HTTP/1.1" 404 20 "" "PostmanRuntime/7.26.8"
2021-07-28 16:09:11.791 [0:0:0:0:0:0:0:1:59895] "GET /v1/banner/page HTTP/1.1" 200 20 "" "PostmanRuntime/7.26.8"
2021-07-28 16:10:22.798 [0:0:0:0:0:0:0:1:60282] "GET /v1/banner/page HTTP/1.1" 200 -1 "" "PostmanRuntime/7.26.8"
2021-07-28 16:10:38.433 [0:0:0:0:0:0:0:1:60282] "GET /v1/banner/page HTTP/1.1" 200 -1 "" "PostmanRuntime/7.26.8"
2021-07-28 16:10:45.759 [0:0:0:0:0:0:0:1:60282] "GET /v1/banner/page HTTP/1.1" 200 -1 "" "PostmanRuntime/7.26.8"
2021-07-28 16:25:35.865 [0:0:0:0:0:0:0:1:64923] "PUT /v1/banner/1 HTTP/1.1" 201 20 "" "PostmanRuntime/7.26.8"
2021-07-28 16:41:43.117 [0:0:0:0:0:0:0:1:53488] "DELETE /v1/banner/3 HTTP/1.1" 201 -1 "" "PostmanRuntime/7.26.8"
2021-07-28 17:33:34.921 [0:0:0:0:0:0:0:1:52784] "GET /v1/banner/1 HTTP/1.1" 200 -1 "" "PostmanRuntime/7.26.8"
2021-07-28 17:34:07.860 [0:0:0:0:0:0:0:1:52784] "GET /v1/banner/1 HTTP/1.1" 200 -1 "" "PostmanRuntime/7.26.8"
2021-07-28 17:34:55.730 [0:0:0:0:0:0:0:1:53215] "GET /v1/banner/1 HTTP/1.1" 200 -1 "" "PostmanRuntime/7.26.8"
2021-07-28 17:38:28.032 [0:0:0:0:0:0:0:1:54266] "GET /v1/banner/2 HTTP/1.1" 200 -1 "" "PostmanRuntime/7.26.8"
2021-07-28 17:41:05.919 [0:0:0:0:0:0:0:1:55096] "GET /v1/banner/2 HTTP/1.1" 200 -1 "" "PostmanRuntime/7.26.8"
2021-07-28 17:43:07.175 [0:0:0:0:0:0:0:1:55769] "GET /v1/banner/2 HTTP/1.1" 200 -1 "" "PostmanRuntime/7.26.8"
2021-07-28 17:43:42.695 [0:0:0:0:0:0:0:1:55769] "GET /v1/banner/1 HTTP/1.1" 200 -1 "" "PostmanRuntime/7.26.8"
2021-07-28 17:49:22.444 [0:0:0:0:0:0:0:1:57654] "GET /v1/banner/1 HTTP/1.1" 200 -1 "" "PostmanRuntime/7.26.8"
2021-07-28 17:51:25.936 [0:0:0:0:0:0:0:1:58288] "GET /v1/banner/1 HTTP/1.1" 500 -1 "" "PostmanRuntime/7.26.8"
2021-07-28 17:52:15.441 [0:0:0:0:0:0:0:1:58567] "GET /v1/banner/1 HTTP/1.1" 500 -1 "" "PostmanRuntime/7.26.8"
2021-07-28 17:53:23.329 [0:0:0:0:0:0:0:1:58930] "GET /v1/banner/1 HTTP/1.1" 200 -1 "" "PostmanRuntime/7.26.8"
2021-07-28 18:00:15.321 [0:0:0:0:0:0:0:1:61024] "GET /v1/banner/1 HTTP/1.1" 200 -1 "" "PostmanRuntime/7.26.8"
2021-07-28 18:03:49.784 [0:0:0:0:0:0:0:1:62124] "GET /v1/banner/1 HTTP/1.1" 200 -1 "" "PostmanRuntime/7.26.8"
2021-07-28 18:09:16.255 [0:0:0:0:0:0:0:1:63778] "GET /v1/banner/1 HTTP/1.1" 200 -1 "" "PostmanRuntime/7.26.8"
2021-07-28 20:00:46.956 [0:0:0:0:0:0:0:1:62707] "POST /cms/file HTTP/1.1" 401 0 "" "PostmanRuntime/7.26.8"
2021-07-28 20:02:08.369 [0:0:0:0:0:0:0:1:63045] "POST /cms/file HTTP/1.1" 401 182150 "" "PostmanRuntime/7.26.8"
2021-07-28 20:04:51.749 [0:0:0:0:0:0:0:1:63733] "POST /cms/file HTTP/1.1" 200 182150 "" "PostmanRuntime/7.26.8"
2021-07-28 20:05:52.220 [0:0:0:0:0:0:0:1:63976] "GET /assets/2021/07/28/d687d28ae3b64a8abd0060e5ae0a33fc.jpeg HTTP/1.1" 200 -1 "" "Mozilla/5.0 (Macintosh; Intel Mac OS X 10_13_6) AppleWebKit/537.36 (KHTML, like Gecko) Chrome/92.0.4515.107 Safari/537.36"
