2021-07-30 05:21:22.809 [0:0:0:0:0:0:0:1:64471] "GET /v1/banner/page HTTP/1.1" 401 -1 "" "PostmanRuntime/7.26.8"
2021-07-30 05:21:57.361 [0:0:0:0:0:0:0:1:64471] "POST /cms/user/login HTTP/1.1" 200 50 "" "PostmanRuntime/7.26.8"
2021-07-30 05:22:11.367 [0:0:0:0:0:0:0:1:64471] "GET /v1/banner/page HTTP/1.1" 200 -1 "" "PostmanRuntime/7.26.8"
2021-07-30 05:22:21.584 [0:0:0:0:0:0:0:1:64471] "GET /v1/banner/1 HTTP/1.1" 401 -1 "" "PostmanRuntime/7.26.8"
2021-07-30 05:22:28.936 [0:0:0:0:0:0:0:1:64471] "GET /v1/banner/1 HTTP/1.1" 200 -1 "" "PostmanRuntime/7.26.8"
2021-07-30 15:04:42.578 [0:0:0:0:0:0:0:1:51748] "GET /v1/banner/page HTTP/1.1" 401 -1 "" "PostmanRuntime/7.28.2"
2021-07-30 15:04:48.354 [0:0:0:0:0:0:0:1:51748] "POST /cms/user/login HTTP/1.1" 200 50 "" "PostmanRuntime/7.28.2"
2021-07-30 15:05:07.132 [0:0:0:0:0:0:0:1:51748] "GET /v1/banner/page HTTP/1.1" 200 -1 "" "PostmanRuntime/7.28.2"
2021-07-30 15:05:16.160 [0:0:0:0:0:0:0:1:51748] "GET /v1/banner/1 HTTP/1.1" 200 -1 "" "PostmanRuntime/7.28.2"
2021-07-30 15:33:04.764 [0:0:0:0:0:0:0:1:52164] "GET /v1/category/page HTTP/1.1" 500 -1 "" "PostmanRuntime/7.28.2"
2021-07-30 15:34:14.591 [0:0:0:0:0:0:0:1:52180] "GET /v1/category/page HTTP/1.1" 500 -1 "" "PostmanRuntime/7.28.2"
2021-07-30 15:34:24.049 [0:0:0:0:0:0:0:1:52188] "GET /v1/category/page HTTP/1.1" 500 -1 "" "PostmanRuntime/7.28.2"
2021-07-30 15:34:34.328 [0:0:0:0:0:0:0:1:52192] "GET /v1/category/page HTTP/1.1" 500 -1 "" "PostmanRuntime/7.28.2"
2021-07-30 15:34:50.294 [0:0:0:0:0:0:0:1:52195] "GET /v1/banner/page HTTP/1.1" 200 -1 "" "PostmanRuntime/7.28.2"
2021-07-30 15:35:50.820 [0:0:0:0:0:0:0:1:52207] "GET /v1/category/sub-page/1 HTTP/1.1" 404 -1 "" "PostmanRuntime/7.28.2"
2021-07-30 15:36:35.681 [0:0:0:0:0:0:0:1:52207] "GET /v1/category/sub-page HTTP/1.1" 500 -1 "" "PostmanRuntime/7.28.2"
2021-07-30 15:41:26.871 [0:0:0:0:0:0:0:1:52315] "GET /v1/category/list HTTP/1.1" 401 -1 "" "PostmanRuntime/7.28.2"
2021-07-30 15:41:46.507 [0:0:0:0:0:0:0:1:52315] "GET /v1/category/list HTTP/1.1" 500 -1 "" "PostmanRuntime/7.28.2"
2021-07-30 15:47:15.893 [0:0:0:0:0:0:0:1:52455] "GET /v1/category/page HTTP/1.1" 404 -1 "" "PostmanRuntime/7.28.2"
2021-07-30 15:47:49.377 [0:0:0:0:0:0:0:1:52455] "GET /v1/category/list HTTP/1.1" 404 -1 "" "PostmanRuntime/7.28.2"
2021-07-30 15:50:25.793 [0:0:0:0:0:0:0:1:52500] "GET /v1/category/list HTTP/1.1" 200 -1 "" "PostmanRuntime/7.28.2"
2021-07-30 15:51:49.075 [0:0:0:0:0:0:0:1:52517] "GET /v1/category/page HTTP/1.1" 500 -1 "" "PostmanRuntime/7.28.2"
2021-07-30 15:52:10.136 [0:0:0:0:0:0:0:1:52523] "GET /v1/category/page HTTP/1.1" 200 -1 "" "PostmanRuntime/7.28.2"
2021-07-30 15:53:52.923 [0:0:0:0:0:0:0:1:52544] "GET /v1/category HTTP/1.1" 400 -1 "" "PostmanRuntime/7.28.2"
2021-07-30 15:54:11.837 [0:0:0:0:0:0:0:1:52548] "GET /v1/category/subpage HTTP/1.1" 400 -1 "" "PostmanRuntime/7.28.2"
2021-07-30 15:54:29.049 [0:0:0:0:0:0:0:1:52553] "GET /v1/category/sub-page HTTP/1.1" 200 -1 "" "PostmanRuntime/7.28.2"
2021-07-30 15:55:49.826 [0:0:0:0:0:0:0:1:52570] "GET /v1/category/list HTTP/1.1" 401 -1 "" "PostmanRuntime/7.28.2"
2021-07-30 15:55:58.537 [0:0:0:0:0:0:0:1:52570] "GET /v1/category/list HTTP/1.1" 200 -1 "" "PostmanRuntime/7.28.2"
2021-07-30 15:59:07.793 [0:0:0:0:0:0:0:1:52616] "GET /v1/category/page HTTP/1.1" 500 -1 "" "PostmanRuntime/7.28.2"
2021-07-30 15:59:41.786 [0:0:0:0:0:0:0:1:52619] "GET /v1/category/sub-page HTTP/1.1" 200 -1 "" "PostmanRuntime/7.28.2"
2021-07-30 15:59:51.583 [0:0:0:0:0:0:0:1:52619] "GET /v1/category/page HTTP/1.1" 500 -1 "" "PostmanRuntime/7.28.2"
2021-07-30 16:01:20.898 [0:0:0:0:0:0:0:1:52656] "GET /v1/category/page HTTP/1.1" 200 -1 "" "PostmanRuntime/7.28.2"
2021-07-30 16:23:58.719 [0:0:0:0:0:0:0:1:53137] "PUT /v1/category/1 HTTP/1.1" 401 168 "" "PostmanRuntime/7.28.2"
2021-07-30 16:24:08.457 [0:0:0:0:0:0:0:1:53137] "POST /cms/user/login HTTP/1.1" 200 50 "" "PostmanRuntime/7.28.2"
2021-07-30 16:24:22.624 [0:0:0:0:0:0:0:1:53137] "PUT /v1/category/1 HTTP/1.1" 400 168 "" "PostmanRuntime/7.28.2"
2021-07-30 16:24:56.811 [0:0:0:0:0:0:0:1:53147] "PUT /v1/category/1 HTTP/1.1" 201 20 "" "PostmanRuntime/7.28.2"
2021-07-30 16:30:08.104 [0:0:0:0:0:0:0:1:53284] "DELETE /v1/category/37 HTTP/1.1" 201 -1 "" "PostmanRuntime/7.28.2"
2021-07-30 16:34:52.900 [0:0:0:0:0:0:0:1:53484] "GET /v1/category/1 HTTP/1.1" 200 -1 "" "PostmanRuntime/7.28.2"
2021-07-30 16:37:43.666 [0:0:0:0:0:0:0:1:53551] "POST /v1/category HTTP/1.1" 201 29 "" "PostmanRuntime/7.28.2"
2021-07-30 17:01:08.190 [0:0:0:0:0:0:0:1:54366] "GET /v1/banner-item/page HTTP/1.1" 404 -1 "" "PostmanRuntime/7.28.2"
2021-07-30 17:40:04.002 [0:0:0:0:0:0:0:1:55317] "GET /v1/banner-item/1 HTTP/1.1" 404 -1 "" "PostmanRuntime/7.28.2"
2021-07-30 17:40:39.187 [0:0:0:0:0:0:0:1:55317] "GET /v1/banner-item/5 HTTP/1.1" 404 -1 "" "PostmanRuntime/7.28.2"
2021-07-30 17:43:59.700 [0:0:0:0:0:0:0:1:55405] "GET /v1/banner-item/5 HTTP/1.1" 404 -1 "" "PostmanRuntime/7.28.2"
2021-07-30 17:45:55.257 [0:0:0:0:0:0:0:1:55454] "GET /v1/banner/page HTTP/1.1" 401 -1 "" "PostmanRuntime/7.28.2"
2021-07-30 17:46:46.854 [0:0:0:0:0:0:0:1:55454] "POST /cms/user/login HTTP/1.1" 200 50 "" "PostmanRuntime/7.28.2"
2021-07-30 17:47:07.309 [0:0:0:0:0:0:0:1:55454] "GET /v1/banner/page HTTP/1.1" 200 -1 "" "PostmanRuntime/7.28.2"
2021-07-30 17:47:16.466 [0:0:0:0:0:0:0:1:55454] "GET /v1/banner-item/5 HTTP/1.1" 200 -1 "" "PostmanRuntime/7.28.2"
2021-07-30 17:52:22.784 [0:0:0:0:0:0:0:1:55530] "POST /v1/banner HTTP/1.1" 400 20 "" "PostmanRuntime/7.28.2"
2021-07-30 17:52:32.700 [0:0:0:0:0:0:0:1:55532] "POST /v1/banner HTTP/1.1" 201 20 "" "PostmanRuntime/7.28.2"
2021-07-30 17:53:05.885 [0:0:0:0:0:0:0:1:55532] "GET /v1/banner/1 HTTP/1.1" 401 -1 "" "PostmanRuntime/7.28.2"
2021-07-30 17:53:37.332 [0:0:0:0:0:0:0:1:55532] "GET /v1/banner/1 HTTP/1.1" 200 -1 "" "PostmanRuntime/7.28.2"
2021-07-30 17:53:53.178 [0:0:0:0:0:0:0:1:55532] "GET /v1/banner-item/5 HTTP/1.1" 200 -1 "" "PostmanRuntime/7.28.2"
2021-07-30 17:56:51.619 [0:0:0:0:0:0:0:1:55591] "POST /v1/banner-item HTTP/1.1" 500 54 "" "PostmanRuntime/7.28.2"
2021-07-30 17:57:01.710 [0:0:0:0:0:0:0:1:55611] "POST /v1/banner-item HTTP/1.1" 500 54 "" "PostmanRuntime/7.28.2"
2021-07-30 17:57:31.031 [0:0:0:0:0:0:0:1:55621] "POST /v1/banner-item HTTP/1.1" 400 53 "" "PostmanRuntime/7.28.2"
2021-07-30 17:57:38.464 [0:0:0:0:0:0:0:1:55626] "POST /v1/banner-item HTTP/1.1" 400 54 "" "PostmanRuntime/7.28.2"
2021-07-30 17:57:52.217 [0:0:0:0:0:0:0:1:55631] "POST /v1/banner-item HTTP/1.1" 400 56 "" "PostmanRuntime/7.28.2"
2021-07-30 17:58:16.543 [0:0:0:0:0:0:0:1:55638] "POST /v1/banner-item HTTP/1.1" 400 54 "" "PostmanRuntime/7.28.2"
2021-07-30 17:58:17.800 [0:0:0:0:0:0:0:1:55640] "POST /v1/banner-item HTTP/1.1" 400 54 "" "PostmanRuntime/7.28.2"
2021-07-30 17:58:18.464 [0:0:0:0:0:0:0:1:55642] "POST /v1/banner-item HTTP/1.1" 400 54 "" "PostmanRuntime/7.28.2"
2021-07-30 17:58:28.069 [0:0:0:0:0:0:0:1:55646] "POST /v1/banner-item HTTP/1.1" 500 55 "" "PostmanRuntime/7.28.2"
2021-07-30 17:58:53.739 [0:0:0:0:0:0:0:1:55660] "POST /v1/banner-item HTTP/1.1" 400 54 "" "PostmanRuntime/7.28.2"
2021-07-30 17:59:29.197 [0:0:0:0:0:0:0:1:55675] "POST /v1/banner-item HTTP/1.1" 400 54 "" "PostmanRuntime/7.28.2"
2021-07-30 17:59:37.135 [0:0:0:0:0:0:0:1:55678] "POST /v1/banner-item HTTP/1.1" 400 53 "" "PostmanRuntime/7.28.2"
2021-07-30 18:02:22.559 [0:0:0:0:0:0:0:1:55717] "POST /v1/banner-item HTTP/1.1" 400 53 "" "PostmanRuntime/7.28.2"
2021-07-30 18:02:27.977 [0:0:0:0:0:0:0:1:55731] "POST /v1/banner-item HTTP/1.1" 400 53 "" "PostmanRuntime/7.28.2"
2021-07-30 18:03:59.868 [0:0:0:0:0:0:0:1:55799] "POST /v1/banner-item HTTP/1.1" 400 54 "" "PostmanRuntime/7.28.2"
2021-07-30 18:04:02.294 [0:0:0:0:0:0:0:1:55802] "POST /v1/banner-item HTTP/1.1" 400 54 "" "PostmanRuntime/7.28.2"
2021-07-30 18:04:13.327 [0:0:0:0:0:0:0:1:55805] "POST /v1/banner-item HTTP/1.1" 400 54 "" "PostmanRuntime/7.28.2"
2021-07-30 18:05:50.466 [0:0:0:0:0:0:0:1:55829] "POST /v1/banner-item HTTP/1.1" 201 55 "" "PostmanRuntime/7.28.2"
2021-07-30 18:06:56.301 [0:0:0:0:0:0:0:1:55838] "POST /v1/banner-item HTTP/1.1" 400 54 "" "PostmanRuntime/7.28.2"
2021-07-30 18:07:52.467 [0:0:0:0:0:0:0:1:55852] "POST /v1/banner-item HTTP/1.1" 201 55 "" "PostmanRuntime/7.28.2"
2021-07-30 18:08:14.260 [0:0:0:0:0:0:0:1:55852] "DELETE /v1/banner-item/18 HTTP/1.1" 401 -1 "" "PostmanRuntime/7.28.2"
2021-07-30 18:08:20.011 [0:0:0:0:0:0:0:1:55852] "DELETE /v1/banner-item/18 HTTP/1.1" 201 -1 "" "PostmanRuntime/7.28.2"
2021-07-30 18:09:24.980 [0:0:0:0:0:0:0:1:55878] "DELETE /v1/banner-item/18 HTTP/1.1" 404 -1 "" "PostmanRuntime/7.28.2"
2021-07-30 18:12:48.926 [0:0:0:0:0:0:0:1:55912] "PUT /v1/banner-item/11 HTTP/1.1" 400 8 "" "PostmanRuntime/7.28.2"
2021-07-30 18:14:20.653 [0:0:0:0:0:0:0:1:55921] "PUT /v1/banner-item/19 HTTP/1.1" 201 68 "" "PostmanRuntime/7.28.2"
2021-07-30 18:14:59.537 [0:0:0:0:0:0:0:1:55921] "GET /v1/banner/1 HTTP/1.1" 200 -1 "" "PostmanRuntime/7.28.2"
2021-07-30 18:22:34.332 [0:0:0:0:0:0:0:1:56079] "GET /v1/grid-category/page HTTP/1.1" 404 -1 "" "PostmanRuntime/7.28.2"
2021-07-30 18:23:52.977 [0:0:0:0:0:0:0:1:56101] "GET /v1/grid-category/list HTTP/1.1" 404 -1 "" "PostmanRuntime/7.28.2"
2021-07-30 18:25:13.375 [0:0:0:0:0:0:0:1:56158] "GET /v1/grid-category/list HTTP/1.1" 200 -1 "" "PostmanRuntime/7.28.2"
2021-07-30 18:33:25.244 [0:0:0:0:0:0:0:1:56341] "POST /v1/grid-category HTTP/1.1" 401 8 "" "PostmanRuntime/7.28.2"
2021-07-30 18:33:30.382 [0:0:0:0:0:0:0:1:56341] "POST /v1/grid-category HTTP/1.1" 201 8 "" "PostmanRuntime/7.28.2"
2021-07-30 18:35:43.529 [0:0:0:0:0:0:0:1:56378] "POST /v1/grid-category HTTP/1.1" 201 8 "" "PostmanRuntime/7.28.2"
2021-07-30 18:47:32.429 [0:0:0:0:0:0:0:1:56777] "POST /v1/grid-category HTTP/1.1" 404 8 "" "PostmanRuntime/7.28.2"
2021-07-30 18:51:14.315 [0:0:0:0:0:0:0:1:56850] "POST /v1/grid-category HTTP/1.1" 401 8 "" "PostmanRuntime/7.28.2"
2021-07-30 18:51:20.563 [0:0:0:0:0:0:0:1:56850] "POST /cms/user/login HTTP/1.1" 200 50 "" "PostmanRuntime/7.28.2"
2021-07-30 18:51:43.877 [0:0:0:0:0:0:0:1:56850] "POST /v1/grid-category HTTP/1.1" 400 8 "" "PostmanRuntime/7.28.2"
2021-07-30 18:52:07.284 [0:0:0:0:0:0:0:1:56865] "POST /v1/grid-category HTTP/1.1" 403 54 "" "PostmanRuntime/7.28.2"
2021-07-30 19:10:57.655 [0:0:0:0:0:0:0:1:57674] "PUT /v1/grid-category/12 HTTP/1.1" 201 84 "" "PostmanRuntime/7.28.2"
2021-07-30 19:12:07.949 [0:0:0:0:0:0:0:1:57687] "PUT /v1/grid-category/12 HTTP/1.1" 400 82 "" "PostmanRuntime/7.28.2"
2021-07-30 19:12:15.879 [0:0:0:0:0:0:0:1:57692] "PUT /v1/grid-category/12 HTTP/1.1" 201 84 "" "PostmanRuntime/7.28.2"
2021-07-30 19:12:34.142 [0:0:0:0:0:0:0:1:57692] "GET /v1/grid-category/list HTTP/1.1" 401 -1 "" "PostmanRuntime/7.28.2"
2021-07-30 19:12:50.660 [0:0:0:0:0:0:0:1:57692] "GET /v1/grid-category/list HTTP/1.1" 200 -1 "" "PostmanRuntime/7.28.2"
2021-07-30 19:17:15.889 [0:0:0:0:0:0:0:1:57815] "DELETE /v1/grid-category/15 HTTP/1.1" 201 -1 "" "PostmanRuntime/7.28.2"
2021-07-30 19:25:05.975 [0:0:0:0:0:0:0:1:58045] "GET /v1/grid-category/12 HTTP/1.1" 401 -1 "" "PostmanRuntime/7.28.2"
2021-07-30 19:25:11.626 [0:0:0:0:0:0:0:1:58045] "GET /v1/grid-category/12 HTTP/1.1" 200 -1 "" "PostmanRuntime/7.28.2"
2021-07-30 19:25:16.244 [0:0:0:0:0:0:0:1:58045] "GET /v1/grid-category/list HTTP/1.1" 200 -1 "" "PostmanRuntime/7.28.2"
2021-07-30 19:42:34.897 [0:0:0:0:0:0:0:1:58509] "GET /v1/spec-key/page HTTP/1.1" 401 -1 "" "PostmanRuntime/7.28.2"
2021-07-30 19:42:41.569 [0:0:0:0:0:0:0:1:58509] "GET /v1/spec-key/page HTTP/1.1" 200 -1 "" "PostmanRuntime/7.28.2"
2021-07-30 19:51:19.344 [0:0:0:0:0:0:0:1:58610] "GET /v1/spec-key/1 HTTP/1.1" 200 -1 "" "PostmanRuntime/7.28.2"
2021-07-30 19:52:40.911 [0:0:0:0:0:0:0:1:58642] "GET /v1/spec-key/page HTTP/1.1" 404 -1 "" "PostmanRuntime/7.28.2"
2021-07-30 19:53:37.831 [0:0:0:0:0:0:0:1:58674] "GET /v1/spec-key/page HTTP/1.1" 401 -1 "" "PostmanRuntime/7.28.2"
2021-07-30 19:53:45.290 [0:0:0:0:0:0:0:1:58674] "POST /cms/user/login HTTP/1.1" 200 50 "" "PostmanRuntime/7.28.2"
2021-07-30 19:54:08.111 [0:0:0:0:0:0:0:1:58674] "GET /v1/spec-key/page HTTP/1.1" 200 -1 "" "PostmanRuntime/7.28.2"
2021-07-30 19:54:17.415 [0:0:0:0:0:0:0:1:58674] "GET /v1/spec-key/1 HTTP/1.1" 200 -1 "" "PostmanRuntime/7.28.2"
2021-07-30 19:58:17.676 [0:0:0:0:0:0:0:1:58747] "GET /v1/spec-key/list HTTP/1.1" 200 -1 "" "PostmanRuntime/7.28.2"
2021-07-30 20:28:57.410 [0:0:0:0:0:0:0:1:59522] "GET /v1/spec-key/by/spu/1 HTTP/1.1" 404 -1 "" "PostmanRuntime/7.28.2"
2021-07-30 20:29:50.088 [0:0:0:0:0:0:0:1:59522] "GET /v1/spec-key/by/spu/2 HTTP/1.1" 404 -1 "" "PostmanRuntime/7.28.2"
2021-07-30 20:30:40.409 [0:0:0:0:0:0:0:1:59522] "GET /v1/spec-key/by/spu/2 HTTP/1.1" 404 -1 "" "PostmanRuntime/7.28.2"
2021-07-30 20:33:30.507 [0:0:0:0:0:0:0:1:59580] "GET /v1/spec-key/by/spu/2 HTTP/1.1" 500 -1 "" "PostmanRuntime/7.28.2"
2021-07-30 22:00:23.330 [0:0:0:0:0:0:0:1:60667] "GET /v1/grid-category/list HTTP/1.1" 401 -1 "" "PostmanRuntime/7.28.2"
2021-07-30 22:00:34.146 [0:0:0:0:0:0:0:1:60667] "POST /cms/user/login HTTP/1.1" 200 50 "" "PostmanRuntime/7.28.2"
2021-07-30 22:00:53.739 [0:0:0:0:0:0:0:1:60667] "GET /v1/grid-category/list HTTP/1.1" 200 -1 "" "PostmanRuntime/7.28.2"
2021-07-30 22:09:42.730 [0:0:0:0:0:0:0:1:60990] "GET /v1/theme/page HTTP/1.1" 404 -1 "" "PostmanRuntime/7.28.2"
2021-07-30 22:10:27.724 [0:0:0:0:0:0:0:1:60990] "GET /v1/theme/page HTTP/1.1" 404 -1 "" "PostmanRuntime/7.28.2"
2021-07-30 22:11:04.951 [0:0:0:0:0:0:0:1:61031] "GET /v1/theme/page HTTP/1.1" 200 -1 "" "PostmanRuntime/7.28.2"
2021-07-30 22:15:36.515 [0:0:0:0:0:0:0:1:61140] "GET /v1/theme/1 HTTP/1.1" 200 -1 "" "PostmanRuntime/7.28.2"
2021-07-30 22:49:25.709 [0:0:0:0:0:0:0:1:62029] "GET /v1/theme/1 HTTP/1.1" 200 -1 "" "PostmanRuntime/7.28.2"
2021-07-30 22:50:47.217 [0:0:0:0:0:0:0:1:62053] "POST /v1/theme/ HTTP/1.1" 400 0 "" "PostmanRuntime/7.28.2"
2021-07-30 22:50:58.357 [0:0:0:0:0:0:0:1:62057] "POST /v1/theme/ HTTP/1.1" 400 2 "" "PostmanRuntime/7.28.2"
2021-07-30 22:51:16.641 [0:0:0:0:0:0:0:1:62060] "POST /v1/theme/ HTTP/1.1" 201 59 "" "PostmanRuntime/7.28.2"
2021-07-30 22:52:23.878 [0:0:0:0:0:0:0:1:62072] "PUT /v1/theme/16 HTTP/1.1" 400 8 "" "PostmanRuntime/7.28.2"
2021-07-30 22:52:52.048 [0:0:0:0:0:0:0:1:62077] "PUT /v1/theme/16 HTTP/1.1" 201 41 "" "PostmanRuntime/7.28.2"
2021-07-30 22:53:49.182 [0:0:0:0:0:0:0:1:62077] "DELETE /v1/theme/16 HTTP/1.1" 201 -1 "" "PostmanRuntime/7.28.2"
2021-07-30 22:55:35.175 [0:0:0:0:0:0:0:1:62103] "GET /v1/theme/spus/1 HTTP/1.1" 404 -1 "" "PostmanRuntime/7.28.2"
2021-07-30 22:55:42.662 [0:0:0:0:0:0:0:1:62103] "GET /v1/theme/spus/1 HTTP/1.1" 404 -1 "" "PostmanRuntime/7.28.2"
2021-07-30 22:56:48.648 [0:0:0:0:0:0:0:1:62131] "GET /v1/theme/spus/1 HTTP/1.1" 404 -1 "" "PostmanRuntime/7.28.2"
2021-07-30 22:57:54.785 [0:0:0:0:0:0:0:1:62144] "GET /v1/theme/spus HTTP/1.1" 404 -1 "" "PostmanRuntime/7.28.2"
2021-07-30 22:59:41.857 [0:0:0:0:0:0:0:1:62179] "GET /v1/theme/spus HTTP/1.1" 404 -1 "" "PostmanRuntime/7.28.2"
2021-07-30 23:00:55.322 [0:0:0:0:0:0:0:1:62226] "GET /v1/theme/spus HTTP/1.1" 401 -1 "" "PostmanRuntime/7.28.2"
2021-07-30 23:01:05.521 [0:0:0:0:0:0:0:1:62226] "POST /cms/user/login HTTP/1.1" 200 50 "" "PostmanRuntime/7.28.2"
2021-07-30 23:01:20.504 [0:0:0:0:0:0:0:1:62226] "GET /v1/theme/spus HTTP/1.1" 200 -1 "" "PostmanRuntime/7.28.2"
2021-07-30 23:20:23.114 [0:0:0:0:0:0:0:1:62646] "GET /v1/theme/spus HTTP/1.1" 404 -1 "" "PostmanRuntime/7.28.2"
2021-07-30 23:25:19.457 [0:0:0:0:0:0:0:1:62754] "GET /v1/theme/spus HTTP/1.1" 200 -1 "" "PostmanRuntime/7.28.2"
2021-07-30 23:27:33.694 [0:0:0:0:0:0:0:1:62779] "POST /v1/theme/spu HTTP/1.1" 400 8 "" "PostmanRuntime/7.28.2"
2021-07-30 23:28:43.519 [0:0:0:0:0:0:0:1:62796] "POST /v1/theme/spu HTTP/1.1" 201 38 "" "PostmanRuntime/7.28.2"
2021-07-30 23:28:51.915 [0:0:0:0:0:0:0:1:62796] "GET /v1/theme/spus HTTP/1.1" 200 -1 "" "PostmanRuntime/7.28.2"
2021-07-30 23:39:34.390 [0:0:0:0:0:0:0:1:63064] "GET /v1/theme/spu/list HTTP/1.1" 404 -1 "" "PostmanRuntime/7.28.2"
2021-07-30 23:40:28.686 [0:0:0:0:0:0:0:1:63090] "POST /v1/theme/spu HTTP/1.1" 404 38 "" "PostmanRuntime/7.28.2"
2021-07-30 23:41:06.222 [0:0:0:0:0:0:0:1:63121] "POST /v1/theme/spu HTTP/1.1" 201 38 "" "PostmanRuntime/7.28.2"
2021-07-30 23:50:07.815 [0:0:0:0:0:0:0:1:63457] "POST /v1/theme/spu HTTP/1.1" 201 38 "" "PostmanRuntime/7.28.2"
2021-07-30 23:51:35.463 [0:0:0:0:0:0:0:1:63503] "POST /v1/theme/spu HTTP/1.1" 201 38 "" "PostmanRuntime/7.28.2"
2021-07-30 23:51:59.748 [0:0:0:0:0:0:0:1:63503] "GET /v1/theme/spu/list HTTP/1.1" 400 -1 "" "PostmanRuntime/7.28.2"
2021-07-30 23:52:06.978 [0:0:0:0:0:0:0:1:63516] "GET /v1/theme/spu/list/1 HTTP/1.1" 404 -1 "" "PostmanRuntime/7.28.2"
2021-07-30 23:52:22.157 [0:0:0:0:0:0:0:1:63516] "GET /v1/theme/spu/list HTTP/1.1" 200 -1 "" "PostmanRuntime/7.28.2"
2021-07-30 23:55:22.214 [0:0:0:0:0:0:0:1:63604] "GET /v1/theme/spu/list HTTP/1.1" 200 -1 "" "PostmanRuntime/7.28.2"
