2021-07-23 00:48:22.760 [0:0:0:0:0:0:0:1:57042] "GET /v1/test/all HTTP/1.1" 500 -1 "" "Mozilla/5.0 (Macintosh; Intel Mac OS X 10_13_6) AppleWebKit/537.36 (KHTML, like Gecko) Chrome/91.0.4472.114 Safari/537.36"
2021-07-23 00:54:23.784 [0:0:0:0:0:0:0:1:57140] "GET /v1/test/all HTTP/1.1" 200 -1 "" "Mozilla/5.0 (Macintosh; Intel Mac OS X 10_13_6) AppleWebKit/537.36 (KHTML, like Gecko) Chrome/91.0.4472.114 Safari/537.36"
2021-07-23 00:56:58.383 [0:0:0:0:0:0:0:1:57180] "GET /v1/test/all HTTP/1.1" 200 -1 "" "Mozilla/5.0 (Macintosh; Intel Mac OS X 10_13_6) AppleWebKit/537.36 (KHTML, like Gecko) Chrome/91.0.4472.114 Safari/537.36"
2021-07-23 00:57:01.556 [0:0:0:0:0:0:0:1:57180] "GET /v1/test/all HTTP/1.1" 200 -1 "" "Mozilla/5.0 (Macintosh; Intel Mac OS X 10_13_6) AppleWebKit/537.36 (KHTML, like Gecko) Chrome/91.0.4472.114 Safari/537.36"
2021-07-23 01:34:23.558 [0:0:0:0:0:0:0:1:58907] "GET /v1/test/all HTTP/1.1" 200 -1 "" "Mozilla/5.0 (Macintosh; Intel Mac OS X 10_13_6) AppleWebKit/537.36 (KHTML, like Gecko) Chrome/91.0.4472.114 Safari/537.36"
2021-07-23 02:09:46.797 [0:0:0:0:0:0:0:1:59415] "POST /v1/test/insert HTTP/1.1" 201 91 "" "PostmanRuntime/7.26.8"
2021-07-23 13:02:53.901 [0:0:0:0:0:0:0:1:61384] "GET /v1/test/add HTTP/1.1" 500 -1 "" "Mozilla/5.0 (Macintosh; Intel Mac OS X 10_13_6) AppleWebKit/537.36 (KHTML, like Gecko) Chrome/92.0.4515.107 Safari/537.36"
2021-07-23 13:02:53.986 [0:0:0:0:0:0:0:1:61385] "GET /favicon.ico HTTP/1.1" 404 -1 "http://localhost:5000/v1/test/add" "Mozilla/5.0 (Macintosh; Intel Mac OS X 10_13_6) AppleWebKit/537.36 (KHTML, like Gecko) Chrome/92.0.4515.107 Safari/537.36"
2021-07-23 13:11:28.615 [0:0:0:0:0:0:0:1:61591] "GET /v1/test/add HTTP/1.1" 500 -1 "" "Mozilla/5.0 (Macintosh; Intel Mac OS X 10_13_6) AppleWebKit/537.36 (KHTML, like Gecko) Chrome/92.0.4515.107 Safari/537.36"
2021-07-23 13:12:16.599 [0:0:0:0:0:0:0:1:61607] "GET /v1/test/add HTTP/1.1" 500 -1 "" "Mozilla/5.0 (Macintosh; Intel Mac OS X 10_13_6) AppleWebKit/537.36 (KHTML, like Gecko) Chrome/92.0.4515.107 Safari/537.36"
2021-07-23 13:16:34.033 [0:0:0:0:0:0:0:1:61715] "GET /v1/test/add HTTP/1.1" 500 -1 "" "Mozilla/5.0 (Macintosh; Intel Mac OS X 10_13_6) AppleWebKit/537.36 (KHTML, like Gecko) Chrome/92.0.4515.107 Safari/537.36"
2021-07-23 13:22:12.588 [0:0:0:0:0:0:0:1:61780] "GET /v1/test/add HTTP/1.1" 500 -1 "" "Mozilla/5.0 (Macintosh; Intel Mac OS X 10_13_6) AppleWebKit/537.36 (KHTML, like Gecko) Chrome/92.0.4515.107 Safari/537.36"
2021-07-23 13:26:44.715 [0:0:0:0:0:0:0:1:61898] "POST /v1/test/insert HTTP/1.1" 201 84 "" "PostmanRuntime/7.26.8"
2021-07-23 15:43:24.983 [0:0:0:0:0:0:0:1:65321] "GET /v1/test/insert HTTP/1.1" 200 -1 "" "PostmanRuntime/7.26.8"
2021-07-23 15:45:15.649 [0:0:0:0:0:0:0:1:65344] "GET /v1/test/insert HTTP/1.1" 200 -1 "" "PostmanRuntime/7.26.8"
2021-07-23 15:46:52.292 [0:0:0:0:0:0:0:1:65353] "GET /v1/test/all HTTP/1.1" 200 -1 "" "PostmanRuntime/7.26.8"
2021-07-23 16:46:03.881 [0:0:0:0:0:0:0:1:50904] "GET /v1/book/1 HTTP/1.1" 200 -1 "" "Mozilla/5.0 (Macintosh; Intel Mac OS X 10_13_6) AppleWebKit/537.36 (KHTML, like Gecko) Chrome/92.0.4515.107 Safari/537.36"
2021-07-23 16:46:14.249 [0:0:0:0:0:0:0:1:50904] "GET /v1/test/test1 HTTP/1.1" 200 -1 "" "Mozilla/5.0 (Macintosh; Intel Mac OS X 10_13_6) AppleWebKit/537.36 (KHTML, like Gecko) Chrome/92.0.4515.107 Safari/537.36"
2021-07-23 16:46:22.076 [0:0:0:0:0:0:0:1:50904] "GET /v1/test/test2 HTTP/1.1" 200 -1 "" "Mozilla/5.0 (Macintosh; Intel Mac OS X 10_13_6) AppleWebKit/537.36 (KHTML, like Gecko) Chrome/92.0.4515.107 Safari/537.36"
2021-07-23 16:46:26.040 [0:0:0:0:0:0:0:1:50904] "GET /v1/test/test3 HTTP/1.1" 200 -1 "" "Mozilla/5.0 (Macintosh; Intel Mac OS X 10_13_6) AppleWebKit/537.36 (KHTML, like Gecko) Chrome/92.0.4515.107 Safari/537.36"
