2021-07-31 00:09:07.108 [0:0:0:0:0:0:0:1:63920] "GET /v1/theme/page HTTP/1.1" 404 -1 "" "PostmanRuntime/7.28.2"
2021-07-31 00:10:20.524 [0:0:0:0:0:0:0:1:63951] "GET /v1/theme/page HTTP/1.1" 401 -1 "" "PostmanRuntime/7.28.2"
2021-07-31 00:10:26.035 [0:0:0:0:0:0:0:1:63951] "POST /cms/user/login HTTP/1.1" 200 50 "" "PostmanRuntime/7.28.2"
2021-07-31 00:10:36.830 [0:0:0:0:0:0:0:1:63951] "GET /v1/theme/page HTTP/1.1" 200 -1 "" "PostmanRuntime/7.28.2"
2021-07-31 00:10:56.644 [0:0:0:0:0:0:0:1:63951] "GET /v1/theme/1 HTTP/1.1" 401 -1 "" "PostmanRuntime/7.28.2"
2021-07-31 00:11:03.214 [0:0:0:0:0:0:0:1:63951] "GET /v1/theme/1 HTTP/1.1" 200 -1 "" "PostmanRuntime/7.28.2"
2021-07-31 00:11:21.279 [0:0:0:0:0:0:0:1:63951] "POST /v1/theme/ HTTP/1.1" 201 59 "" "PostmanRuntime/7.28.2"
2021-07-31 00:11:31.894 [0:0:0:0:0:0:0:1:63951] "PUT /v1/theme/16 HTTP/1.1" 404 41 "" "PostmanRuntime/7.28.2"
2021-07-31 00:12:03.606 [0:0:0:0:0:0:0:1:63951] "PUT /v1/theme/17 HTTP/1.1" 201 41 "" "PostmanRuntime/7.28.2"
2021-07-31 00:12:20.283 [0:0:0:0:0:0:0:1:63951] "DELETE /v1/theme/17 HTTP/1.1" 201 -1 "" "PostmanRuntime/7.28.2"
2021-07-31 00:12:55.106 [0:0:0:0:0:0:0:1:63951] "GET /v1/theme/spus HTTP/1.1" 200 -1 "" "PostmanRuntime/7.28.2"
2021-07-31 00:14:01.721 [0:0:0:0:0:0:0:1:63982] "GET /v1/theme/spu/list HTTP/1.1" 200 -1 "" "PostmanRuntime/7.28.2"
2021-07-31 00:15:52.330 [0:0:0:0:0:0:0:1:64000] "DELETE /v1/theme/spu/137 HTTP/1.1" 500 -1 "" "PostmanRuntime/7.28.2"
2021-07-31 00:16:30.824 [0:0:0:0:0:0:0:1:64004] "DELETE /v1/theme/spu/1 HTTP/1.1" 500 -1 "" "PostmanRuntime/7.28.2"
2021-07-31 00:19:26.868 [0:0:0:0:0:0:0:1:64122] "DELETE /v1/theme/spu/137 HTTP/1.1" 500 -1 "" "PostmanRuntime/7.28.2"
2021-07-31 00:32:42.068 [0:0:0:0:0:0:0:1:64216] "DELETE /v1/theme/spu/137 HTTP/1.1" 201 -1 "" "PostmanRuntime/7.28.2"
2021-07-31 00:40:19.921 [0:0:0:0:0:0:0:1:64378] "GET /v1/activity/page HTTP/1.1" 404 -1 "" "PostmanRuntime/7.28.2"
2021-07-31 00:41:37.158 [0:0:0:0:0:0:0:1:64414] "GET /v1/activity/page HTTP/1.1" 200 -1 "" "PostmanRuntime/7.28.2"
2021-07-31 00:49:06.867 [0:0:0:0:0:0:0:1:64572] "POST /v1/activity HTTP/1.1" 400 8 "" "PostmanRuntime/7.28.2"
2021-07-31 00:49:17.283 [0:0:0:0:0:0:0:1:64576] "POST /v1/activity HTTP/1.1" 400 231 "" "PostmanRuntime/7.28.2"
2021-07-31 00:51:20.759 [0:0:0:0:0:0:0:1:64595] "POST /v1/activity HTTP/1.1" 500 215 "" "PostmanRuntime/7.28.2"
2021-07-31 00:52:35.580 [0:0:0:0:0:0:0:1:64609] "POST /v1/activity HTTP/1.1" 500 215 "" "PostmanRuntime/7.28.2"
2021-07-31 00:52:57.390 [0:0:0:0:0:0:0:1:64615] "POST /v1/activity HTTP/1.1" 400 211 "" "PostmanRuntime/7.28.2"
2021-07-31 00:53:57.148 [0:0:0:0:0:0:0:1:64626] "POST /v1/activity HTTP/1.1" 400 176 "" "PostmanRuntime/7.28.2"
2021-07-31 00:54:08.245 [0:0:0:0:0:0:0:1:64632] "POST /v1/activity HTTP/1.1" 500 215 "" "PostmanRuntime/7.28.2"
2021-07-31 00:55:11.874 [0:0:0:0:0:0:0:1:64639] "POST /v1/activity HTTP/1.1" 500 223 "" "PostmanRuntime/7.28.2"
2021-07-31 00:55:40.473 [0:0:0:0:0:0:0:1:64645] "POST /v1/activity HTTP/1.1" 500 221 "" "PostmanRuntime/7.28.2"
2021-07-31 00:57:12.494 [0:0:0:0:0:0:0:1:64655] "POST /v1/activity HTTP/1.1" 500 221 "" "PostmanRuntime/7.28.2"
2021-07-31 01:03:16.522 [0:0:0:0:0:0:0:1:64754] "GET /v1/activity/page HTTP/1.1" 404 -1 "" "PostmanRuntime/7.28.2"
2021-07-31 01:04:53.234 [0:0:0:0:0:0:0:1:64797] "GET /v1/activity/page HTTP/1.1" 200 -1 "" "PostmanRuntime/7.28.2"
2021-07-31 01:04:58.317 [0:0:0:0:0:0:0:1:64797] "POST /v1/activity HTTP/1.1" 500 221 "" "PostmanRuntime/7.28.2"
2021-07-31 01:05:06.227 [0:0:0:0:0:0:0:1:64802] "POST /v1/activity HTTP/1.1" 400 3 "" "PostmanRuntime/7.28.2"
2021-07-31 01:08:20.361 [0:0:0:0:0:0:0:1:64965] "POST /v1/activity HTTP/1.1" 400 237 "" "PostmanRuntime/7.28.2"
2021-07-31 01:08:46.191 [0:0:0:0:0:0:0:1:64980] "POST /v1/activity HTTP/1.1" 500 243 "" "PostmanRuntime/7.28.2"
2021-07-31 01:09:03.766 [0:0:0:0:0:0:0:1:64987] "POST /v1/activity HTTP/1.1" 500 243 "" "PostmanRuntime/7.28.2"
2021-07-31 01:10:30.208 [0:0:0:0:0:0:0:1:65030] "POST /v1/activity HTTP/1.1" 401 243 "" "PostmanRuntime/7.28.2"
2021-07-31 01:10:38.054 [0:0:0:0:0:0:0:1:65030] "POST /cms/user/login HTTP/1.1" 200 50 "" "PostmanRuntime/7.28.2"
2021-07-31 01:10:53.710 [0:0:0:0:0:0:0:1:65030] "POST /v1/activity HTTP/1.1" 500 243 "" "PostmanRuntime/7.28.2"
2021-07-31 01:34:59.098 [0:0:0:0:0:0:0:1:49377] "PUT /v1/activity/2 HTTP/1.1" 400 0 "" "PostmanRuntime/7.28.2"
2021-07-31 01:35:09.519 [0:0:0:0:0:0:0:1:49383] "PUT /v1/activity/2 HTTP/1.1" 400 8 "" "PostmanRuntime/7.28.2"
2021-07-31 01:36:06.448 [0:0:0:0:0:0:0:1:49391] "GET /v1/activity/2/detail HTTP/1.1" 200 -1 "" "PostmanRuntime/7.28.2"
2021-07-31 01:37:23.360 [0:0:0:0:0:0:0:1:49436] "GET /v1/activity/2/detail HTTP/1.1" 200 -1 "" "PostmanRuntime/7.28.2"
2021-07-31 01:41:40.966 [0:0:0:0:0:0:0:1:49527] "GET //v1/coupon/page HTTP/1.1" 404 -1 "" "PostmanRuntime/7.28.2"
2021-07-31 01:41:54.008 [0:0:0:0:0:0:0:1:49527] "GET /v1/coupon/page HTTP/1.1" 404 -1 "" "PostmanRuntime/7.28.2"
2021-07-31 01:42:32.150 [0:0:0:0:0:0:0:1:49557] "GET /v1/coupon/page HTTP/1.1" 401 -1 "" "PostmanRuntime/7.28.2"
2021-07-31 01:42:45.398 [0:0:0:0:0:0:0:1:49557] "GET /v1/coupon/page HTTP/1.1" 200 -1 "" "PostmanRuntime/7.28.2"
2021-07-31 02:01:17.525 [0:0:0:0:0:0:0:1:49907] "GET /v1/coupon/page HTTP/1.1" 200 -1 "" "PostmanRuntime/7.28.2"
2021-07-31 02:22:33.538 [0:0:0:0:0:0:0:1:50507] "GET /v1/coupon/list HTTP/1.1" 404 -1 "" "PostmanRuntime/7.28.2"
2021-07-31 02:23:03.645 [0:0:0:0:0:0:0:1:50507] "GET /v1/coupon/list HTTP/1.1" 404 -1 "" "PostmanRuntime/7.28.2"
2021-07-31 02:30:28.304 [0:0:0:0:0:0:0:1:50628] "GET /v1/coupon/list HTTP/1.1" 401 -1 "" "PostmanRuntime/7.28.2"
2021-07-31 02:30:35.802 [0:0:0:0:0:0:0:1:50628] "POST /cms/user/login HTTP/1.1" 200 50 "" "PostmanRuntime/7.28.2"
2021-07-31 02:30:46.910 [0:0:0:0:0:0:0:1:50628] "GET /v1/coupon/list HTTP/1.1" 200 -1 "" "PostmanRuntime/7.28.2"
2021-07-31 02:39:32.425 [0:0:0:0:0:0:0:1:50857] "GET /v1/coupon/templates HTTP/1.1" 200 -1 "" "PostmanRuntime/7.28.2"
2021-07-31 02:45:58.732 [0:0:0:0:0:0:0:1:51009] "POST /v1/coupon/templates HTTP/1.1" 400 8 "" "PostmanRuntime/7.28.2"
2021-07-31 02:46:26.385 [0:0:0:0:0:0:0:1:51020] "POST /v1/coupon/template HTTP/1.1" 400 8 "" "PostmanRuntime/7.28.2"
2021-07-31 02:46:35.386 [0:0:0:0:0:0:0:1:51022] "POST /v1/coupon/template HTTP/1.1" 500 31 "" "PostmanRuntime/7.28.2"
2021-07-31 02:47:44.134 [0:0:0:0:0:0:0:1:51031] "POST /v1/coupon/template HTTP/1.1" 400 45 "" "PostmanRuntime/7.28.2"
2021-07-31 02:48:40.650 [0:0:0:0:0:0:0:1:51043] "POST /v1/coupon/template HTTP/1.1" 500 26 "" "PostmanRuntime/7.28.2"
2021-07-31 02:58:21.131 [0:0:0:0:0:0:0:1:51250] "POST /v1/coupon/template HTTP/1.1" 404 26 "" "PostmanRuntime/7.28.2"
2021-07-31 02:59:31.417 [0:0:0:0:0:0:0:1:51298] "GET /v1/coupon/template/3 HTTP/1.1" 200 -1 "" "PostmanRuntime/7.28.2"
2021-07-31 03:09:35.070 [0:0:0:0:0:0:0:1:51462] "GET /v1/spec-key/page HTTP/1.1" 200 -1 "" "PostmanRuntime/7.28.2"
2021-07-31 15:32:56.972 [0:0:0:0:0:0:0:1:56509] "GET /v1/spu/page HTTP/1.1" 401 -1 "" "PostmanRuntime/7.28.2"
2021-07-31 15:33:02.215 [0:0:0:0:0:0:0:1:56509] "POST /cms/user/login HTTP/1.1" 200 50 "" "PostmanRuntime/7.28.2"
2021-07-31 15:33:13.129 [0:0:0:0:0:0:0:1:56509] "GET /v1/spu/page HTTP/1.1" 200 -1 "" "PostmanRuntime/7.28.2"
2021-07-31 15:33:38.887 [0:0:0:0:0:0:0:1:56509] "GET /v1/spu/list HTTP/1.1" 200 -1 "" "PostmanRuntime/7.28.2"
2021-07-31 15:35:49.120 [0:0:0:0:0:0:0:1:56537] "POST /v1/spu/ HTTP/1.1" 400 2 "" "PostmanRuntime/7.28.2"
2021-07-31 15:36:22.358 [0:0:0:0:0:0:0:1:56547] "POST /v1/spu/ HTTP/1.1" 400 112 "" "PostmanRuntime/7.28.2"
2021-07-31 16:09:06.313 [0:0:0:0:0:0:0:1:57058] "GET /v1/sku/page HTTP/1.1" 500 -1 "" "PostmanRuntime/7.28.2"
2021-07-31 16:11:47.808 [0:0:0:0:0:0:0:1:57096] "GET /v1/sku/page HTTP/1.1" 200 -1 "" "PostmanRuntime/7.28.2"
2021-07-31 16:15:51.561 [0:0:0:0:0:0:0:1:57175] "GET /v1/sku/spec-value-id HTTP/1.1" 200 -1 "" "PostmanRuntime/7.28.2"
2021-07-31 16:50:55.304 [0:0:0:0:0:0:0:1:64553] "GET /v1/sku/spec-value-id HTTP/1.1" 401 -1 "" "PostmanRuntime/7.28.2"
2021-07-31 16:51:01.573 [0:0:0:0:0:0:0:1:64553] "POST /cms/user/login HTTP/1.1" 200 50 "" "PostmanRuntime/7.28.2"
2021-07-31 16:51:53.932 [0:0:0:0:0:0:0:1:64553] "GET /v1/sku/spec-value-id HTTP/1.1" 401 -1 "" "PostmanRuntime/7.28.2"
2021-07-31 16:52:04.688 [0:0:0:0:0:0:0:1:64553] "POST /cms/user/login HTTP/1.1" 200 50 "" "PostmanRuntime/7.28.2"
2021-07-31 16:52:19.477 [0:0:0:0:0:0:0:1:64553] "GET /v1/sku/spec-value-id HTTP/1.1" 200 -1 "" "PostmanRuntime/7.28.2"
2021-07-31 16:53:42.647 [0:0:0:0:0:0:0:1:65246] "GET /v1/sku/page HTTP/1.1" 200 -1 "" "PostmanRuntime/7.28.2"
2021-07-31 16:54:49.008 [0:0:0:0:0:0:0:1:65523] "GET /v1/sku/by/spu/2 HTTP/1.1" 200 -1 "" "PostmanRuntime/7.28.2"
